           0             1             1    1.49710939743649447E-023    1.22886972764951818E-024
           1             1             1    5.23152997155164096E-024    8.60467418458517831E-025 1   2           3           4           5           6           7           8
           2             1             1    9.49587979390075580E-024    8.38705894627867617E-025 1   2           3           4           5           6           8           7
           3             1             1    3.36467182285841764E-025    2.25948507876415027E-025 1   2           3           4           5           7           6           8
           4             1             1    5.26019958349780331E-026    3.16274285347192866E-026 1   2           3           4           5           7           8           6
           5             1             1     0.0000000000000000          0.0000000000000000      1   2           3           4           5           8           6           7
           6             1             1     0.0000000000000000          0.0000000000000000      1   2           3           4           5           8           7           6
           7             1             1     0.0000000000000000          0.0000000000000000      1   2           6           4           5           3           7           8
           8             1             1     0.0000000000000000          0.0000000000000000      1   2           6           4           5           3           8           7
           9             1             1     0.0000000000000000          0.0000000000000000      1   2           6           4           5           7           3           8
          10             1             1     0.0000000000000000          0.0000000000000000      1   2           6           4           5           7           8           3
          11             1             1     0.0000000000000000          0.0000000000000000      1   2           6           4           5           8           3           7
          12             1             1     0.0000000000000000          0.0000000000000000      1   2           6           4           5           8           7           3
          13             1             1     0.0000000000000000          0.0000000000000000      1   2           7           4           5           3           6           8
          14             1             1     0.0000000000000000          0.0000000000000000      1   2           7           4           5           3           8           6
          15             1             1     0.0000000000000000          0.0000000000000000      1   2           7           4           5           6           3           8
          16             1             1     0.0000000000000000          0.0000000000000000      1   2           7           4           5           6           8           3
          17             1             1     0.0000000000000000          0.0000000000000000      1   2           7           4           5           8           3           6
          18             1             1     0.0000000000000000          0.0000000000000000      1   2           7           4           5           8           6           3
          19             1             1     0.0000000000000000          0.0000000000000000      1   2           8           4           5           3           6           7
          20             1             1     0.0000000000000000          0.0000000000000000      1   2           8           4           5           3           7           6
          21             1             1     0.0000000000000000          0.0000000000000000      1   2           8           4           5           6           3           7
          22             1             1     0.0000000000000000          0.0000000000000000      1   2           8           4           5           6           7           3
          23             1             1     0.0000000000000000          0.0000000000000000      1   2           8           4           5           7           3           6
          24             1             1     0.0000000000000000          0.0000000000000000      1   2           8           4           5           7           6           3
           0             2             1    1.39322105179573292E-023    3.11446148041090603E-024
           1             2             1    2.78088176601677552E-024    4.92377883965510093E-025 1   2           3           4           5           6           7           8
           2             2             1    6.29078047375835234E-024    4.00627830019120429E-025 1   2           3           4           5           6           8           7
           3             2             1    7.42119251862359171E-026    3.07000653344575114E-026 1   2           3           4           5           7           6           8
           4             2             1    2.41853644987174308E-024    1.55642792568573854E-024 1   2           3           4           5           7           8           6
           5             2             1     0.0000000000000000          0.0000000000000000      1   2           3           4           5           8           6           7
           6             2             1     0.0000000000000000          0.0000000000000000      1   2           3           4           5           8           7           6
           7             2             1     0.0000000000000000          0.0000000000000000      1   2           6           4           5           3           7           8
           8             2             1     0.0000000000000000          0.0000000000000000      1   2           6           4           5           3           8           7
           9             2             1     0.0000000000000000          0.0000000000000000      1   2           6           4           5           7           3           8
          10             2             1     0.0000000000000000          0.0000000000000000      1   2           6           4           5           7           8           3
          11             2             1     0.0000000000000000          0.0000000000000000      1   2           6           4           5           8           3           7
          12             2             1     0.0000000000000000          0.0000000000000000      1   2           6           4           5           8           7           3
          13             2             1     0.0000000000000000          0.0000000000000000      1   2           7           4           5           3           6           8
          14             2             1     0.0000000000000000          0.0000000000000000      1   2           7           4           5           3           8           6
          15             2             1     0.0000000000000000          0.0000000000000000      1   2           7           4           5           6           3           8
          16             2             1     0.0000000000000000          0.0000000000000000      1   2           7           4           5           6           8           3
          17             2             1     0.0000000000000000          0.0000000000000000      1   2           7           4           5           8           3           6
          18             2             1     0.0000000000000000          0.0000000000000000      1   2           7           4           5           8           6           3
          19             2             1     0.0000000000000000          0.0000000000000000      1   2           8           4           5           3           6           7
          20             2             1     0.0000000000000000          0.0000000000000000      1   2           8           4           5           3           7           6
          21             2             1     0.0000000000000000          0.0000000000000000      1   2           8           4           5           6           3           7
          22             2             1     0.0000000000000000          0.0000000000000000      1   2           8           4           5           6           7           3
