           0             1             1    2.50484004914533493E-044    2.75435876078371841E-045
           1             1             1     0.0000000000000000          0.0000000000000000      1   2           3           4           5           6           7           8
           2             1             1     0.0000000000000000          0.0000000000000000      1   2           3           4           5           6           8           7
           3             1             1     0.0000000000000000          0.0000000000000000      1   2           3           4           5           7           6           8
           4             1             1     0.0000000000000000          0.0000000000000000      1   2           3           4           5           7           8           6
           5             1             1    1.23705943589583704E-100    1.18066459958970721E-100 1   2           3           4           5           8           6           7
           6             1             1    3.97280443629165459E-101    2.45220845302441481E-101 1   2           3           4           5           8           7           6
           7             1             1     0.0000000000000000          0.0000000000000000      1   2           6           4           5           3           7           8
           8             1             1     0.0000000000000000          0.0000000000000000      1   2           6           4           5           3           8           7
           9             1             1     0.0000000000000000          0.0000000000000000      1   2           6           4           5           7           3           8
          10             1             1     0.0000000000000000          0.0000000000000000      1   2           6           4           5           7           8           3
          11             1             1     0.0000000000000000          0.0000000000000000      1   2           6           4           5           8           3           7
          12             1             1     0.0000000000000000          0.0000000000000000      1   2           6           4           5           8           7           3
          13             1             1    1.99119311716292426E-044    2.40920942738511746E-045 1   2           7           4           5           3           6           8
          14             1             1    1.20717255048553605E-045    2.70482113669619300E-046 1   2           7           4           5           3           8           6
          15             1             1    2.57340937685188813E-045    7.54294929596482905E-046 1   2           7           4           5           6           3           8
          16             1             1    3.87507280197681422E-047    9.88638761904657342E-048 1   2           7           4           5           6           8           3
          17             1             1    9.66700214926958854E-089    6.73285314725843700E-089 1   2           7           4           5           8           3           6
          18             1             1    3.27680780634006720E-089    3.27552191926736588E-089 1   2           7           4           5           8           6           3
          19             1             1    1.65686672848194002E-100    1.17709378608771058E-100 1   2           8           4           5           3           6           7
          20             1             1    1.09926490756732812E-102    7.73792751002174563E-103 1   2           8           4           5           3           7           6
          21             1             1     0.0000000000000000          0.0000000000000000      1   2           8           4           5           6           3           7
          22             1             1     0.0000000000000000          0.0000000000000000      1   2           8           4           5           6           7           3
          23             1             1    2.86200211994334379E-107    1.93095445871991575E-107 1   2           8           4           5           7           3           6
          24             1             1     0.0000000000000000          0.0000000000000000      1   2           8           4           5           7           6           3
           0             2             1     0.0000000000000000          0.0000000000000000     
           1             2             1     0.0000000000000000          0.0000000000000000      1   2           3           4           5           6           7           8
           2             2             1     0.0000000000000000          0.0000000000000000      1   2           3           4           5           6           8           7
           3             2             1     0.0000000000000000          0.0000000000000000      1   2           3           4           5           7           6           8
           4             2             1     0.0000000000000000          0.0000000000000000      1   2           3           4           5           7           8           6
           5             2             1     0.0000000000000000          0.0000000000000000      1   2           3           4           5           8           6           7
           6             2             1     0.0000000000000000          0.0000000000000000      1   2           3           4           5           8           7           6
           7             2             1     0.0000000000000000          0.0000000000000000      1   2           6           4           5           3           7           8
           8             2             1     0.0000000000000000          0.0000000000000000      1   2           6           4           5           3           8           7
           9             2             1     0.0000000000000000          0.0000000000000000      1   2           6           4           5           7           3           8
          10             2             1     0.0000000000000000          0.0000000000000000      1   2           6           4           5           7           8           3
          11             2             1     0.0000000000000000          0.0000000000000000      1   2           6           4           5           8           3           7
          12             2             1     0.0000000000000000          0.0000000000000000      1   2           6           4           5           8           7           3
          13             2             1     0.0000000000000000          0.0000000000000000      1   2           7           4           5           3           6           8
          14             2             1     0.0000000000000000          0.0000000000000000      1   2           7           4           5           3           8           6
          15             2             1     0.0000000000000000          0.0000000000000000      1   2           7           4           5           6           3           8
          16             2             1     0.0000000000000000          0.0000000000000000      1   2           7           4           5           6           8           3
          17             2             1     0.0000000000000000          0.0000000000000000      1   2           7           4           5           8           3           6
          18             2             1     0.0000000000000000          0.0000000000000000      1   2           7           4           5           8           6           3
          19             2             1     0.0000000000000000          0.0000000000000000      1   2           8           4           5           3           6           7
          20             2             1     0.0000000000000000          0.0000000000000000      1   2           8           4           5           3           7           6
          21             2             1     0.0000000000000000          0.0000000000000000      1   2           8           4           5           6           3           7
          22             2             1     0.0000000000000000          0.0000000000000000      1   2           8           4           5           6           7           3
