# This file was automatically created by FeynRules 1.6.11
# Mathematica version: 9.0 for Linux x86 (64-bit) (February 7, 2013)
# Date: Thu 22 Aug 2013 11:26:55


# 
# This is the logfile for the model Anomalous Couplings Dim4 Wtb component only

# Authors: A.Olbrechts, Karen De Causmaecker, Priscila Aquino
# Model version: 1.1
# Checking the Quantum numbers
   * Electric charge defined.
# Checking the Lagrangians
   * All Lagrangians are ok.
#
# Particle definitions
#

   * No particles removed. All particles correspond to GenInt setup.

# Automatically assigned PDG numbers
   * Assigned PDG number 9000001 to particle ghA
   * Assigned PDG number 9000002 to particle ghZ
   * Assigned PDG number 9000003 to particle ghWp
   * Assigned PDG number 9000004 to particle ghWm
   * Assigned PDG number 9000005 to particle ghG


# Compulsory PDG codes:
   * Class SM leptons complete.
   * Class SM neutrinos complete.
   * Class SM quarks complete.
   * Class SM gauge bosons complete.
#
# Parameter definitions
#

   * Parameter CouplingW has no value. Default value 1 assigned.
   * Parameter g1 has no value. Default value 1 assigned.
   * Parameter gw has no value. Default value 1 assigned.


# Vertices
   * Calling FeynmanRules for 6 Lagrangians.
   * Number of classes vertices: 33
   * Number of flavored vertices: 63
   * Saved vertices in InterfaceRun[ 1 ].
   * Checked QNumber conservation.
      - Quantum number GhostNumber conserved in all vertices.
      - Quantum number LeptonNumber conserved in all vertices.
      - Quantum number Q conserved in all vertices.
      - Quantum number Y conserved in all vertices.
   * particles.py written.
   * parameters.py written.
#
# Vertex definitions
#

   * 63 vertices written.
   * vertices.py written.
#
# Lorentz structure definitions
#

   * 20 lorentz structures written.
   * lorentz.py written.
#
# Coupling definitions
#

   * 45 couplings written.
   * couplings.py written.
#
# Coupling order definitions
#

   * 0 couplings orders written.
   * coupling_orders.py written.
