           0             1             1    4.34331679337315771E-022    8.17399125594733361E-023
           1             1             1    1.50455804217646914E-022    1.88651723507089878E-023 1   2           3           4           5           6           7           8
           2             1             1    2.70108715668805096E-022    7.16260257507544011E-023 1   2           3           4           5           6           8           7
           3             1             1     0.0000000000000000          0.0000000000000000      1   2           3           4           5           7           6           8
           4             1             1     0.0000000000000000          0.0000000000000000      1   2           3           4           5           7           8           6
           5             1             1    2.03015237650909881E-025    1.87840240995805043E-025 1   2           3           4           5           8           6           7
           6             1             1    7.42932938558176472E-025    4.12264487401024179E-025 1   2           3           4           5           8           7           6
           7             1             1     0.0000000000000000          0.0000000000000000      1   2           6           4           5           3           7           8
           8             1             1     0.0000000000000000          0.0000000000000000      1   2           6           4           5           3           8           7
           9             1             1     0.0000000000000000          0.0000000000000000      1   2           6           4           5           7           3           8
          10             1             1     0.0000000000000000          0.0000000000000000      1   2           6           4           5           7           8           3
          11             1             1     0.0000000000000000          0.0000000000000000      1   2           6           4           5           8           3           7
          12             1             1     0.0000000000000000          0.0000000000000000      1   2           6           4           5           8           7           3
          13             1             1     0.0000000000000000          0.0000000000000000      1   2           7           4           5           3           6           8
          14             1             1     0.0000000000000000          0.0000000000000000      1   2           7           4           5           3           8           6
          15             1             1     0.0000000000000000          0.0000000000000000      1   2           7           4           5           6           3           8
          16             1             1     0.0000000000000000          0.0000000000000000      1   2           7           4           5           6           8           3
          17             1             1     0.0000000000000000          0.0000000000000000      1   2           7           4           5           8           3           6
          18             1             1     0.0000000000000000          0.0000000000000000      1   2           7           4           5           8           6           3
          19             1             1     0.0000000000000000          0.0000000000000000      1   2           8           4           5           3           6           7
          20             1             1     0.0000000000000000          0.0000000000000000      1   2           8           4           5           3           7           6
          21             1             1     0.0000000000000000          0.0000000000000000      1   2           8           4           5           6           3           7
          22             1             1     0.0000000000000000          0.0000000000000000      1   2           8           4           5           6           7           3
          23             1             1     0.0000000000000000          0.0000000000000000      1   2           8           4           5           7           3           6
          24             1             1     0.0000000000000000          0.0000000000000000      1   2           8           4           5           7           6           3
           0             2             1    3.68288094243865697E-022    5.79218027760214878E-023
           1             2             1    2.17564812977681586E-022    4.31476006689633366E-023 1   2           3           4           5           6           7           8
           2             2             1    1.19251676772457801E-022    1.94764229189800097E-023 1   2           3           4           5           6           8           7
           3             2             1     0.0000000000000000          0.0000000000000000      1   2           3           4           5           7           6           8
           4             2             1     0.0000000000000000          0.0000000000000000      1   2           3           4           5           7           8           6
           5             2             1    2.00964272737081712E-027    1.35900160803335583E-027 1   2           3           4           5           8           6           7
           6             2             1    2.13226680096536971E-023    1.41537732021387963E-023 1   2           3           4           5           8           7           6
           7             2             1     0.0000000000000000          0.0000000000000000      1   2           6           4           5           3           7           8
           8             2             1     0.0000000000000000          0.0000000000000000      1   2           6           4           5           3           8           7
           9             2             1     0.0000000000000000          0.0000000000000000      1   2           6           4           5           7           3           8
          10             2             1     0.0000000000000000          0.0000000000000000      1   2           6           4           5           7           8           3
          11             2             1     0.0000000000000000          0.0000000000000000      1   2           6           4           5           8           3           7
          12             2             1     0.0000000000000000          0.0000000000000000      1   2           6           4           5           8           7           3
          13             2             1     0.0000000000000000          0.0000000000000000      1   2           7           4           5           3           6           8
          14             2             1     0.0000000000000000          0.0000000000000000      1   2           7           4           5           3           8           6
          15             2             1     0.0000000000000000          0.0000000000000000      1   2           7           4           5           6           3           8
          16             2             1     0.0000000000000000          0.0000000000000000      1   2           7           4           5           6           8           3
          17             2             1     0.0000000000000000          0.0000000000000000      1   2           7           4           5           8           3           6
          18             2             1     0.0000000000000000          0.0000000000000000      1   2           7           4           5           8           6           3
          19             2             1     0.0000000000000000          0.0000000000000000      1   2           8           4           5           3           6           7
          20             2             1     0.0000000000000000          0.0000000000000000      1   2           8           4           5           3           7           6
          21             2             1     0.0000000000000000          0.0000000000000000      1   2           8           4           5           6           3           7
          22             2             1     0.0000000000000000          0.0000000000000000      1   2           8           4           5           6           7           3
