           0             1             1     0.0000000000000000          0.0000000000000000     
           1             1             1     0.0000000000000000          0.0000000000000000      1   2           3           4           5           6           7           8
           2             1             1     0.0000000000000000          0.0000000000000000      1   2           3           4           5           6           8           7
           3             1             1     0.0000000000000000          0.0000000000000000      1   2           3           4           5           7           6           8
           4             1             1     0.0000000000000000          0.0000000000000000      1   2           3           4           5           7           8           6
           5             1             1     0.0000000000000000          0.0000000000000000      1   2           3           4           5           8           6           7
           6             1             1     0.0000000000000000          0.0000000000000000      1   2           3           4           5           8           7           6
           7             1             1     0.0000000000000000          0.0000000000000000      1   2           6           4           5           3           7           8
           8             1             1     0.0000000000000000          0.0000000000000000      1   2           6           4           5           3           8           7
           9             1             1     0.0000000000000000          0.0000000000000000      1   2           6           4           5           7           3           8
          10             1             1     0.0000000000000000          0.0000000000000000      1   2           6           4           5           7           8           3
          11             1             1     0.0000000000000000          0.0000000000000000      1   2           6           4           5           8           3           7
          12             1             1     0.0000000000000000          0.0000000000000000      1   2           6           4           5           8           7           3
          13             1             1     0.0000000000000000          0.0000000000000000      1   2           7           4           5           3           6           8
          14             1             1     0.0000000000000000          0.0000000000000000      1   2           7           4           5           3           8           6
          15             1             1     0.0000000000000000          0.0000000000000000      1   2           7           4           5           6           3           8
          16             1             1     0.0000000000000000          0.0000000000000000      1   2           7           4           5           6           8           3
          17             1             1     0.0000000000000000          0.0000000000000000      1   2           7           4           5           8           3           6
          18             1             1     0.0000000000000000          0.0000000000000000      1   2           7           4           5           8           6           3
          19             1             1     0.0000000000000000          0.0000000000000000      1   2           8           4           5           3           6           7
          20             1             1     0.0000000000000000          0.0000000000000000      1   2           8           4           5           3           7           6
          21             1             1     0.0000000000000000          0.0000000000000000      1   2           8           4           5           6           3           7
          22             1             1     0.0000000000000000          0.0000000000000000      1   2           8           4           5           6           7           3
          23             1             1     0.0000000000000000          0.0000000000000000      1   2           8           4           5           7           3           6
          24             1             1     0.0000000000000000          0.0000000000000000      1   2           8           4           5           7           6           3
           0             2             1     0.0000000000000000          0.0000000000000000     
           1             2             1     0.0000000000000000          0.0000000000000000      1   2           3           4           5           6           7           8
           2             2             1     0.0000000000000000          0.0000000000000000      1   2           3           4           5           6           8           7
           3             2             1     0.0000000000000000          0.0000000000000000      1   2           3           4           5           7           6           8
           4             2             1     0.0000000000000000          0.0000000000000000      1   2           3           4           5           7           8           6
           5             2             1     0.0000000000000000          0.0000000000000000      1   2           3           4           5           8           6           7
           6             2             1     0.0000000000000000          0.0000000000000000      1   2           3           4           5           8           7           6
           7             2             1     0.0000000000000000          0.0000000000000000      1   2           6           4           5           3           7           8
           8             2             1     0.0000000000000000          0.0000000000000000      1   2           6           4           5           3           8           7
           9             2             1     0.0000000000000000          0.0000000000000000      1   2           6           4           5           7           3           8
          10             2             1     0.0000000000000000          0.0000000000000000      1   2           6           4           5           7           8           3
          11             2             1     0.0000000000000000          0.0000000000000000      1   2           6           4           5           8           3           7
          12             2             1     0.0000000000000000          0.0000000000000000      1   2           6           4           5           8           7           3
          13             2             1     0.0000000000000000          0.0000000000000000      1   2           7           4           5           3           6           8
          14             2             1     0.0000000000000000          0.0000000000000000      1   2           7           4           5           3           8           6
          15             2             1     0.0000000000000000          0.0000000000000000      1   2           7           4           5           6           3           8
          16             2             1     0.0000000000000000          0.0000000000000000      1   2           7           4           5           6           8           3
          17             2             1     0.0000000000000000          0.0000000000000000      1   2           7           4           5           8           3           6
          18             2             1     0.0000000000000000          0.0000000000000000      1   2           7           4           5           8           6           3
          19             2             1     0.0000000000000000          0.0000000000000000      1   2           8           4           5           3           6           7
          20             2             1     0.0000000000000000          0.0000000000000000      1   2           8           4           5           3           7           6
          21             2             1     0.0000000000000000          0.0000000000000000      1   2           8           4           5           6           3           7
          22             2             1     0.0000000000000000          0.0000000000000000      1   2           8           4           5           6           7           3
          23             2             1     0.0000000000000000          0.0000000000000000      1   2           8           4           5           7           3           6
          24             2             1     0.0000000000000000          0.0000000000000000      1   2           8           4           5           7           6           3
