[?1034hNo module named madgraph.madweight.Cards
************************************************************
*                                                          *
*           W E L C O M E  to  M A D G R A P H  5          *
*                      M A D W E I G H T                   *
*                                                          *
*                 *                       *                *
*                   *        * *        *                  *
*                     * * * * 5 * * * *                    *
*                   *        * *        *                  *
*                 *                       *                *
*                                                          *
*         VERSION 5.2.1.0.beta                             *
*                                                          *
*    The MadGraph Development Team - Please visit us at    *
*    https://server06.fynu.ucl.ac.be/projects/madgraph     *
*                                                          *
*               Type 'help' for in-line help.              *
*                                                          *
************************************************************
INFO: load configuration from /grid_mnt/storage__localgrid/aolbrech/madweight_amcnlo/ttbarSemiMuPlus_QED2_SLC6/Cards/me5_configuration.txt  
INFO: load configuration from /grid_mnt/storage__localgrid/aolbrech/madweight_amcnlo/input/mg5_configuration.txt  
INFO: load configuration from /grid_mnt/storage__localgrid/aolbrech/madweight_amcnlo/ttbarSemiMuPlus_QED2_SLC6/Cards/me5_configuration.txt  
No valid eps viewer found. Please set in ./input/mg5_configuration.txt
No valid web browser found. Please set in ./input/mg5_configuration.txt
submit_jobs
INFO:  Idle: 600,  Running: 400,  Completed: 0 [  0.28s  ] 
INFO:  Idle: 600,  Running: 400,  Completed: 0 [  30.6s  ] 
INFO:  Idle: 600,  Running: 400,  Completed: 0 [  1m 0s  ] 
INFO:  Idle: 600,  Running: 400,  Completed: 0 [  1m 31s  ] 
INFO:  Idle: 600,  Running: 400,  Completed: 0 [  2m 1s  ] 
INFO: Start to wait 600s between checking status.
Note that you can change this time in the configuration file.
Press ctrl-C to force the update. 
INFO:  Idle: 600,  Running: 400,  Completed: 0 [  12m 1s  ] 
INFO:  Idle: 600,  Running: 400,  Completed: 0 [  22m 13s  ] 
INFO:  Idle: 600,  Running: 400,  Completed: 0 [  32m 24s  ] 
INFO:  Idle: 600,  Running: 400,  Completed: 0 [  42m 25s  ] 
INFO:  Idle: 600,  Running: 400,  Completed: 0 [  52m 25s  ] 
INFO:  Idle: 600,  Running: 400,  Completed: 0 [  1h 2m  ] 
INFO:  Idle: 600,  Running: 400,  Completed: 0 [  1h 12m  ] 
INFO:  Idle: 600,  Running: 400,  Completed: 0 [  1h 22m  ] 
INFO:  Idle: 600,  Running: 400,  Completed: 0 [  1h 32m  ] 
INFO:  Idle: 599,  Running: 400,  Completed: 1 [  1h 43m  ] 
INFO:  Idle: 594,  Running: 399,  Completed: 7 [  1h 53m  ] 
INFO:  Idle: 581,  Running: 400,  Completed: 19 [  2h 3m  ] 
INFO:  Idle: 560,  Running: 400,  Completed: 40 [  2h 13m  ] 
INFO:  Idle: 519,  Running: 400,  Completed: 81 [  2h 23m  ] 
INFO:  Idle: 456,  Running: 400,  Completed: 144 [  2h 33m  ] 
INFO:  Idle: 392,  Running: 399,  Completed: 209 [  2h 43m  ] 
INFO:  Idle: 389,  Running: 400,  Completed: 211 [  2h 43m  ] 
INFO:  Idle: 389,  Running: 400,  Completed: 211 [  2h 44m  ] 
INFO:  Idle: 388,  Running: 400,  Completed: 212 [  2h 44m  ] 
INFO:  Idle: 385,  Running: 400,  Completed: 215 [  2h 45m  ] 
INFO:  Idle: 382,  Running: 400,  Completed: 218 [  2h 45m  ] 
INFO:  Idle: 381,  Running: 398,  Completed: 221 [  2h 46m  ] 
INFO:  Idle: 376,  Running: 400,  Completed: 224 [  2h 46m  ] 
INFO:  Idle: 373,  Running: 400,  Completed: 227 [  2h 47m  ] 
INFO:  Idle: 372,  Running: 400,  Completed: 228 [  2h 47m  ] 
INFO:  Idle: 369,  Running: 398,  Completed: 233 [  2h 48m  ] 
INFO:  Idle: 366,  Running: 400,  Completed: 234 [  2h 48m  ] 
INFO:  Idle: 363,  Running: 399,  Completed: 238 [  2h 49m  ] 
INFO:  Idle: 361,  Running: 400,  Completed: 239 [  2h 49m  ] 
INFO:  Idle: 361,  Running: 400,  Completed: 239 [  2h 50m  ] 
INFO:  Idle: 359,  Running: 400,  Completed: 241 [  2h 50m  ] 
INFO:  Idle: 353,  Running: 400,  Completed: 247 [  2h 51m  ] 
INFO:  Idle: 353,  Running: 400,  Completed: 247 [  2h 51m  ] 
INFO:  Idle: 347,  Running: 400,  Completed: 253 [  2h 52m  ] 
INFO:  Idle: 343,  Running: 400,  Completed: 257 [  2h 52m  ] 
INFO:  Idle: 339,  Running: 400,  Completed: 261 [  2h 53m  ] 
INFO:  Idle: 337,  Running: 400,  Completed: 263 [  2h 53m  ] 
INFO:  Idle: 336,  Running: 400,  Completed: 264 [  2h 54m  ] 
INFO:  Idle: 334,  Running: 399,  Completed: 267 [  2h 54m  ] 
INFO:  Idle: 331,  Running: 400,  Completed: 269 [  2h 55m  ] 
INFO:  Idle: 329,  Running: 400,  Completed: 271 [  2h 55m  ] 
INFO:  Idle: 329,  Running: 400,  Completed: 271 [  2h 56m  ] 
INFO:  Idle: 326,  Running: 400,  Completed: 274 [  2h 56m  ] 
INFO:  Idle: 324,  Running: 400,  Completed: 276 [  2h 57m  ] 
INFO:  Idle: 322,  Running: 399,  Completed: 279 [  2h 57m  ] 
INFO:  Idle: 319,  Running: 400,  Completed: 281 [  2h 58m  ] 
INFO:  Idle: 317,  Running: 400,  Completed: 283 [  2h 58m  ] 
INFO:  Idle: 312,  Running: 400,  Completed: 288 [  2h 59m  ] 
INFO:  Idle: 310,  Running: 400,  Completed: 290 [  2h 59m  ] 
INFO:  Idle: 308,  Running: 400,  Completed: 292 [  3h 0m  ] 
INFO:  Idle: 303,  Running: 400,  Completed: 297 [  3h 0m  ] 
INFO:  Idle: 300,  Running: 399,  Completed: 301 [  3h 1m  ] 
INFO:  Idle: 298,  Running: 400,  Completed: 302 [  3h 1m  ] 
INFO:  Idle: 298,  Running: 400,  Completed: 302 [  3h 2m  ] 
INFO:  Idle: 297,  Running: 400,  Completed: 303 [  3h 2m  ] 
INFO:  Idle: 294,  Running: 399,  Completed: 307 [  3h 3m  ] 
INFO:  Idle: 290,  Running: 400,  Completed: 310 [  3h 3m  ] 
INFO:  Idle: 288,  Running: 400,  Completed: 312 [  3h 4m  ] 
INFO:  Idle: 287,  Running: 400,  Completed: 313 [  3h 4m  ] 
INFO:  Idle: 283,  Running: 400,  Completed: 317 [  3h 5m  ] 
INFO:  Idle: 281,  Running: 400,  Completed: 319 [  3h 5m  ] 
INFO:  Idle: 280,  Running: 400,  Completed: 320 [  3h 6m  ] 
INFO:  Idle: 278,  Running: 400,  Completed: 322 [  3h 6m  ] 
INFO:  Idle: 275,  Running: 400,  Completed: 325 [  3h 7m  ] 
INFO:  Idle: 272,  Running: 400,  Completed: 328 [  3h 7m  ] 
INFO:  Idle: 269,  Running: 400,  Completed: 331 [  3h 8m  ] 
INFO:  Idle: 268,  Running: 400,  Completed: 332 [  3h 8m  ] 
INFO:  Idle: 267,  Running: 400,  Completed: 333 [  3h 9m  ] 
INFO:  Idle: 265,  Running: 400,  Completed: 335 [  3h 9m  ] 
INFO:  Idle: 264,  Running: 400,  Completed: 336 [  3h 10m  ] 
INFO:  Idle: 262,  Running: 400,  Completed: 338 [  3h 10m  ] 
INFO:  Idle: 261,  Running: 400,  Completed: 339 [  3h 11m  ] 
INFO:  Idle: 259,  Running: 400,  Completed: 341 [  3h 12m  ] 
INFO:  Idle: 255,  Running: 400,  Completed: 345 [  3h 12m  ] 
INFO:  Idle: 255,  Running: 400,  Completed: 345 [  3h 13m  ] 
INFO:  Idle: 252,  Running: 400,  Completed: 348 [  3h 13m  ] 
INFO:  Idle: 252,  Running: 400,  Completed: 348 [  3h 14m  ] 
INFO:  Idle: 252,  Running: 400,  Completed: 348 [  3h 14m  ] 
INFO:  Idle: 251,  Running: 400,  Completed: 349 [  3h 15m  ] 
INFO:  Idle: 251,  Running: 400,  Completed: 349 [  3h 15m  ] 
INFO:  Idle: 250,  Running: 400,  Completed: 350 [  3h 16m  ] 
INFO:  Idle: 249,  Running: 400,  Completed: 351 [  3h 16m  ] 
INFO:  Idle: 244,  Running: 400,  Completed: 356 [  3h 17m  ] 
INFO:  Idle: 244,  Running: 400,  Completed: 356 [  3h 17m  ] 
INFO:  Idle: 243,  Running: 400,  Completed: 357 [  3h 18m  ] 
INFO:  Idle: 243,  Running: 400,  Completed: 357 [  3h 18m  ] 
INFO:  Idle: 242,  Running: 400,  Completed: 358 [  3h 19m  ] 
INFO:  Idle: 242,  Running: 400,  Completed: 358 [  3h 19m  ] 
INFO:  Idle: 239,  Running: 400,  Completed: 361 [  3h 20m  ] 
INFO:  Idle: 239,  Running: 400,  Completed: 361 [  3h 20m  ] 
INFO:  Idle: 239,  Running: 400,  Completed: 361 [  3h 21m  ] 
INFO:  Idle: 236,  Running: 400,  Completed: 364 [  3h 21m  ] 
INFO:  Idle: 236,  Running: 400,  Completed: 364 [  3h 22m  ] 
INFO:  Idle: 234,  Running: 399,  Completed: 367 [  3h 22m  ] 
INFO:  Idle: 233,  Running: 400,  Completed: 367 [  3h 23m  ] 
INFO:  Idle: 232,  Running: 400,  Completed: 368 [  3h 23m  ] 
INFO:  Idle: 232,  Running: 400,  Completed: 368 [  3h 24m  ] 
INFO:  Idle: 230,  Running: 400,  Completed: 370 [  3h 24m  ] 
INFO:  Idle: 230,  Running: 400,  Completed: 370 [  3h 25m  ] 
INFO:  Idle: 229,  Running: 400,  Completed: 371 [  3h 25m  ] 
INFO:  Idle: 228,  Running: 398,  Completed: 374 [  3h 26m  ] 
INFO:  Idle: 226,  Running: 400,  Completed: 374 [  3h 26m  ] 
INFO:  Idle: 225,  Running: 400,  Completed: 375 [  3h 27m  ] 
INFO:  Idle: 225,  Running: 400,  Completed: 375 [  3h 27m  ] 
INFO:  Idle: 224,  Running: 400,  Completed: 376 [  3h 28m  ] 
INFO:  Idle: 222,  Running: 400,  Completed: 378 [  3h 28m  ] 
INFO:  Idle: 221,  Running: 400,  Completed: 379 [  3h 29m  ] 
INFO:  Idle: 220,  Running: 400,  Completed: 380 [  3h 29m  ] 
INFO:  Idle: 220,  Running: 400,  Completed: 380 [  3h 30m  ] 
INFO:  Idle: 220,  Running: 400,  Completed: 380 [  3h 30m  ] 
INFO:  Idle: 220,  Running: 400,  Completed: 380 [  3h 31m  ] 
INFO:  Idle: 219,  Running: 400,  Completed: 381 [  3h 31m  ] 
INFO:  Idle: 219,  Running: 400,  Completed: 381 [  3h 32m  ] 
INFO:  Idle: 219,  Running: 400,  Completed: 381 [  3h 32m  ] 
INFO:  Idle: 218,  Running: 400,  Completed: 382 [  3h 33m  ] 
INFO:  Idle: 217,  Running: 400,  Completed: 383 [  3h 33m  ] 
INFO:  Idle: 217,  Running: 400,  Completed: 383 [  3h 34m  ] 
INFO:  Idle: 217,  Running: 400,  Completed: 383 [  3h 34m  ] 
INFO:  Idle: 216,  Running: 400,  Completed: 384 [  3h 35m  ] 
INFO:  Idle: 216,  Running: 400,  Completed: 384 [  3h 35m  ] 
INFO:  Idle: 216,  Running: 400,  Completed: 384 [  3h 36m  ] 
INFO:  Idle: 215,  Running: 400,  Completed: 385 [  3h 36m  ] 
INFO:  Idle: 214,  Running: 400,  Completed: 386 [  3h 37m  ] 
INFO:  Idle: 213,  Running: 399,  Completed: 388 [  3h 37m  ] 
INFO:  Idle: 212,  Running: 400,  Completed: 388 [  3h 38m  ] 
INFO:  Idle: 212,  Running: 400,  Completed: 388 [  3h 38m  ] 
INFO:  Idle: 211,  Running: 400,  Completed: 389 [  3h 39m  ] 
INFO:  Idle: 211,  Running: 400,  Completed: 389 [  3h 39m  ] 
INFO:  Idle: 211,  Running: 400,  Completed: 389 [  3h 40m  ] 
INFO:  Idle: 211,  Running: 400,  Completed: 389 [  3h 40m  ] 
INFO:  Idle: 211,  Running: 400,  Completed: 389 [  3h 41m  ] 
INFO:  Idle: 211,  Running: 400,  Completed: 389 [  3h 41m  ] 
INFO:  Idle: 209,  Running: 400,  Completed: 391 [  3h 42m  ] 
INFO:  Idle: 208,  Running: 400,  Completed: 392 [  3h 42m  ] 
INFO:  Idle: 208,  Running: 400,  Completed: 392 [  3h 43m  ] 
INFO:  Idle: 208,  Running: 400,  Completed: 392 [  3h 43m  ] 
INFO:  Idle: 207,  Running: 400,  Completed: 393 [  3h 44m  ] 
INFO:  Idle: 206,  Running: 400,  Completed: 394 [  3h 44m  ] 
INFO:  Idle: 206,  Running: 400,  Completed: 394 [  3h 45m  ] 
INFO:  Idle: 206,  Running: 400,  Completed: 394 [  3h 45m  ] 
INFO:  Idle: 205,  Running: 400,  Completed: 395 [  3h 46m  ] 
INFO:  Idle: 205,  Running: 400,  Completed: 395 [  3h 46m  ] 
INFO:  Idle: 205,  Running: 400,  Completed: 395 [  3h 47m  ] 
INFO:  Idle: 204,  Running: 400,  Completed: 396 [  3h 47m  ] 
INFO:  Idle: 204,  Running: 399,  Completed: 397 [  3h 48m  ] 
INFO:  Idle: 203,  Running: 400,  Completed: 397 [  3h 48m  ] 
INFO:  Idle: 203,  Running: 400,  Completed: 397 [  3h 49m  ] 
INFO:  Idle: 202,  Running: 400,  Completed: 398 [  3h 49m  ] 
INFO:  Idle: 201,  Running: 400,  Completed: 399 [  3h 50m  ] 
INFO:  Idle: 201,  Running: 400,  Completed: 399 [  3h 50m  ] 
INFO:  Idle: 201,  Running: 400,  Completed: 399 [  3h 51m  ] 
INFO:  Idle: 201,  Running: 400,  Completed: 399 [  3h 51m  ] 
INFO:  Idle: 199,  Running: 400,  Completed: 401 [  3h 52m  ] 
INFO:  Idle: 199,  Running: 400,  Completed: 401 [  3h 52m  ] 
INFO:  Idle: 198,  Running: 400,  Completed: 402 [  3h 53m  ] 
INFO:  Idle: 197,  Running: 400,  Completed: 403 [  3h 53m  ] 
INFO:  Idle: 197,  Running: 400,  Completed: 403 [  3h 54m  ] 
INFO:  Idle: 197,  Running: 400,  Completed: 403 [  3h 54m  ] 
INFO:  Idle: 196,  Running: 400,  Completed: 404 [  3h 55m  ] 
INFO:  Idle: 193,  Running: 400,  Completed: 407 [  3h 55m  ] 
INFO:  Idle: 193,  Running: 400,  Completed: 407 [  3h 56m  ] 
INFO:  Idle: 193,  Running: 400,  Completed: 407 [  3h 56m  ] 
INFO:  Idle: 192,  Running: 400,  Completed: 408 [  3h 57m  ] 
INFO:  Idle: 192,  Running: 400,  Completed: 408 [  3h 57m  ] 
INFO:  Idle: 192,  Running: 400,  Completed: 408 [  3h 58m  ] 
INFO:  Idle: 192,  Running: 400,  Completed: 408 [  3h 58m  ] 
INFO:  Idle: 192,  Running: 400,  Completed: 408 [  3h 59m  ] 
INFO:  Idle: 191,  Running: 400,  Completed: 409 [  3h 59m  ] 
INFO:  Idle: 191,  Running: 400,  Completed: 409 [  4h 0m  ] 
INFO:  Idle: 191,  Running: 400,  Completed: 409 [  4h 0m  ] 
INFO:  Idle: 191,  Running: 400,  Completed: 409 [  4h 1m  ] 
INFO:  Idle: 191,  Running: 400,  Completed: 409 [  4h 1m  ] 
INFO:  Idle: 191,  Running: 400,  Completed: 409 [  4h 2m  ] 
INFO:  Idle: 190,  Running: 400,  Completed: 410 [  4h 2m  ] 
INFO:  Idle: 190,  Running: 400,  Completed: 410 [  4h 3m  ] 
INFO:  Idle: 190,  Running: 400,  Completed: 410 [  4h 3m  ] 
INFO:  Idle: 189,  Running: 400,  Completed: 411 [  4h 4m  ] 
INFO:  Idle: 189,  Running: 400,  Completed: 411 [  4h 4m  ] 
INFO:  Idle: 188,  Running: 400,  Completed: 412 [  4h 5m  ] 
INFO:  Idle: 188,  Running: 400,  Completed: 412 [  4h 5m  ] 
INFO:  Idle: 187,  Running: 400,  Completed: 413 [  4h 6m  ] 
INFO:  Idle: 184,  Running: 400,  Completed: 416 [  4h 6m  ] 
INFO:  Idle: 184,  Running: 400,  Completed: 416 [  4h 7m  ] 
INFO:  Idle: 184,  Running: 400,  Completed: 416 [  4h 7m  ] 
INFO:  Idle: 180,  Running: 400,  Completed: 420 [  4h 8m  ] 
INFO:  Idle: 180,  Running: 400,  Completed: 420 [  4h 8m  ] 
INFO:  Idle: 175,  Running: 400,  Completed: 425 [  4h 9m  ] 
INFO:  Idle: 175,  Running: 400,  Completed: 425 [  4h 9m  ] 
INFO:  Idle: 173,  Running: 400,  Completed: 427 [  4h 10m  ] 
INFO:  Idle: 171,  Running: 400,  Completed: 429 [  4h 10m  ] 
INFO:  Idle: 170,  Running: 400,  Completed: 430 [  4h 11m  ] 
INFO:  Idle: 170,  Running: 400,  Completed: 430 [  4h 11m  ] 
INFO:  Idle: 170,  Running: 400,  Completed: 430 [  4h 12m  ] 
INFO:  Idle: 169,  Running: 400,  Completed: 431 [  4h 12m  ] 
INFO:  Idle: 168,  Running: 400,  Completed: 432 [  4h 13m  ] 
INFO:  Idle: 168,  Running: 400,  Completed: 432 [  4h 13m  ] 
INFO:  Idle: 168,  Running: 400,  Completed: 432 [  4h 14m  ] 
INFO:  Idle: 166,  Running: 400,  Completed: 434 [  4h 14m  ] 
INFO:  Idle: 164,  Running: 400,  Completed: 436 [  4h 15m  ] 
INFO:  Idle: 164,  Running: 400,  Completed: 436 [  4h 15m  ] 
INFO:  Idle: 163,  Running: 400,  Completed: 437 [  4h 16m  ] 
INFO:  Idle: 162,  Running: 400,  Completed: 438 [  4h 17m  ] 
INFO:  Idle: 161,  Running: 400,  Completed: 439 [  4h 17m  ] 
INFO:  Idle: 159,  Running: 400,  Completed: 441 [  4h 18m  ] 
INFO:  Idle: 158,  Running: 400,  Completed: 442 [  4h 18m  ] 
INFO:  Idle: 156,  Running: 400,  Completed: 444 [  4h 19m  ] 
INFO:  Idle: 155,  Running: 400,  Completed: 445 [  4h 19m  ] 
INFO:  Idle: 154,  Running: 400,  Completed: 446 [  4h 20m  ] 
INFO:  Idle: 152,  Running: 399,  Completed: 449 [  4h 20m  ] 
INFO:  Idle: 151,  Running: 400,  Completed: 449 [  4h 21m  ] 
INFO:  Idle: 149,  Running: 400,  Completed: 451 [  4h 21m  ] 
INFO:  Idle: 149,  Running: 400,  Completed: 451 [  4h 22m  ] 
INFO:  Idle: 148,  Running: 400,  Completed: 452 [  4h 22m  ] 
INFO:  Idle: 146,  Running: 400,  Completed: 454 [  4h 23m  ] 
INFO:  Idle: 146,  Running: 400,  Completed: 454 [  4h 23m  ] 
INFO:  Idle: 144,  Running: 400,  Completed: 456 [  4h 24m  ] 
INFO:  Idle: 144,  Running: 400,  Completed: 456 [  4h 24m  ] 
INFO:  Idle: 144,  Running: 400,  Completed: 456 [  4h 25m  ] 
INFO:  Idle: 140,  Running: 400,  Completed: 460 [  4h 25m  ] 
INFO:  Idle: 136,  Running: 400,  Completed: 464 [  4h 26m  ] 
INFO:  Idle: 136,  Running: 400,  Completed: 464 [  4h 26m  ] 
INFO:  Idle: 136,  Running: 400,  Completed: 464 [  4h 27m  ] 
INFO:  Idle: 134,  Running: 400,  Completed: 466 [  4h 27m  ] 
INFO:  Idle: 132,  Running: 400,  Completed: 468 [  4h 28m  ] 
INFO:  Idle: 130,  Running: 400,  Completed: 470 [  4h 28m  ] 
INFO:  Idle: 130,  Running: 400,  Completed: 470 [  4h 29m  ] 
INFO:  Idle: 127,  Running: 400,  Completed: 473 [  4h 29m  ] 
INFO:  Idle: 125,  Running: 399,  Completed: 476 [  4h 30m  ] 
INFO:  Idle: 122,  Running: 400,  Completed: 478 [  4h 30m  ] 
INFO:  Idle: 122,  Running: 400,  Completed: 478 [  4h 31m  ] 
INFO:  Idle: 122,  Running: 400,  Completed: 478 [  4h 31m  ] 
INFO:  Idle: 120,  Running: 400,  Completed: 480 [  4h 32m  ] 
INFO:  Idle: 118,  Running: 400,  Completed: 482 [  4h 32m  ] 
INFO:  Idle: 115,  Running: 400,  Completed: 485 [  4h 33m  ] 
INFO:  Idle: 115,  Running: 400,  Completed: 485 [  4h 33m  ] 
INFO:  Idle: 114,  Running: 400,  Completed: 486 [  4h 34m  ] 
INFO:  Idle: 112,  Running: 400,  Completed: 488 [  4h 34m  ] 
INFO:  Idle: 109,  Running: 400,  Completed: 491 [  4h 35m  ] 
INFO:  Idle: 107,  Running: 398,  Completed: 495 [  4h 35m  ] 
INFO:  Idle: 105,  Running: 400,  Completed: 495 [  4h 36m  ] 
INFO:  Idle: 102,  Running: 400,  Completed: 498 [  4h 36m  ] 
INFO:  Idle: 99,  Running: 400,  Completed: 501 [  4h 37m  ] 
INFO:  Idle: 97,  Running: 400,  Completed: 503 [  4h 37m  ] 
INFO:  Idle: 94,  Running: 400,  Completed: 506 [  4h 38m  ] 
INFO:  Idle: 93,  Running: 400,  Completed: 507 [  4h 38m  ] 
INFO:  Idle: 93,  Running: 399,  Completed: 508 [  4h 39m  ] 
INFO:  Idle: 92,  Running: 400,  Completed: 508 [  4h 39m  ] 
INFO:  Idle: 90,  Running: 400,  Completed: 510 [  4h 40m  ] 
INFO:  Idle: 90,  Running: 400,  Completed: 510 [  4h 40m  ] 
INFO:  Idle: 89,  Running: 400,  Completed: 511 [  4h 41m  ] 
INFO:  Idle: 88,  Running: 400,  Completed: 512 [  4h 41m  ] 
INFO:  Idle: 87,  Running: 400,  Completed: 513 [  4h 42m  ] 
INFO:  Idle: 84,  Running: 400,  Completed: 516 [  4h 42m  ] 
INFO:  Idle: 82,  Running: 399,  Completed: 519 [  4h 43m  ] 
INFO:  Idle: 81,  Running: 399,  Completed: 520 [  4h 43m  ] 
INFO:  Idle: 77,  Running: 400,  Completed: 523 [  4h 44m  ] 
INFO:  Idle: 73,  Running: 400,  Completed: 527 [  4h 44m  ] 
INFO:  Idle: 71,  Running: 400,  Completed: 529 [  4h 45m  ] 
INFO:  Idle: 67,  Running: 400,  Completed: 533 [  4h 45m  ] 
INFO:  Idle: 64,  Running: 400,  Completed: 536 [  4h 46m  ] 
INFO:  Idle: 62,  Running: 400,  Completed: 538 [  4h 46m  ] 
INFO:  Idle: 60,  Running: 400,  Completed: 540 [  4h 47m  ] 
INFO:  Idle: 60,  Running: 399,  Completed: 541 [  4h 47m  ] 
INFO:  Idle: 59,  Running: 400,  Completed: 541 [  4h 48m  ] 
INFO:  Idle: 58,  Running: 400,  Completed: 542 [  4h 48m  ] 
INFO:  Idle: 55,  Running: 400,  Completed: 545 [  4h 49m  ] 
INFO:  Idle: 51,  Running: 400,  Completed: 549 [  4h 49m  ] 
INFO:  Idle: 46,  Running: 400,  Completed: 554 [  4h 50m  ] 
INFO:  Idle: 45,  Running: 400,  Completed: 555 [  4h 50m  ] 
INFO:  Idle: 45,  Running: 400,  Completed: 555 [  4h 51m  ] 
INFO:  Idle: 44,  Running: 400,  Completed: 556 [  4h 51m  ] 
INFO:  Idle: 40,  Running: 400,  Completed: 560 [  4h 52m  ] 
INFO:  Idle: 39,  Running: 400,  Completed: 561 [  4h 52m  ] 
INFO:  Idle: 36,  Running: 400,  Completed: 564 [  4h 53m  ] 
INFO:  Idle: 32,  Running: 400,  Completed: 568 [  4h 53m  ] 
INFO:  Idle: 31,  Running: 400,  Completed: 569 [  4h 54m  ] 
INFO:  Idle: 29,  Running: 400,  Completed: 571 [  4h 54m  ] 
INFO:  Idle: 25,  Running: 400,  Completed: 575 [  4h 55m  ] 
INFO:  Idle: 24,  Running: 400,  Completed: 576 [  4h 55m  ] 
INFO:  Idle: 24,  Running: 399,  Completed: 577 [  4h 56m  ] 
INFO:  Idle: 21,  Running: 400,  Completed: 579 [  4h 56m  ] 
INFO:  Idle: 21,  Running: 400,  Completed: 579 [  4h 57m  ] 
INFO:  Idle: 20,  Running: 400,  Completed: 580 [  4h 57m  ] 
INFO:  Idle: 13,  Running: 400,  Completed: 587 [  4h 58m  ] 
INFO:  Idle: 9,  Running: 399,  Completed: 592 [  4h 58m  ] 
INFO:  Idle: 5,  Running: 400,  Completed: 595 [  4h 59m  ] 
INFO:  Idle: 2,  Running: 400,  Completed: 598 [  4h 59m  ] 
INFO:  Idle: 1,  Running: 400,  Completed: 599 [  5h 0m  ] 
INFO:  Idle: 0,  Running: 399,  Completed: 601 [  5h 0m  ] 
INFO:  Idle: 0,  Running: 397,  Completed: 603 [  5h 1m  ] 
INFO:  Idle: 0,  Running: 392,  Completed: 608 [  5h 1m  ] 
INFO:  Idle: 0,  Running: 388,  Completed: 612 [  5h 2m  ] 
INFO:  Idle: 0,  Running: 388,  Completed: 612 [  5h 2m  ] 
INFO:  Idle: 0,  Running: 387,  Completed: 613 [  5h 3m  ] 
INFO:  Idle: 0,  Running: 384,  Completed: 616 [  5h 3m  ] 
INFO:  Idle: 0,  Running: 381,  Completed: 619 [  5h 4m  ] 
INFO:  Idle: 0,  Running: 376,  Completed: 624 [  5h 4m  ] 
INFO:  Idle: 0,  Running: 375,  Completed: 625 [  5h 5m  ] 
INFO:  Idle: 0,  Running: 375,  Completed: 625 [  5h 5m  ] 
INFO:  Idle: 0,  Running: 373,  Completed: 627 [  5h 6m  ] 
INFO:  Idle: 0,  Running: 371,  Completed: 629 [  5h 6m  ] 
INFO:  Idle: 0,  Running: 370,  Completed: 630 [  5h 7m  ] 
INFO:  Idle: 0,  Running: 368,  Completed: 632 [  5h 7m  ] 
INFO:  Idle: 0,  Running: 367,  Completed: 633 [  5h 8m  ] 
INFO:  Idle: 0,  Running: 364,  Completed: 636 [  5h 8m  ] 
INFO:  Idle: 0,  Running: 361,  Completed: 639 [  5h 9m  ] 
INFO:  Idle: 0,  Running: 360,  Completed: 640 [  5h 9m  ] 
INFO:  Idle: 0,  Running: 357,  Completed: 643 [  5h 10m  ] 
INFO:  Idle: 0,  Running: 352,  Completed: 648 [  5h 10m  ] 
INFO:  Idle: 0,  Running: 351,  Completed: 649 [  5h 11m  ] 
INFO:  Idle: 0,  Running: 351,  Completed: 649 [  5h 11m  ] 
INFO:  Idle: 0,  Running: 345,  Completed: 655 [  5h 12m  ] 
INFO:  Idle: 0,  Running: 342,  Completed: 658 [  5h 12m  ] 
INFO:  Idle: 0,  Running: 340,  Completed: 660 [  5h 13m  ] 
INFO:  Idle: 0,  Running: 338,  Completed: 662 [  5h 13m  ] 
INFO:  Idle: 0,  Running: 335,  Completed: 665 [  5h 14m  ] 
INFO:  Idle: 0,  Running: 332,  Completed: 668 [  5h 14m  ] 
INFO:  Idle: 0,  Running: 330,  Completed: 670 [  5h 15m  ] 
INFO:  Idle: 0,  Running: 328,  Completed: 672 [  5h 15m  ] 
INFO:  Idle: 0,  Running: 324,  Completed: 676 [  5h 16m  ] 
INFO:  Idle: 0,  Running: 324,  Completed: 676 [  5h 16m  ] 
INFO:  Idle: 0,  Running: 324,  Completed: 676 [  5h 17m  ] 
INFO:  Idle: 0,  Running: 323,  Completed: 677 [  5h 17m  ] 
INFO:  Idle: 0,  Running: 323,  Completed: 677 [  5h 18m  ] 
INFO:  Idle: 0,  Running: 320,  Completed: 680 [  5h 18m  ] 
INFO:  Idle: 0,  Running: 319,  Completed: 681 [  5h 19m  ] 
INFO:  Idle: 0,  Running: 317,  Completed: 683 [  5h 19m  ] 
INFO:  Idle: 0,  Running: 316,  Completed: 684 [  5h 20m  ] 
INFO:  Idle: 0,  Running: 314,  Completed: 686 [  5h 20m  ] 
INFO:  Idle: 0,  Running: 311,  Completed: 689 [  5h 21m  ] 
INFO:  Idle: 0,  Running: 309,  Completed: 691 [  5h 21m  ] 
INFO:  Idle: 0,  Running: 308,  Completed: 692 [  5h 22m  ] 
INFO:  Idle: 0,  Running: 306,  Completed: 694 [  5h 22m  ] 
INFO:  Idle: 0,  Running: 304,  Completed: 696 [  5h 23m  ] 
INFO:  Idle: 0,  Running: 299,  Completed: 701 [  5h 23m  ] 
INFO:  Idle: 0,  Running: 296,  Completed: 704 [  5h 24m  ] 
INFO:  Idle: 0,  Running: 293,  Completed: 707 [  5h 24m  ] 
INFO:  Idle: 0,  Running: 291,  Completed: 709 [  5h 25m  ] 
INFO:  Idle: 0,  Running: 289,  Completed: 711 [  5h 25m  ] 
INFO:  Idle: 0,  Running: 288,  Completed: 712 [  5h 26m  ] 
INFO:  Idle: 0,  Running: 286,  Completed: 714 [  5h 26m  ] 
INFO:  Idle: 0,  Running: 284,  Completed: 716 [  5h 27m  ] 
INFO:  Idle: 0,  Running: 284,  Completed: 716 [  5h 27m  ] 
INFO:  Idle: 0,  Running: 284,  Completed: 716 [  5h 28m  ] 
INFO:  Idle: 0,  Running: 282,  Completed: 718 [  5h 28m  ] 
INFO:  Idle: 0,  Running: 282,  Completed: 718 [  5h 29m  ] 
INFO:  Idle: 0,  Running: 280,  Completed: 720 [  5h 29m  ] 
INFO:  Idle: 0,  Running: 280,  Completed: 720 [  5h 30m  ] 
INFO:  Idle: 0,  Running: 279,  Completed: 721 [  5h 30m  ] 
INFO:  Idle: 0,  Running: 277,  Completed: 723 [  5h 31m  ] 
INFO:  Idle: 0,  Running: 277,  Completed: 723 [  5h 31m  ] 
INFO:  Idle: 0,  Running: 276,  Completed: 724 [  5h 32m  ] 
INFO:  Idle: 0,  Running: 276,  Completed: 724 [  5h 32m  ] 
INFO:  Idle: 0,  Running: 276,  Completed: 724 [  5h 33m  ] 
INFO:  Idle: 0,  Running: 274,  Completed: 726 [  5h 33m  ] 
INFO:  Idle: 0,  Running: 271,  Completed: 729 [  5h 34m  ] 
INFO:  Idle: 0,  Running: 270,  Completed: 730 [  5h 34m  ] 
INFO:  Idle: 0,  Running: 267,  Completed: 733 [  5h 35m  ] 
INFO:  Idle: 0,  Running: 267,  Completed: 733 [  5h 35m  ] 
INFO:  Idle: 0,  Running: 267,  Completed: 733 [  5h 36m  ] 
INFO:  Idle: 0,  Running: 265,  Completed: 735 [  5h 36m  ] 
INFO:  Idle: 0,  Running: 263,  Completed: 737 [  5h 37m  ] 
INFO:  Idle: 0,  Running: 260,  Completed: 740 [  5h 37m  ] 
INFO:  Idle: 0,  Running: 259,  Completed: 741 [  5h 38m  ] 
INFO:  Idle: 0,  Running: 257,  Completed: 743 [  5h 38m  ] 
INFO:  Idle: 0,  Running: 255,  Completed: 745 [  5h 39m  ] 
INFO:  Idle: 0,  Running: 254,  Completed: 746 [  5h 39m  ] 
INFO:  Idle: 0,  Running: 254,  Completed: 746 [  5h 40m  ] 
INFO:  Idle: 0,  Running: 253,  Completed: 747 [  5h 40m  ] 
INFO:  Idle: 0,  Running: 253,  Completed: 747 [  5h 41m  ] 
INFO:  Idle: 0,  Running: 250,  Completed: 750 [  5h 41m  ] 
INFO:  Idle: 0,  Running: 247,  Completed: 753 [  5h 42m  ] 
INFO:  Idle: 0,  Running: 243,  Completed: 757 [  5h 42m  ] 
INFO:  Idle: 0,  Running: 239,  Completed: 761 [  5h 43m  ] 
INFO:  Idle: 0,  Running: 238,  Completed: 762 [  5h 43m  ] 
INFO:  Idle: 0,  Running: 237,  Completed: 763 [  5h 44m  ] 
INFO:  Idle: 0,  Running: 234,  Completed: 766 [  5h 44m  ] 
INFO:  Idle: 0,  Running: 233,  Completed: 767 [  5h 45m  ] 
INFO:  Idle: 0,  Running: 233,  Completed: 767 [  5h 45m  ] 
INFO:  Idle: 0,  Running: 232,  Completed: 768 [  5h 46m  ] 
INFO:  Idle: 0,  Running: 228,  Completed: 772 [  5h 46m  ] 
INFO:  Idle: 0,  Running: 226,  Completed: 774 [  5h 47m  ] 
INFO:  Idle: 0,  Running: 225,  Completed: 775 [  5h 47m  ] 
INFO:  Idle: 0,  Running: 224,  Completed: 776 [  5h 48m  ] 
INFO:  Idle: 0,  Running: 224,  Completed: 776 [  5h 48m  ] 
INFO:  Idle: 0,  Running: 221,  Completed: 779 [  5h 49m  ] 
INFO:  Idle: 0,  Running: 219,  Completed: 781 [  5h 49m  ] 
INFO:  Idle: 0,  Running: 217,  Completed: 783 [  5h 50m  ] 
INFO:  Idle: 0,  Running: 216,  Completed: 784 [  5h 51m  ] 
INFO:  Idle: 0,  Running: 212,  Completed: 788 [  5h 51m  ] 
INFO:  Idle: 0,  Running: 212,  Completed: 788 [  5h 52m  ] 
INFO:  Idle: 0,  Running: 212,  Completed: 788 [  5h 52m  ] 
INFO:  Idle: 0,  Running: 212,  Completed: 788 [  5h 53m  ] 
INFO:  Idle: 0,  Running: 211,  Completed: 789 [  5h 53m  ] 
INFO:  Idle: 0,  Running: 210,  Completed: 790 [  5h 54m  ] 
INFO:  Idle: 0,  Running: 209,  Completed: 791 [  5h 54m  ] 
INFO:  Idle: 0,  Running: 209,  Completed: 791 [  5h 55m  ] 
INFO:  Idle: 0,  Running: 209,  Completed: 791 [  5h 55m  ] 
INFO:  Idle: 0,  Running: 209,  Completed: 791 [  5h 56m  ] 
INFO:  Idle: 0,  Running: 207,  Completed: 793 [  5h 56m  ] 
INFO:  Idle: 0,  Running: 207,  Completed: 793 [  5h 57m  ] 
INFO:  Idle: 0,  Running: 206,  Completed: 794 [  5h 57m  ] 
INFO:  Idle: 0,  Running: 205,  Completed: 795 [  5h 58m  ] 
INFO:  Idle: 0,  Running: 205,  Completed: 795 [  5h 58m  ] 
INFO:  Idle: 0,  Running: 203,  Completed: 797 [  5h 59m  ] 
INFO:  Idle: 0,  Running: 203,  Completed: 797 [  5h 59m  ] 
INFO:  Idle: 0,  Running: 201,  Completed: 799 [  6h 0m  ] 
INFO:  Idle: 0,  Running: 200,  Completed: 800 [  6h 0m  ] 
INFO:  Idle: 0,  Running: 200,  Completed: 800 [  6h 1m  ] 
INFO:  Idle: 0,  Running: 199,  Completed: 801 [  6h 1m  ] 
INFO:  Idle: 0,  Running: 199,  Completed: 801 [  6h 2m  ] 
INFO:  Idle: 0,  Running: 197,  Completed: 803 [  6h 2m  ] 
INFO:  Idle: 0,  Running: 197,  Completed: 803 [  6h 3m  ] 
INFO:  Idle: 0,  Running: 196,  Completed: 804 [  6h 3m  ] 
INFO:  Idle: 0,  Running: 193,  Completed: 807 [  6h 4m  ] 
INFO:  Idle: 0,  Running: 193,  Completed: 807 [  6h 4m  ] 
INFO:  Idle: 0,  Running: 192,  Completed: 808 [  6h 5m  ] 
INFO:  Idle: 0,  Running: 188,  Completed: 812 [  6h 5m  ] 
INFO:  Idle: 0,  Running: 188,  Completed: 812 [  6h 6m  ] 
INFO:  Idle: 0,  Running: 187,  Completed: 813 [  6h 6m  ] 
INFO:  Idle: 0,  Running: 186,  Completed: 814 [  6h 7m  ] 
INFO:  Idle: 0,  Running: 185,  Completed: 815 [  6h 7m  ] 
INFO:  Idle: 0,  Running: 185,  Completed: 815 [  6h 8m  ] 
INFO:  Idle: 0,  Running: 185,  Completed: 815 [  6h 8m  ] 
INFO:  Idle: 0,  Running: 183,  Completed: 817 [  6h 9m  ] 
INFO:  Idle: 0,  Running: 182,  Completed: 818 [  6h 9m  ] 
INFO:  Idle: 0,  Running: 182,  Completed: 818 [  6h 10m  ] 
INFO:  Idle: 0,  Running: 180,  Completed: 820 [  6h 10m  ] 
INFO:  Idle: 0,  Running: 177,  Completed: 823 [  6h 11m  ] 
INFO:  Idle: 0,  Running: 176,  Completed: 824 [  6h 11m  ] 
INFO:  Idle: 0,  Running: 174,  Completed: 826 [  6h 12m  ] 
INFO:  Idle: 0,  Running: 173,  Completed: 827 [  6h 12m  ] 
INFO:  Idle: 0,  Running: 173,  Completed: 827 [  6h 13m  ] 
INFO:  Idle: 0,  Running: 173,  Completed: 827 [  6h 13m  ] 
INFO:  Idle: 0,  Running: 171,  Completed: 829 [  6h 14m  ] 
INFO:  Idle: 0,  Running: 167,  Completed: 833 [  6h 14m  ] 
INFO:  Idle: 0,  Running: 166,  Completed: 834 [  6h 15m  ] 
INFO:  Idle: 0,  Running: 165,  Completed: 835 [  6h 15m  ] 
INFO:  Idle: 0,  Running: 165,  Completed: 835 [  6h 16m  ] 
INFO:  Idle: 0,  Running: 164,  Completed: 836 [  6h 16m  ] 
INFO:  Idle: 0,  Running: 164,  Completed: 836 [  6h 17m  ] 
INFO:  Idle: 0,  Running: 164,  Completed: 836 [  6h 17m  ] 
INFO:  Idle: 0,  Running: 163,  Completed: 837 [  6h 18m  ] 
INFO:  Idle: 0,  Running: 163,  Completed: 837 [  6h 18m  ] 
INFO:  Idle: 0,  Running: 163,  Completed: 837 [  6h 19m  ] 
INFO:  Idle: 0,  Running: 160,  Completed: 840 [  6h 19m  ] 
INFO:  Idle: 0,  Running: 159,  Completed: 841 [  6h 20m  ] 
INFO:  Idle: 0,  Running: 157,  Completed: 843 [  6h 20m  ] 
INFO:  Idle: 0,  Running: 157,  Completed: 843 [  6h 21m  ] 
INFO:  Idle: 0,  Running: 156,  Completed: 844 [  6h 21m  ] 
INFO:  Idle: 0,  Running: 156,  Completed: 844 [  6h 22m  ] 
INFO:  Idle: 0,  Running: 155,  Completed: 845 [  6h 22m  ] 
INFO:  Idle: 0,  Running: 154,  Completed: 846 [  6h 23m  ] 
INFO:  Idle: 0,  Running: 152,  Completed: 848 [  6h 23m  ] 
INFO:  Idle: 0,  Running: 149,  Completed: 851 [  6h 24m  ] 
INFO:  Idle: 0,  Running: 149,  Completed: 851 [  6h 24m  ] 
INFO:  Idle: 0,  Running: 149,  Completed: 851 [  6h 25m  ] 
INFO:  Idle: 0,  Running: 148,  Completed: 852 [  6h 25m  ] 
INFO:  Idle: 0,  Running: 148,  Completed: 852 [  6h 26m  ] 
INFO:  Idle: 0,  Running: 148,  Completed: 852 [  6h 26m  ] 
INFO:  Idle: 0,  Running: 147,  Completed: 853 [  6h 27m  ] 
INFO:  Idle: 0,  Running: 146,  Completed: 854 [  6h 27m  ] 
INFO:  Idle: 0,  Running: 145,  Completed: 855 [  6h 28m  ] 
INFO:  Idle: 0,  Running: 145,  Completed: 855 [  6h 28m  ] 
INFO:  Idle: 0,  Running: 144,  Completed: 856 [  6h 29m  ] 
INFO:  Idle: 0,  Running: 143,  Completed: 857 [  6h 29m  ] 
INFO:  Idle: 0,  Running: 142,  Completed: 858 [  6h 30m  ] 
INFO:  Idle: 0,  Running: 140,  Completed: 860 [  6h 30m  ] 
INFO:  Idle: 0,  Running: 138,  Completed: 862 [  6h 31m  ] 
INFO:  Idle: 0,  Running: 136,  Completed: 864 [  6h 31m  ] 
INFO:  Idle: 0,  Running: 134,  Completed: 866 [  6h 32m  ] 
INFO:  Idle: 0,  Running: 133,  Completed: 867 [  6h 32m  ] 
INFO:  Idle: 0,  Running: 132,  Completed: 868 [  6h 33m  ] 
INFO:  Idle: 0,  Running: 129,  Completed: 871 [  6h 33m  ] 
INFO:  Idle: 0,  Running: 128,  Completed: 872 [  6h 34m  ] 
INFO:  Idle: 0,  Running: 127,  Completed: 873 [  6h 34m  ] 
INFO:  Idle: 0,  Running: 127,  Completed: 873 [  6h 35m  ] 
INFO:  Idle: 0,  Running: 125,  Completed: 875 [  6h 35m  ] 
INFO:  Idle: 0,  Running: 125,  Completed: 875 [  6h 36m  ] 
INFO:  Idle: 0,  Running: 123,  Completed: 877 [  6h 36m  ] 
INFO:  Idle: 0,  Running: 123,  Completed: 877 [  6h 37m  ] 
INFO:  Idle: 0,  Running: 122,  Completed: 878 [  6h 37m  ] 
INFO:  Idle: 0,  Running: 120,  Completed: 880 [  6h 38m  ] 
INFO:  Idle: 0,  Running: 117,  Completed: 883 [  6h 38m  ] 
INFO:  Idle: 0,  Running: 117,  Completed: 883 [  6h 39m  ] 
INFO:  Idle: 0,  Running: 116,  Completed: 884 [  6h 39m  ] 
INFO:  Idle: 0,  Running: 116,  Completed: 884 [  6h 40m  ] 
INFO:  Idle: 0,  Running: 113,  Completed: 887 [  6h 40m  ] 
INFO:  Idle: 0,  Running: 112,  Completed: 888 [  6h 41m  ] 
INFO:  Idle: 0,  Running: 110,  Completed: 890 [  6h 41m  ] 
INFO:  Idle: 0,  Running: 110,  Completed: 890 [  6h 42m  ] 
INFO:  Idle: 0,  Running: 110,  Completed: 890 [  6h 42m  ] 
INFO:  Idle: 0,  Running: 109,  Completed: 891 [  6h 43m  ] 
INFO:  Idle: 0,  Running: 107,  Completed: 893 [  6h 43m  ] 
INFO:  Idle: 0,  Running: 102,  Completed: 898 [  6h 44m  ] 
INFO:  Idle: 0,  Running: 102,  Completed: 898 [  6h 44m  ] 
INFO:  Idle: 0,  Running: 100,  Completed: 900 [  6h 45m  ] 
INFO:  Idle: 0,  Running: 96,  Completed: 904 [  6h 45m  ] 
INFO:  Idle: 0,  Running: 95,  Completed: 905 [  6h 46m  ] 
INFO:  Idle: 0,  Running: 95,  Completed: 905 [  6h 46m  ] 
INFO:  Idle: 0,  Running: 95,  Completed: 905 [  6h 47m  ] 
INFO:  Idle: 0,  Running: 95,  Completed: 905 [  6h 47m  ] 
INFO:  Idle: 0,  Running: 93,  Completed: 907 [  6h 48m  ] 
INFO:  Idle: 0,  Running: 91,  Completed: 909 [  6h 48m  ] 
INFO:  Idle: 0,  Running: 90,  Completed: 910 [  6h 49m  ] 
INFO:  Idle: 0,  Running: 87,  Completed: 913 [  6h 49m  ] 
INFO:  Idle: 0,  Running: 87,  Completed: 913 [  6h 50m  ] 
INFO:  Idle: 0,  Running: 84,  Completed: 916 [  6h 50m  ] 
INFO:  Idle: 0,  Running: 81,  Completed: 919 [  6h 51m  ] 
INFO:  Idle: 0,  Running: 79,  Completed: 921 [  6h 51m  ] 
INFO:  Idle: 0,  Running: 78,  Completed: 922 [  6h 52m  ] 
INFO:  Idle: 0,  Running: 78,  Completed: 922 [  6h 52m  ] 
INFO:  Idle: 0,  Running: 77,  Completed: 923 [  6h 53m  ] 
INFO:  Idle: 0,  Running: 76,  Completed: 924 [  6h 53m  ] 
INFO:  Idle: 0,  Running: 73,  Completed: 927 [  6h 54m  ] 
INFO:  Idle: 0,  Running: 73,  Completed: 927 [  6h 54m  ] 
INFO:  Idle: 0,  Running: 73,  Completed: 927 [  6h 55m  ] 
INFO:  Idle: 0,  Running: 71,  Completed: 929 [  6h 55m  ] 
INFO:  Idle: 0,  Running: 69,  Completed: 931 [  6h 56m  ] 
INFO:  Idle: 0,  Running: 68,  Completed: 932 [  6h 56m  ] 
INFO:  Idle: 0,  Running: 68,  Completed: 932 [  6h 57m  ] 
INFO:  Idle: 0,  Running: 68,  Completed: 932 [  6h 57m  ] 
INFO:  Idle: 0,  Running: 68,  Completed: 932 [  6h 58m  ] 
INFO:  Idle: 0,  Running: 67,  Completed: 933 [  6h 58m  ] 
INFO:  Idle: 0,  Running: 64,  Completed: 936 [  6h 59m  ] 
INFO:  Idle: 0,  Running: 64,  Completed: 936 [  6h 59m  ] 
INFO:  Idle: 0,  Running: 64,  Completed: 936 [  7h 0m  ] 
INFO:  Idle: 0,  Running: 64,  Completed: 936 [  7h 0m  ] 
INFO:  Idle: 0,  Running: 62,  Completed: 938 [  7h 1m  ] 
INFO:  Idle: 0,  Running: 62,  Completed: 938 [  7h 1m  ] 
INFO:  Idle: 0,  Running: 60,  Completed: 940 [  7h 2m  ] 
INFO:  Idle: 0,  Running: 60,  Completed: 940 [  7h 2m  ] 
INFO:  Idle: 0,  Running: 59,  Completed: 941 [  7h 3m  ] 
INFO:  Idle: 0,  Running: 59,  Completed: 941 [  7h 3m  ] 
INFO:  Idle: 0,  Running: 58,  Completed: 942 [  7h 4m  ] 
INFO:  Idle: 0,  Running: 57,  Completed: 943 [  7h 4m  ] 
INFO:  Idle: 0,  Running: 55,  Completed: 945 [  7h 5m  ] 
INFO:  Idle: 0,  Running: 55,  Completed: 945 [  7h 5m  ] 
INFO:  Idle: 0,  Running: 54,  Completed: 946 [  7h 6m  ] 
INFO:  Idle: 0,  Running: 52,  Completed: 948 [  7h 6m  ] 
INFO:  Idle: 0,  Running: 52,  Completed: 948 [  7h 7m  ] 
INFO:  Idle: 0,  Running: 52,  Completed: 948 [  7h 7m  ] 
INFO:  Idle: 0,  Running: 52,  Completed: 948 [  7h 8m  ] 
INFO:  Idle: 0,  Running: 52,  Completed: 948 [  7h 8m  ] 
INFO:  Idle: 0,  Running: 51,  Completed: 949 [  7h 9m  ] 
INFO:  Idle: 0,  Running: 50,  Completed: 950 [  7h 9m  ] 
INFO:  Idle: 0,  Running: 49,  Completed: 951 [  7h 10m  ] 
INFO:  Idle: 0,  Running: 47,  Completed: 953 [  7h 10m  ] 
INFO:  Idle: 0,  Running: 45,  Completed: 955 [  7h 11m  ] 
INFO:  Idle: 0,  Running: 43,  Completed: 957 [  7h 11m  ] 
INFO:  Idle: 0,  Running: 42,  Completed: 958 [  7h 12m  ] 
INFO:  Idle: 0,  Running: 40,  Completed: 960 [  7h 12m  ] 
INFO:  Idle: 0,  Running: 38,  Completed: 962 [  7h 13m  ] 
INFO:  Idle: 0,  Running: 36,  Completed: 964 [  7h 13m  ] 
INFO:  Idle: 0,  Running: 35,  Completed: 965 [  7h 14m  ] 
INFO:  Idle: 0,  Running: 33,  Completed: 967 [  7h 14m  ] 
INFO:  Idle: 0,  Running: 33,  Completed: 967 [  7h 15m  ] 
INFO:  Idle: 0,  Running: 32,  Completed: 968 [  7h 15m  ] 
INFO:  Idle: 0,  Running: 29,  Completed: 971 [  7h 16m  ] 
INFO:  Idle: 0,  Running: 26,  Completed: 974 [  7h 16m  ] 
INFO:  Idle: 0,  Running: 26,  Completed: 974 [  7h 17m  ] 
INFO:  Idle: 0,  Running: 25,  Completed: 975 [  7h 17m  ] 
INFO:  Idle: 0,  Running: 25,  Completed: 975 [  7h 18m  ] 
INFO:  Idle: 0,  Running: 25,  Completed: 975 [  7h 18m  ] 
INFO:  Idle: 0,  Running: 25,  Completed: 975 [  7h 19m  ] 
INFO:  Idle: 0,  Running: 25,  Completed: 975 [  7h 19m  ] 
INFO:  Idle: 0,  Running: 24,  Completed: 976 [  7h 20m  ] 
INFO:  Idle: 0,  Running: 24,  Completed: 976 [  7h 20m  ] 
INFO:  Idle: 0,  Running: 23,  Completed: 977 [  7h 21m  ] 
INFO:  Idle: 0,  Running: 23,  Completed: 977 [  7h 21m  ] 
INFO:  Idle: 0,  Running: 23,  Completed: 977 [  7h 22m  ] 
INFO:  Idle: 0,  Running: 23,  Completed: 977 [  7h 22m  ] 
INFO:  Idle: 0,  Running: 23,  Completed: 977 [  7h 23m  ] 
INFO:  Idle: 0,  Running: 23,  Completed: 977 [  7h 23m  ] 
INFO:  Idle: 0,  Running: 23,  Completed: 977 [  7h 24m  ] 
INFO:  Idle: 0,  Running: 23,  Completed: 977 [  7h 24m  ] 
INFO:  Idle: 0,  Running: 23,  Completed: 977 [  7h 25m  ] 
INFO:  Idle: 0,  Running: 22,  Completed: 978 [  7h 25m  ] 
INFO:  Idle: 0,  Running: 21,  Completed: 979 [  7h 26m  ] 
INFO:  Idle: 0,  Running: 20,  Completed: 980 [  7h 26m  ] 
INFO:  Idle: 0,  Running: 20,  Completed: 980 [  7h 27m  ] 
INFO:  Idle: 0,  Running: 19,  Completed: 981 [  7h 27m  ] 
INFO:  Idle: 0,  Running: 19,  Completed: 981 [  7h 28m  ] 
INFO:  Idle: 0,  Running: 19,  Completed: 981 [  7h 28m  ] 
INFO:  Idle: 0,  Running: 19,  Completed: 981 [  7h 29m  ] 
INFO:  Idle: 0,  Running: 19,  Completed: 981 [  7h 29m  ] 
qstat: Invalid credential 
INFO: All jobs finished 
launch in debug mode
