[?1034hNo module named madgraph.madweight.Cards
************************************************************
*                                                          *
*           W E L C O M E  to  M A D G R A P H  5          *
*                      M A D W E I G H T                   *
*                                                          *
*                 *                       *                *
*                   *        * *        *                  *
*                     * * * * 5 * * * *                    *
*                   *        * *        *                  *
*                 *                       *                *
*                                                          *
*         VERSION 5.2.1.0.beta                             *
*                                                          *
*    The MadGraph Development Team - Please visit us at    *
*    https://server06.fynu.ucl.ac.be/projects/madgraph     *
*                                                          *
*               Type 'help' for in-line help.              *
*                                                          *
************************************************************
INFO: load configuration from /grid_mnt/storage__localgrid/aolbrech/madweight_amcnlo/ttbarSemiMuPlus_QED2_SLC6/Cards/me5_configuration.txt  
INFO: load configuration from /grid_mnt/storage__localgrid/aolbrech/madweight_amcnlo/input/mg5_configuration.txt  
INFO: load configuration from /grid_mnt/storage__localgrid/aolbrech/madweight_amcnlo/ttbarSemiMuPlus_QED2_SLC6/Cards/me5_configuration.txt  
No valid eps viewer found. Please set in ./input/mg5_configuration.txt
No valid web browser found. Please set in ./input/mg5_configuration.txt
submit_jobs
Start waiting for update. (more info in debug mode)
INFO:  Idle: 1562,  Running: 393,  Completed: 45 [  0.62s  ] 
INFO:  Idle: 1513,  Running: 400,  Completed: 87 [  31.2s  ] 
INFO:  Idle: 1448,  Running: 396,  Completed: 156 [  1m 1s  ] 
INFO:  Idle: 1412,  Running: 396,  Completed: 192 [  1m 32s  ] 
INFO:  Idle: 1375,  Running: 398,  Completed: 227 [  2m 2s  ] 
INFO: Start to wait 600s between checking status.
Note that you can change this time in the configuration file.
Press ctrl-C to force the update. 
INFO:  Idle: 1328,  Running: 400,  Completed: 272 [  12m 3s  ] 
INFO:  Idle: 1327,  Running: 400,  Completed: 273 [  22m 4s  ] 
INFO:  Idle: 1327,  Running: 400,  Completed: 273 [  32m 5s  ] 
INFO:  Idle: 1323,  Running: 400,  Completed: 277 [  42m 5s  ] 
INFO:  Idle: 1314,  Running: 400,  Completed: 286 [  52m 6s  ] 
INFO:  Idle: 1305,  Running: 398,  Completed: 297 [  1h 2m  ] 
INFO:  Idle: 1281,  Running: 400,  Completed: 319 [  1h 12m  ] 
INFO:  Idle: 1247,  Running: 400,  Completed: 353 [  1h 22m  ] 
INFO:  Idle: 1192,  Running: 399,  Completed: 409 [  1h 32m  ] 
INFO:  Idle: 1069,  Running: 400,  Completed: 531 [  1h 42m  ] 
INFO:  Idle: 1034,  Running: 400,  Completed: 566 [  1h 52m  ] 
INFO:  Idle: 998,  Running: 399,  Completed: 603 [  2h 2m  ] 
INFO:  Idle: 974,  Running: 400,  Completed: 626 [  2h 12m  ] 
INFO:  Idle: 935,  Running: 400,  Completed: 665 [  2h 22m  ] 
INFO:  Idle: 901,  Running: 400,  Completed: 699 [  2h 32m  ] 
INFO:  Idle: 870,  Running: 400,  Completed: 730 [  2h 42m  ] 
INFO:  Idle: 835,  Running: 400,  Completed: 765 [  2h 52m  ] 
INFO:  Idle: 806,  Running: 400,  Completed: 794 [  3h 2m  ] 
INFO:  Idle: 778,  Running: 400,  Completed: 822 [  3h 12m  ] 
INFO:  Idle: 748,  Running: 400,  Completed: 852 [  3h 22m  ] 
INFO:  Idle: 716,  Running: 400,  Completed: 884 [  3h 32m  ] 
INFO:  Idle: 688,  Running: 399,  Completed: 913 [  3h 42m  ] 
INFO:  Idle: 663,  Running: 400,  Completed: 937 [  3h 52m  ] 
INFO:  Idle: 621,  Running: 400,  Completed: 979 [  4h 2m  ] 
INFO:  Idle: 592,  Running: 400,  Completed: 1008 [  4h 12m  ] 
INFO:  Idle: 572,  Running: 400,  Completed: 1028 [  4h 22m  ] 
INFO:  Idle: 536,  Running: 400,  Completed: 1064 [  4h 32m  ] 
INFO:  Idle: 518,  Running: 400,  Completed: 1082 [  4h 42m  ] 
INFO:  Idle: 493,  Running: 400,  Completed: 1107 [  4h 52m  ] 
INFO:  Idle: 463,  Running: 400,  Completed: 1137 [  5h 2m  ] 
INFO:  Idle: 424,  Running: 398,  Completed: 1178 [  5h 12m  ] 
INFO:  Idle: 389,  Running: 400,  Completed: 1211 [  5h 22m  ] 
INFO:  Idle: 386,  Running: 400,  Completed: 1214 [  5h 22m  ] 
INFO:  Idle: 383,  Running: 399,  Completed: 1218 [  5h 23m  ] 
INFO:  Idle: 381,  Running: 400,  Completed: 1219 [  5h 23m  ] 
INFO:  Idle: 379,  Running: 400,  Completed: 1221 [  5h 24m  ] 
INFO:  Idle: 377,  Running: 399,  Completed: 1224 [  5h 24m  ] 
INFO:  Idle: 375,  Running: 400,  Completed: 1225 [  5h 25m  ] 
INFO:  Idle: 374,  Running: 400,  Completed: 1226 [  5h 25m  ] 
INFO:  Idle: 374,  Running: 400,  Completed: 1226 [  5h 26m  ] 
INFO:  Idle: 374,  Running: 399,  Completed: 1227 [  5h 26m  ] 
INFO:  Idle: 373,  Running: 400,  Completed: 1227 [  5h 27m  ] 
INFO:  Idle: 369,  Running: 399,  Completed: 1232 [  5h 27m  ] 
INFO:  Idle: 368,  Running: 400,  Completed: 1232 [  5h 28m  ] 
INFO:  Idle: 365,  Running: 400,  Completed: 1235 [  5h 28m  ] 
INFO:  Idle: 362,  Running: 399,  Completed: 1239 [  5h 29m  ] 
INFO:  Idle: 361,  Running: 400,  Completed: 1239 [  5h 29m  ] 
INFO:  Idle: 361,  Running: 398,  Completed: 1241 [  5h 30m  ] 
INFO:  Idle: 358,  Running: 400,  Completed: 1242 [  5h 30m  ] 
INFO:  Idle: 358,  Running: 400,  Completed: 1242 [  5h 31m  ] 
INFO:  Idle: 358,  Running: 400,  Completed: 1242 [  5h 32m  ] 
INFO:  Idle: 357,  Running: 400,  Completed: 1243 [  5h 32m  ] 
INFO:  Idle: 354,  Running: 400,  Completed: 1246 [  5h 33m  ] 
INFO:  Idle: 353,  Running: 398,  Completed: 1249 [  5h 33m  ] 
INFO:  Idle: 350,  Running: 400,  Completed: 1250 [  5h 34m  ] 
INFO:  Idle: 350,  Running: 400,  Completed: 1250 [  5h 34m  ] 
INFO:  Idle: 347,  Running: 399,  Completed: 1254 [  5h 35m  ] 
INFO:  Idle: 345,  Running: 399,  Completed: 1256 [  5h 35m  ] 
INFO:  Idle: 342,  Running: 400,  Completed: 1258 [  5h 36m  ] 
INFO:  Idle: 341,  Running: 400,  Completed: 1259 [  5h 36m  ] 
INFO:  Idle: 336,  Running: 400,  Completed: 1264 [  5h 37m  ] 
INFO:  Idle: 336,  Running: 400,  Completed: 1264 [  5h 37m  ] 
INFO:  Idle: 333,  Running: 400,  Completed: 1267 [  5h 38m  ] 
INFO:  Idle: 331,  Running: 400,  Completed: 1269 [  5h 38m  ] 
INFO:  Idle: 328,  Running: 399,  Completed: 1273 [  5h 39m  ] 
INFO:  Idle: 325,  Running: 400,  Completed: 1275 [  5h 39m  ] 
INFO:  Idle: 323,  Running: 400,  Completed: 1277 [  5h 40m  ] 
INFO:  Idle: 322,  Running: 400,  Completed: 1278 [  5h 40m  ] 
INFO:  Idle: 320,  Running: 399,  Completed: 1281 [  5h 41m  ] 
INFO:  Idle: 316,  Running: 400,  Completed: 1284 [  5h 41m  ] 
INFO:  Idle: 315,  Running: 400,  Completed: 1285 [  5h 42m  ] 
INFO:  Idle: 313,  Running: 400,  Completed: 1287 [  5h 42m  ] 
INFO:  Idle: 310,  Running: 399,  Completed: 1291 [  5h 43m  ] 
INFO:  Idle: 308,  Running: 400,  Completed: 1292 [  5h 43m  ] 
INFO:  Idle: 306,  Running: 400,  Completed: 1294 [  5h 44m  ] 
INFO:  Idle: 305,  Running: 400,  Completed: 1295 [  5h 44m  ] 
INFO:  Idle: 305,  Running: 400,  Completed: 1295 [  5h 45m  ] 
INFO:  Idle: 304,  Running: 400,  Completed: 1296 [  5h 45m  ] 
INFO:  Idle: 303,  Running: 399,  Completed: 1298 [  5h 46m  ] 
INFO:  Idle: 302,  Running: 400,  Completed: 1298 [  5h 46m  ] 
INFO:  Idle: 302,  Running: 399,  Completed: 1299 [  5h 47m  ] 
INFO:  Idle: 300,  Running: 399,  Completed: 1301 [  5h 47m  ] 
INFO:  Idle: 299,  Running: 398,  Completed: 1303 [  5h 48m  ] 
INFO:  Idle: 296,  Running: 399,  Completed: 1305 [  5h 48m  ] 
INFO:  Idle: 294,  Running: 400,  Completed: 1306 [  5h 49m  ] 
INFO:  Idle: 290,  Running: 400,  Completed: 1310 [  5h 49m  ] 
INFO:  Idle: 289,  Running: 400,  Completed: 1311 [  5h 50m  ] 
INFO:  Idle: 289,  Running: 400,  Completed: 1311 [  5h 50m  ] 
INFO:  Idle: 289,  Running: 399,  Completed: 1312 [  5h 51m  ] 
INFO:  Idle: 286,  Running: 399,  Completed: 1315 [  5h 51m  ] 
INFO:  Idle: 285,  Running: 399,  Completed: 1316 [  5h 52m  ] 
INFO:  Idle: 284,  Running: 399,  Completed: 1317 [  5h 52m  ] 
INFO:  Idle: 284,  Running: 399,  Completed: 1317 [  5h 53m  ] 
INFO:  Idle: 282,  Running: 399,  Completed: 1319 [  5h 53m  ] 
INFO:  Idle: 280,  Running: 400,  Completed: 1320 [  5h 54m  ] 
INFO:  Idle: 280,  Running: 399,  Completed: 1321 [  5h 54m  ] 
INFO:  Idle: 280,  Running: 399,  Completed: 1321 [  5h 55m  ] 
INFO:  Idle: 280,  Running: 397,  Completed: 1323 [  5h 55m  ] 
INFO:  Idle: 280,  Running: 396,  Completed: 1324 [  5h 56m  ] 
INFO:  Idle: 280,  Running: 395,  Completed: 1325 [  5h 56m  ] 
INFO:  Idle: 280,  Running: 395,  Completed: 1325 [  5h 57m  ] 
INFO:  Idle: 280,  Running: 389,  Completed: 1331 [  5h 57m  ] 
INFO:  Idle: 280,  Running: 388,  Completed: 1332 [  5h 58m  ] 
INFO:  Idle: 280,  Running: 388,  Completed: 1332 [  5h 58m  ] 
INFO:  Idle: 280,  Running: 385,  Completed: 1335 [  5h 59m  ] 
INFO:  Idle: 280,  Running: 383,  Completed: 1337 [  5h 59m  ] 
INFO:  Idle: 280,  Running: 382,  Completed: 1338 [  6h 0m  ] 
INFO:  Idle: 280,  Running: 381,  Completed: 1339 [  6h 0m  ] 
INFO:  Idle: 280,  Running: 380,  Completed: 1340 [  6h 1m  ] 
INFO:  Idle: 280,  Running: 380,  Completed: 1340 [  6h 1m  ] 
INFO:  Idle: 279,  Running: 381,  Completed: 1340 [  6h 2m  ] 
INFO:  Idle: 278,  Running: 382,  Completed: 1340 [  6h 2m  ] 
INFO:  Idle: 276,  Running: 383,  Completed: 1341 [  6h 3m  ] 
INFO:  Idle: 273,  Running: 385,  Completed: 1342 [  6h 3m  ] 
INFO:  Idle: 273,  Running: 385,  Completed: 1342 [  6h 4m  ] 
INFO:  Idle: 270,  Running: 385,  Completed: 1345 [  6h 4m  ] 
INFO:  Idle: 269,  Running: 385,  Completed: 1346 [  6h 5m  ] 
INFO:  Idle: 267,  Running: 386,  Completed: 1347 [  6h 5m  ] 
INFO:  Idle: 267,  Running: 386,  Completed: 1347 [  6h 6m  ] 
INFO:  Idle: 266,  Running: 387,  Completed: 1347 [  6h 6m  ] 
INFO:  Idle: 264,  Running: 387,  Completed: 1349 [  6h 7m  ] 
INFO:  Idle: 260,  Running: 388,  Completed: 1352 [  6h 7m  ] 
INFO:  Idle: 258,  Running: 388,  Completed: 1354 [  6h 8m  ] 
INFO:  Idle: 256,  Running: 388,  Completed: 1356 [  6h 8m  ] 
INFO:  Idle: 254,  Running: 388,  Completed: 1358 [  6h 9m  ] 
INFO:  Idle: 252,  Running: 388,  Completed: 1360 [  6h 9m  ] 
INFO:  Idle: 251,  Running: 388,  Completed: 1361 [  6h 10m  ] 
INFO:  Idle: 251,  Running: 387,  Completed: 1362 [  6h 10m  ] 
INFO:  Idle: 250,  Running: 388,  Completed: 1362 [  6h 11m  ] 
INFO:  Idle: 248,  Running: 388,  Completed: 1364 [  6h 11m  ] 
INFO:  Idle: 248,  Running: 388,  Completed: 1364 [  6h 12m  ] 
INFO:  Idle: 244,  Running: 389,  Completed: 1367 [  6h 12m  ] 
INFO:  Idle: 242,  Running: 389,  Completed: 1369 [  6h 13m  ] 
INFO:  Idle: 239,  Running: 389,  Completed: 1372 [  6h 13m  ] 
INFO:  Idle: 238,  Running: 389,  Completed: 1373 [  6h 14m  ] 
INFO:  Idle: 236,  Running: 390,  Completed: 1374 [  6h 14m  ] 
INFO:  Idle: 233,  Running: 390,  Completed: 1377 [  6h 15m  ] 
INFO:  Idle: 233,  Running: 390,  Completed: 1377 [  6h 15m  ] 
INFO:  Idle: 231,  Running: 389,  Completed: 1380 [  6h 16m  ] 
INFO:  Idle: 230,  Running: 390,  Completed: 1380 [  6h 16m  ] 
INFO:  Idle: 230,  Running: 390,  Completed: 1380 [  6h 17m  ] 
INFO:  Idle: 229,  Running: 390,  Completed: 1381 [  6h 17m  ] 
INFO:  Idle: 227,  Running: 391,  Completed: 1382 [  6h 18m  ] 
INFO:  Idle: 226,  Running: 391,  Completed: 1383 [  6h 18m  ] 
INFO:  Idle: 226,  Running: 391,  Completed: 1383 [  6h 19m  ] 
INFO:  Idle: 226,  Running: 390,  Completed: 1384 [  6h 19m  ] 
INFO:  Idle: 225,  Running: 390,  Completed: 1385 [  6h 20m  ] 
INFO:  Idle: 224,  Running: 391,  Completed: 1385 [  6h 20m  ] 
INFO:  Idle: 224,  Running: 391,  Completed: 1385 [  6h 21m  ] 
INFO:  Idle: 222,  Running: 391,  Completed: 1387 [  6h 21m  ] 
INFO:  Idle: 222,  Running: 391,  Completed: 1387 [  6h 22m  ] 
INFO:  Idle: 217,  Running: 391,  Completed: 1392 [  6h 23m  ] 
INFO:  Idle: 217,  Running: 391,  Completed: 1392 [  6h 23m  ] 
INFO:  Idle: 214,  Running: 391,  Completed: 1395 [  6h 24m  ] 
INFO:  Idle: 214,  Running: 391,  Completed: 1395 [  6h 24m  ] 
INFO:  Idle: 213,  Running: 391,  Completed: 1396 [  6h 25m  ] 
INFO:  Idle: 210,  Running: 390,  Completed: 1400 [  6h 25m  ] 
INFO:  Idle: 209,  Running: 391,  Completed: 1400 [  6h 26m  ] 
INFO:  Idle: 205,  Running: 391,  Completed: 1404 [  6h 26m  ] 
INFO:  Idle: 203,  Running: 392,  Completed: 1405 [  6h 27m  ] 
INFO:  Idle: 200,  Running: 392,  Completed: 1408 [  6h 27m  ] 
INFO:  Idle: 200,  Running: 392,  Completed: 1408 [  6h 28m  ] 
INFO:  Idle: 197,  Running: 392,  Completed: 1411 [  6h 28m  ] 
INFO:  Idle: 194,  Running: 392,  Completed: 1414 [  6h 29m  ] 
INFO:  Idle: 191,  Running: 392,  Completed: 1417 [  6h 29m  ] 
INFO:  Idle: 191,  Running: 392,  Completed: 1417 [  6h 30m  ] 
INFO:  Idle: 188,  Running: 392,  Completed: 1420 [  6h 30m  ] 
INFO:  Idle: 188,  Running: 392,  Completed: 1420 [  6h 31m  ] 
INFO:  Idle: 185,  Running: 392,  Completed: 1423 [  6h 31m  ] 
INFO:  Idle: 184,  Running: 392,  Completed: 1424 [  6h 32m  ] 
INFO:  Idle: 184,  Running: 392,  Completed: 1424 [  6h 32m  ] 
INFO:  Idle: 180,  Running: 392,  Completed: 1428 [  6h 33m  ] 
INFO:  Idle: 180,  Running: 392,  Completed: 1428 [  6h 33m  ] 
INFO:  Idle: 180,  Running: 391,  Completed: 1429 [  6h 34m  ] 
INFO:  Idle: 178,  Running: 392,  Completed: 1430 [  6h 34m  ] 
INFO:  Idle: 177,  Running: 392,  Completed: 1431 [  6h 35m  ] 
INFO:  Idle: 174,  Running: 392,  Completed: 1434 [  6h 35m  ] 
INFO:  Idle: 172,  Running: 393,  Completed: 1435 [  6h 36m  ] 
INFO:  Idle: 170,  Running: 393,  Completed: 1437 [  6h 36m  ] 
INFO:  Idle: 168,  Running: 393,  Completed: 1439 [  6h 37m  ] 
INFO:  Idle: 167,  Running: 393,  Completed: 1440 [  6h 37m  ] 
INFO:  Idle: 167,  Running: 393,  Completed: 1440 [  6h 38m  ] 
INFO:  Idle: 167,  Running: 393,  Completed: 1440 [  6h 38m  ] 
INFO:  Idle: 165,  Running: 393,  Completed: 1442 [  6h 39m  ] 
INFO:  Idle: 165,  Running: 393,  Completed: 1442 [  6h 39m  ] 
INFO:  Idle: 165,  Running: 392,  Completed: 1443 [  6h 40m  ] 
INFO:  Idle: 162,  Running: 393,  Completed: 1445 [  6h 40m  ] 
INFO:  Idle: 156,  Running: 394,  Completed: 1450 [  6h 41m  ] 
INFO:  Idle: 156,  Running: 394,  Completed: 1450 [  6h 41m  ] 
INFO:  Idle: 156,  Running: 394,  Completed: 1450 [  6h 42m  ] 
INFO:  Idle: 155,  Running: 394,  Completed: 1451 [  6h 42m  ] 
INFO:  Idle: 151,  Running: 393,  Completed: 1456 [  6h 43m  ] 
INFO:  Idle: 148,  Running: 394,  Completed: 1458 [  6h 43m  ] 
INFO:  Idle: 143,  Running: 395,  Completed: 1462 [  6h 44m  ] 
INFO:  Idle: 141,  Running: 395,  Completed: 1464 [  6h 44m  ] 
INFO:  Idle: 139,  Running: 396,  Completed: 1465 [  6h 45m  ] 
INFO:  Idle: 139,  Running: 396,  Completed: 1465 [  6h 45m  ] 
INFO:  Idle: 138,  Running: 396,  Completed: 1466 [  6h 46m  ] 
INFO:  Idle: 136,  Running: 397,  Completed: 1467 [  6h 46m  ] 
INFO:  Idle: 134,  Running: 397,  Completed: 1469 [  6h 47m  ] 
INFO:  Idle: 132,  Running: 397,  Completed: 1471 [  6h 47m  ] 
INFO:  Idle: 131,  Running: 396,  Completed: 1473 [  6h 48m  ] 
INFO:  Idle: 128,  Running: 398,  Completed: 1474 [  6h 48m  ] 
INFO:  Idle: 127,  Running: 398,  Completed: 1475 [  6h 49m  ] 
INFO:  Idle: 126,  Running: 397,  Completed: 1477 [  6h 49m  ] 
INFO:  Idle: 124,  Running: 398,  Completed: 1478 [  6h 50m  ] 
INFO:  Idle: 124,  Running: 398,  Completed: 1478 [  6h 50m  ] 
INFO:  Idle: 124,  Running: 398,  Completed: 1478 [  6h 51m  ] 
INFO:  Idle: 124,  Running: 398,  Completed: 1478 [  6h 51m  ] 
INFO:  Idle: 124,  Running: 398,  Completed: 1478 [  6h 52m  ] 
INFO:  Idle: 123,  Running: 397,  Completed: 1480 [  6h 52m  ] 
INFO:  Idle: 120,  Running: 398,  Completed: 1482 [  6h 53m  ] 
INFO:  Idle: 120,  Running: 397,  Completed: 1483 [  6h 53m  ] 
INFO:  Idle: 117,  Running: 398,  Completed: 1485 [  6h 54m  ] 
INFO:  Idle: 117,  Running: 398,  Completed: 1485 [  6h 54m  ] 
INFO:  Idle: 117,  Running: 398,  Completed: 1485 [  6h 55m  ] 
INFO:  Idle: 114,  Running: 399,  Completed: 1487 [  6h 55m  ] 
INFO:  Idle: 113,  Running: 400,  Completed: 1487 [  6h 56m  ] 
INFO:  Idle: 113,  Running: 400,  Completed: 1487 [  6h 56m  ] 
INFO:  Idle: 112,  Running: 400,  Completed: 1488 [  6h 57m  ] 
INFO:  Idle: 112,  Running: 398,  Completed: 1490 [  6h 57m  ] 
INFO:  Idle: 112,  Running: 397,  Completed: 1491 [  6h 58m  ] 
INFO:  Idle: 112,  Running: 396,  Completed: 1492 [  6h 58m  ] 
INFO:  Idle: 112,  Running: 394,  Completed: 1494 [  6h 59m  ] 
INFO:  Idle: 112,  Running: 394,  Completed: 1494 [  6h 59m  ] 
INFO:  Idle: 112,  Running: 393,  Completed: 1495 [  7h 0m  ] 
INFO:  Idle: 112,  Running: 392,  Completed: 1496 [  7h 0m  ] 
INFO:  Idle: 112,  Running: 390,  Completed: 1498 [  7h 1m  ] 
INFO:  Idle: 112,  Running: 390,  Completed: 1498 [  7h 1m  ] 
INFO:  Idle: 112,  Running: 388,  Completed: 1500 [  7h 2m  ] 
INFO:  Idle: 112,  Running: 386,  Completed: 1502 [  7h 2m  ] 
INFO:  Idle: 112,  Running: 381,  Completed: 1507 [  7h 3m  ] 
INFO:  Idle: 112,  Running: 380,  Completed: 1508 [  7h 3m  ] 
INFO:  Idle: 112,  Running: 380,  Completed: 1508 [  7h 4m  ] 
INFO:  Idle: 112,  Running: 378,  Completed: 1510 [  7h 4m  ] 
INFO:  Idle: 112,  Running: 376,  Completed: 1512 [  7h 5m  ] 
INFO:  Idle: 112,  Running: 374,  Completed: 1514 [  7h 5m  ] 
INFO:  Idle: 112,  Running: 372,  Completed: 1516 [  7h 6m  ] 
INFO:  Idle: 112,  Running: 367,  Completed: 1521 [  7h 6m  ] 
INFO:  Idle: 112,  Running: 365,  Completed: 1523 [  7h 7m  ] 
INFO:  Idle: 112,  Running: 365,  Completed: 1523 [  7h 7m  ] 
INFO:  Idle: 112,  Running: 364,  Completed: 1524 [  7h 8m  ] 
INFO:  Idle: 112,  Running: 361,  Completed: 1527 [  7h 8m  ] 
INFO:  Idle: 112,  Running: 361,  Completed: 1527 [  7h 9m  ] 
INFO:  Idle: 112,  Running: 359,  Completed: 1529 [  7h 9m  ] 
INFO:  Idle: 112,  Running: 359,  Completed: 1529 [  7h 10m  ] 
INFO:  Idle: 107,  Running: 362,  Completed: 1531 [  7h 10m  ] 
INFO:  Idle: 103,  Running: 365,  Completed: 1532 [  7h 11m  ] 
INFO:  Idle: 102,  Running: 365,  Completed: 1533 [  7h 11m  ] 
INFO:  Idle: 102,  Running: 364,  Completed: 1534 [  7h 12m  ] 
INFO:  Idle: 101,  Running: 364,  Completed: 1535 [  7h 12m  ] 
INFO:  Idle: 101,  Running: 364,  Completed: 1535 [  7h 13m  ] 
INFO:  Idle: 99,  Running: 364,  Completed: 1537 [  7h 13m  ] 
INFO:  Idle: 95,  Running: 365,  Completed: 1540 [  7h 14m  ] 
INFO:  Idle: 92,  Running: 368,  Completed: 1540 [  7h 14m  ] 
INFO:  Idle: 91,  Running: 368,  Completed: 1541 [  7h 15m  ] 
INFO:  Idle: 87,  Running: 370,  Completed: 1543 [  7h 15m  ] 
INFO:  Idle: 87,  Running: 370,  Completed: 1543 [  7h 16m  ] 
INFO:  Idle: 84,  Running: 369,  Completed: 1547 [  7h 16m  ] 
INFO:  Idle: 81,  Running: 371,  Completed: 1548 [  7h 17m  ] 
INFO:  Idle: 80,  Running: 372,  Completed: 1548 [  7h 17m  ] 
INFO:  Idle: 77,  Running: 372,  Completed: 1551 [  7h 18m  ] 
INFO:  Idle: 72,  Running: 372,  Completed: 1556 [  7h 18m  ] 
INFO:  Idle: 69,  Running: 373,  Completed: 1558 [  7h 19m  ] 
INFO:  Idle: 68,  Running: 373,  Completed: 1559 [  7h 19m  ] 
INFO:  Idle: 68,  Running: 372,  Completed: 1560 [  7h 20m  ] 
INFO:  Idle: 68,  Running: 371,  Completed: 1561 [  7h 21m  ] 
INFO:  Idle: 64,  Running: 372,  Completed: 1564 [  7h 21m  ] 
INFO:  Idle: 62,  Running: 374,  Completed: 1564 [  7h 22m  ] 
INFO:  Idle: 60,  Running: 374,  Completed: 1566 [  7h 22m  ] 
INFO:  Idle: 57,  Running: 375,  Completed: 1568 [  7h 23m  ] 
INFO:  Idle: 55,  Running: 375,  Completed: 1570 [  7h 23m  ] 
INFO:  Idle: 53,  Running: 376,  Completed: 1571 [  7h 24m  ] 
INFO:  Idle: 51,  Running: 376,  Completed: 1573 [  7h 24m  ] 
INFO:  Idle: 49,  Running: 375,  Completed: 1576 [  7h 25m  ] 
INFO:  Idle: 47,  Running: 376,  Completed: 1577 [  7h 25m  ] 
INFO:  Idle: 44,  Running: 376,  Completed: 1580 [  7h 26m  ] 
INFO:  Idle: 44,  Running: 376,  Completed: 1580 [  7h 26m  ] 
INFO:  Idle: 42,  Running: 375,  Completed: 1583 [  7h 27m  ] 
INFO:  Idle: 40,  Running: 376,  Completed: 1584 [  7h 27m  ] 
INFO:  Idle: 38,  Running: 377,  Completed: 1585 [  7h 28m  ] 
INFO:  Idle: 37,  Running: 377,  Completed: 1586 [  7h 28m  ] 
INFO:  Idle: 35,  Running: 377,  Completed: 1588 [  7h 29m  ] 
INFO:  Idle: 33,  Running: 378,  Completed: 1589 [  7h 29m  ] 
INFO:  Idle: 30,  Running: 378,  Completed: 1592 [  7h 30m  ] 
INFO:  Idle: 30,  Running: 378,  Completed: 1592 [  7h 30m  ] 
INFO:  Idle: 28,  Running: 378,  Completed: 1594 [  7h 31m  ] 
INFO:  Idle: 25,  Running: 379,  Completed: 1596 [  7h 31m  ] 
INFO:  Idle: 24,  Running: 380,  Completed: 1596 [  7h 32m  ] 
INFO:  Idle: 20,  Running: 381,  Completed: 1599 [  7h 32m  ] 
INFO:  Idle: 20,  Running: 381,  Completed: 1599 [  7h 33m  ] 
INFO:  Idle: 18,  Running: 380,  Completed: 1602 [  7h 33m  ] 
INFO:  Idle: 13,  Running: 381,  Completed: 1606 [  7h 34m  ] 
INFO:  Idle: 10,  Running: 383,  Completed: 1607 [  7h 34m  ] 
INFO:  Idle: 6,  Running: 384,  Completed: 1610 [  7h 35m  ] 
INFO:  Idle: 4,  Running: 385,  Completed: 1611 [  7h 35m  ] 
INFO:  Idle: 2,  Running: 386,  Completed: 1612 [  7h 36m  ] 
INFO:  Idle: 1,  Running: 385,  Completed: 1614 [  7h 36m  ] 
INFO:  Idle: 0,  Running: 385,  Completed: 1615 [  7h 37m  ] 
INFO:  Idle: 0,  Running: 382,  Completed: 1618 [  7h 37m  ] 
INFO:  Idle: 0,  Running: 381,  Completed: 1619 [  7h 38m  ] 
INFO:  Idle: 0,  Running: 379,  Completed: 1621 [  7h 38m  ] 
INFO:  Idle: 0,  Running: 378,  Completed: 1622 [  7h 39m  ] 
INFO:  Idle: 0,  Running: 376,  Completed: 1624 [  7h 39m  ] 
INFO:  Idle: 0,  Running: 374,  Completed: 1626 [  7h 40m  ] 
INFO:  Idle: 0,  Running: 372,  Completed: 1628 [  7h 40m  ] 
INFO:  Idle: 0,  Running: 370,  Completed: 1630 [  7h 41m  ] 
INFO:  Idle: 0,  Running: 369,  Completed: 1631 [  7h 41m  ] 
INFO:  Idle: 0,  Running: 369,  Completed: 1631 [  7h 42m  ] 
INFO:  Idle: 0,  Running: 369,  Completed: 1631 [  7h 42m  ] 
INFO:  Idle: 0,  Running: 367,  Completed: 1633 [  7h 43m  ] 
INFO:  Idle: 0,  Running: 365,  Completed: 1635 [  7h 43m  ] 
INFO:  Idle: 0,  Running: 363,  Completed: 1637 [  7h 44m  ] 
INFO:  Idle: 0,  Running: 363,  Completed: 1637 [  7h 44m  ] 
INFO:  Idle: 0,  Running: 363,  Completed: 1637 [  7h 45m  ] 
INFO:  Idle: 0,  Running: 361,  Completed: 1639 [  7h 45m  ] 
INFO:  Idle: 0,  Running: 358,  Completed: 1642 [  7h 46m  ] 
INFO:  Idle: 0,  Running: 357,  Completed: 1643 [  7h 46m  ] 
INFO:  Idle: 0,  Running: 355,  Completed: 1645 [  7h 47m  ] 
INFO:  Idle: 0,  Running: 354,  Completed: 1646 [  7h 47m  ] 
INFO:  Idle: 0,  Running: 352,  Completed: 1648 [  7h 48m  ] 
INFO:  Idle: 0,  Running: 349,  Completed: 1651 [  7h 48m  ] 
INFO:  Idle: 0,  Running: 346,  Completed: 1654 [  7h 49m  ] 
INFO:  Idle: 0,  Running: 345,  Completed: 1655 [  7h 49m  ] 
INFO:  Idle: 0,  Running: 343,  Completed: 1657 [  7h 50m  ] 
INFO:  Idle: 0,  Running: 342,  Completed: 1658 [  7h 50m  ] 
INFO:  Idle: 0,  Running: 341,  Completed: 1659 [  7h 51m  ] 
INFO:  Idle: 0,  Running: 340,  Completed: 1660 [  7h 51m  ] 
INFO:  Idle: 0,  Running: 339,  Completed: 1661 [  7h 52m  ] 
INFO:  Idle: 0,  Running: 337,  Completed: 1663 [  7h 52m  ] 
INFO:  Idle: 0,  Running: 337,  Completed: 1663 [  7h 53m  ] 
INFO:  Idle: 0,  Running: 336,  Completed: 1664 [  7h 53m  ] 
INFO:  Idle: 0,  Running: 333,  Completed: 1667 [  7h 54m  ] 
INFO:  Idle: 0,  Running: 332,  Completed: 1668 [  7h 54m  ] 
INFO:  Idle: 0,  Running: 330,  Completed: 1670 [  7h 55m  ] 
INFO:  Idle: 0,  Running: 329,  Completed: 1671 [  7h 55m  ] 
INFO:  Idle: 0,  Running: 328,  Completed: 1672 [  7h 56m  ] 
INFO:  Idle: 0,  Running: 327,  Completed: 1673 [  7h 56m  ] 
INFO:  Idle: 0,  Running: 326,  Completed: 1674 [  7h 57m  ] 
INFO:  Idle: 0,  Running: 324,  Completed: 1676 [  7h 57m  ] 
INFO:  Idle: 0,  Running: 323,  Completed: 1677 [  7h 58m  ] 
INFO:  Idle: 0,  Running: 321,  Completed: 1679 [  7h 58m  ] 
INFO:  Idle: 0,  Running: 319,  Completed: 1681 [  7h 59m  ] 
INFO:  Idle: 0,  Running: 317,  Completed: 1683 [  7h 59m  ] 
INFO:  Idle: 0,  Running: 313,  Completed: 1687 [  8h 0m  ] 
INFO:  Idle: 0,  Running: 312,  Completed: 1688 [  8h 0m  ] 
INFO:  Idle: 0,  Running: 309,  Completed: 1691 [  8h 1m  ] 
INFO:  Idle: 0,  Running: 306,  Completed: 1694 [  8h 1m  ] 
INFO:  Idle: 0,  Running: 304,  Completed: 1696 [  8h 2m  ] 
INFO:  Idle: 0,  Running: 302,  Completed: 1698 [  8h 2m  ] 
INFO:  Idle: 0,  Running: 299,  Completed: 1701 [  8h 3m  ] 
INFO:  Idle: 0,  Running: 297,  Completed: 1703 [  8h 3m  ] 
INFO:  Idle: 0,  Running: 295,  Completed: 1705 [  8h 4m  ] 
INFO:  Idle: 0,  Running: 292,  Completed: 1708 [  8h 4m  ] 
INFO:  Idle: 0,  Running: 291,  Completed: 1709 [  8h 5m  ] 
INFO:  Idle: 0,  Running: 290,  Completed: 1710 [  8h 5m  ] 
INFO:  Idle: 0,  Running: 290,  Completed: 1710 [  8h 6m  ] 
INFO:  Idle: 0,  Running: 289,  Completed: 1711 [  8h 6m  ] 
INFO:  Idle: 0,  Running: 288,  Completed: 1712 [  8h 7m  ] 
INFO:  Idle: 0,  Running: 287,  Completed: 1713 [  8h 7m  ] 
INFO:  Idle: 0,  Running: 286,  Completed: 1714 [  8h 8m  ] 
INFO:  Idle: 0,  Running: 286,  Completed: 1714 [  8h 8m  ] 
INFO:  Idle: 0,  Running: 285,  Completed: 1715 [  8h 9m  ] 
INFO:  Idle: 0,  Running: 284,  Completed: 1716 [  8h 9m  ] 
INFO:  Idle: 0,  Running: 283,  Completed: 1717 [  8h 10m  ] 
INFO:  Idle: 0,  Running: 280,  Completed: 1720 [  8h 10m  ] 
INFO:  Idle: 0,  Running: 280,  Completed: 1720 [  8h 11m  ] 
INFO:  Idle: 0,  Running: 279,  Completed: 1721 [  8h 11m  ] 
INFO:  Idle: 0,  Running: 279,  Completed: 1721 [  8h 12m  ] 
INFO:  Idle: 0,  Running: 278,  Completed: 1722 [  8h 12m  ] 
INFO:  Idle: 0,  Running: 276,  Completed: 1724 [  8h 13m  ] 
INFO:  Idle: 0,  Running: 275,  Completed: 1725 [  8h 13m  ] 
INFO:  Idle: 0,  Running: 275,  Completed: 1725 [  8h 14m  ] 
INFO:  Idle: 0,  Running: 275,  Completed: 1725 [  8h 14m  ] 
INFO:  Idle: 0,  Running: 275,  Completed: 1725 [  8h 15m  ] 
INFO:  Idle: 0,  Running: 273,  Completed: 1727 [  8h 15m  ] 
INFO:  Idle: 0,  Running: 272,  Completed: 1728 [  8h 16m  ] 
INFO:  Idle: 0,  Running: 269,  Completed: 1731 [  8h 16m  ] 
INFO:  Idle: 0,  Running: 268,  Completed: 1732 [  8h 17m  ] 
INFO:  Idle: 0,  Running: 266,  Completed: 1734 [  8h 17m  ] 
INFO:  Idle: 0,  Running: 266,  Completed: 1734 [  8h 18m  ] 
INFO:  Idle: 0,  Running: 265,  Completed: 1735 [  8h 18m  ] 
INFO:  Idle: 0,  Running: 263,  Completed: 1737 [  8h 19m  ] 
INFO:  Idle: 0,  Running: 262,  Completed: 1738 [  8h 19m  ] 
INFO:  Idle: 0,  Running: 261,  Completed: 1739 [  8h 20m  ] 
INFO:  Idle: 0,  Running: 261,  Completed: 1739 [  8h 20m  ] 
INFO:  Idle: 0,  Running: 260,  Completed: 1740 [  8h 21m  ] 
INFO:  Idle: 0,  Running: 256,  Completed: 1744 [  8h 21m  ] 
INFO:  Idle: 0,  Running: 255,  Completed: 1745 [  8h 22m  ] 
INFO:  Idle: 0,  Running: 253,  Completed: 1747 [  8h 22m  ] 
INFO:  Idle: 0,  Running: 251,  Completed: 1749 [  8h 23m  ] 
INFO:  Idle: 0,  Running: 251,  Completed: 1749 [  8h 23m  ] 
INFO:  Idle: 0,  Running: 251,  Completed: 1749 [  8h 24m  ] 
INFO:  Idle: 0,  Running: 251,  Completed: 1749 [  8h 24m  ] 
INFO:  Idle: 0,  Running: 247,  Completed: 1753 [  8h 25m  ] 
INFO:  Idle: 0,  Running: 246,  Completed: 1754 [  8h 25m  ] 
INFO:  Idle: 0,  Running: 245,  Completed: 1755 [  8h 26m  ] 
INFO:  Idle: 0,  Running: 244,  Completed: 1756 [  8h 26m  ] 
INFO:  Idle: 0,  Running: 242,  Completed: 1758 [  8h 27m  ] 
INFO:  Idle: 0,  Running: 241,  Completed: 1759 [  8h 28m  ] 
INFO:  Idle: 0,  Running: 241,  Completed: 1759 [  8h 28m  ] 
INFO:  Idle: 0,  Running: 240,  Completed: 1760 [  8h 29m  ] 
INFO:  Idle: 0,  Running: 238,  Completed: 1762 [  8h 29m  ] 
INFO:  Idle: 0,  Running: 238,  Completed: 1762 [  8h 30m  ] 
INFO:  Idle: 0,  Running: 238,  Completed: 1762 [  8h 30m  ] 
INFO:  Idle: 0,  Running: 238,  Completed: 1762 [  8h 31m  ] 
INFO:  Idle: 0,  Running: 235,  Completed: 1765 [  8h 31m  ] 
INFO:  Idle: 0,  Running: 231,  Completed: 1769 [  8h 32m  ] 
INFO:  Idle: 0,  Running: 230,  Completed: 1770 [  8h 32m  ] 
INFO:  Idle: 0,  Running: 229,  Completed: 1771 [  8h 33m  ] 
INFO:  Idle: 0,  Running: 226,  Completed: 1774 [  8h 33m  ] 
INFO:  Idle: 0,  Running: 224,  Completed: 1776 [  8h 34m  ] 
INFO:  Idle: 0,  Running: 223,  Completed: 1777 [  8h 34m  ] 
INFO:  Idle: 0,  Running: 221,  Completed: 1779 [  8h 35m  ] 
INFO:  Idle: 0,  Running: 219,  Completed: 1781 [  8h 35m  ] 
INFO:  Idle: 0,  Running: 218,  Completed: 1782 [  8h 36m  ] 
INFO:  Idle: 0,  Running: 218,  Completed: 1782 [  8h 36m  ] 
INFO:  Idle: 0,  Running: 218,  Completed: 1782 [  8h 37m  ] 
INFO:  Idle: 0,  Running: 217,  Completed: 1783 [  8h 37m  ] 
INFO:  Idle: 0,  Running: 216,  Completed: 1784 [  8h 38m  ] 
INFO:  Idle: 0,  Running: 213,  Completed: 1787 [  8h 38m  ] 
INFO:  Idle: 0,  Running: 211,  Completed: 1789 [  8h 39m  ] 
INFO:  Idle: 0,  Running: 208,  Completed: 1792 [  8h 39m  ] 
INFO:  Idle: 0,  Running: 205,  Completed: 1795 [  8h 40m  ] 
INFO:  Idle: 0,  Running: 203,  Completed: 1797 [  8h 40m  ] 
INFO:  Idle: 0,  Running: 201,  Completed: 1799 [  8h 41m  ] 
INFO:  Idle: 0,  Running: 199,  Completed: 1801 [  8h 41m  ] 
INFO:  Idle: 0,  Running: 196,  Completed: 1804 [  8h 42m  ] 
INFO:  Idle: 0,  Running: 194,  Completed: 1806 [  8h 42m  ] 
INFO:  Idle: 0,  Running: 190,  Completed: 1810 [  8h 43m  ] 
INFO:  Idle: 0,  Running: 189,  Completed: 1811 [  8h 43m  ] 
INFO:  Idle: 0,  Running: 188,  Completed: 1812 [  8h 44m  ] 
INFO:  Idle: 0,  Running: 184,  Completed: 1816 [  8h 44m  ] 
INFO:  Idle: 0,  Running: 184,  Completed: 1816 [  8h 45m  ] 
INFO:  Idle: 0,  Running: 183,  Completed: 1817 [  8h 45m  ] 
INFO:  Idle: 0,  Running: 183,  Completed: 1817 [  8h 46m  ] 
INFO:  Idle: 0,  Running: 180,  Completed: 1820 [  8h 46m  ] 
INFO:  Idle: 0,  Running: 178,  Completed: 1822 [  8h 47m  ] 
INFO:  Idle: 0,  Running: 177,  Completed: 1823 [  8h 47m  ] 
INFO:  Idle: 0,  Running: 176,  Completed: 1824 [  8h 48m  ] 
INFO:  Idle: 0,  Running: 174,  Completed: 1826 [  8h 48m  ] 
INFO:  Idle: 0,  Running: 172,  Completed: 1828 [  8h 49m  ] 
INFO:  Idle: 0,  Running: 171,  Completed: 1829 [  8h 49m  ] 
INFO:  Idle: 0,  Running: 168,  Completed: 1832 [  8h 50m  ] 
INFO:  Idle: 0,  Running: 166,  Completed: 1834 [  8h 50m  ] 
INFO:  Idle: 0,  Running: 165,  Completed: 1835 [  8h 51m  ] 
INFO:  Idle: 0,  Running: 164,  Completed: 1836 [  8h 51m  ] 
INFO:  Idle: 0,  Running: 163,  Completed: 1837 [  8h 52m  ] 
INFO:  Idle: 0,  Running: 162,  Completed: 1838 [  8h 52m  ] 
INFO:  Idle: 0,  Running: 162,  Completed: 1838 [  8h 53m  ] 
INFO:  Idle: 0,  Running: 160,  Completed: 1840 [  8h 53m  ] 
INFO:  Idle: 0,  Running: 159,  Completed: 1841 [  8h 54m  ] 
INFO:  Idle: 0,  Running: 159,  Completed: 1841 [  8h 54m  ] 
INFO:  Idle: 0,  Running: 159,  Completed: 1841 [  8h 55m  ] 
INFO:  Idle: 0,  Running: 159,  Completed: 1841 [  8h 55m  ] 
INFO:  Idle: 0,  Running: 158,  Completed: 1842 [  8h 56m  ] 
INFO:  Idle: 0,  Running: 156,  Completed: 1844 [  8h 56m  ] 
INFO:  Idle: 0,  Running: 156,  Completed: 1844 [  8h 57m  ] 
INFO:  Idle: 0,  Running: 156,  Completed: 1844 [  8h 57m  ] 
INFO:  Idle: 0,  Running: 156,  Completed: 1844 [  8h 58m  ] 
INFO:  Idle: 0,  Running: 154,  Completed: 1846 [  8h 58m  ] 
INFO:  Idle: 0,  Running: 152,  Completed: 1848 [  8h 59m  ] 
INFO:  Idle: 0,  Running: 151,  Completed: 1849 [  8h 59m  ] 
INFO:  Idle: 0,  Running: 150,  Completed: 1850 [  9h 0m  ] 
INFO:  Idle: 0,  Running: 149,  Completed: 1851 [  9h 0m  ] 
INFO:  Idle: 0,  Running: 147,  Completed: 1853 [  9h 1m  ] 
INFO:  Idle: 0,  Running: 147,  Completed: 1853 [  9h 1m  ] 
INFO:  Idle: 0,  Running: 145,  Completed: 1855 [  9h 2m  ] 
INFO:  Idle: 0,  Running: 143,  Completed: 1857 [  9h 2m  ] 
INFO:  Idle: 0,  Running: 139,  Completed: 1861 [  9h 3m  ] 
INFO:  Idle: 0,  Running: 137,  Completed: 1863 [  9h 3m  ] 
INFO:  Idle: 0,  Running: 134,  Completed: 1866 [  9h 4m  ] 
INFO:  Idle: 0,  Running: 134,  Completed: 1866 [  9h 4m  ] 
INFO:  Idle: 0,  Running: 132,  Completed: 1868 [  9h 5m  ] 
INFO:  Idle: 0,  Running: 131,  Completed: 1869 [  9h 5m  ] 
INFO:  Idle: 0,  Running: 131,  Completed: 1869 [  9h 6m  ] 
INFO:  Idle: 0,  Running: 129,  Completed: 1871 [  9h 6m  ] 
INFO:  Idle: 0,  Running: 128,  Completed: 1872 [  9h 7m  ] 
INFO:  Idle: 0,  Running: 126,  Completed: 1874 [  9h 7m  ] 
INFO:  Idle: 0,  Running: 123,  Completed: 1877 [  9h 8m  ] 
INFO:  Idle: 0,  Running: 123,  Completed: 1877 [  9h 8m  ] 
INFO:  Idle: 0,  Running: 122,  Completed: 1878 [  9h 9m  ] 
INFO:  Idle: 0,  Running: 122,  Completed: 1878 [  9h 9m  ] 
INFO:  Idle: 0,  Running: 121,  Completed: 1879 [  9h 10m  ] 
INFO:  Idle: 0,  Running: 121,  Completed: 1879 [  9h 10m  ] 
INFO:  Idle: 0,  Running: 120,  Completed: 1880 [  9h 11m  ] 
INFO:  Idle: 0,  Running: 119,  Completed: 1881 [  9h 11m  ] 
INFO:  Idle: 0,  Running: 118,  Completed: 1882 [  9h 12m  ] 
INFO:  Idle: 0,  Running: 117,  Completed: 1883 [  9h 12m  ] 
INFO:  Idle: 0,  Running: 117,  Completed: 1883 [  9h 13m  ] 
INFO:  Idle: 0,  Running: 116,  Completed: 1884 [  9h 13m  ] 
INFO:  Idle: 0,  Running: 115,  Completed: 1885 [  9h 14m  ] 
INFO:  Idle: 0,  Running: 114,  Completed: 1886 [  9h 14m  ] 
INFO:  Idle: 0,  Running: 114,  Completed: 1886 [  9h 15m  ] 
INFO:  Idle: 0,  Running: 114,  Completed: 1886 [  9h 15m  ] 
INFO:  Idle: 0,  Running: 114,  Completed: 1886 [  9h 16m  ] 
INFO:  Idle: 0,  Running: 114,  Completed: 1886 [  9h 16m  ] 
INFO:  Idle: 0,  Running: 113,  Completed: 1887 [  9h 17m  ] 
INFO:  Idle: 0,  Running: 111,  Completed: 1889 [  9h 17m  ] 
INFO:  Idle: 0,  Running: 111,  Completed: 1889 [  9h 18m  ] 
INFO:  Idle: 0,  Running: 108,  Completed: 1892 [  9h 18m  ] 
INFO:  Idle: 0,  Running: 106,  Completed: 1894 [  9h 19m  ] 
INFO:  Idle: 0,  Running: 106,  Completed: 1894 [  9h 19m  ] 
INFO:  Idle: 0,  Running: 106,  Completed: 1894 [  9h 20m  ] 
INFO:  Idle: 0,  Running: 106,  Completed: 1894 [  9h 20m  ] 
INFO:  Idle: 0,  Running: 105,  Completed: 1895 [  9h 21m  ] 
INFO:  Idle: 0,  Running: 104,  Completed: 1896 [  9h 21m  ] 
INFO:  Idle: 0,  Running: 102,  Completed: 1898 [  9h 22m  ] 
INFO:  Idle: 0,  Running: 101,  Completed: 1899 [  9h 22m  ] 
INFO:  Idle: 0,  Running: 101,  Completed: 1899 [  9h 23m  ] 
INFO:  Idle: 0,  Running: 101,  Completed: 1899 [  9h 23m  ] 
INFO:  Idle: 0,  Running: 100,  Completed: 1900 [  9h 24m  ] 
INFO:  Idle: 0,  Running: 100,  Completed: 1900 [  9h 24m  ] 
INFO:  Idle: 0,  Running: 100,  Completed: 1900 [  9h 25m  ] 
INFO:  Idle: 0,  Running: 100,  Completed: 1900 [  9h 25m  ] 
INFO:  Idle: 0,  Running: 98,  Completed: 1902 [  9h 26m  ] 
INFO:  Idle: 0,  Running: 97,  Completed: 1903 [  9h 26m  ] 
INFO:  Idle: 0,  Running: 97,  Completed: 1903 [  9h 27m  ] 
INFO:  Idle: 0,  Running: 96,  Completed: 1904 [  9h 27m  ] 
INFO:  Idle: 0,  Running: 96,  Completed: 1904 [  9h 28m  ] 
INFO:  Idle: 0,  Running: 94,  Completed: 1906 [  9h 28m  ] 
INFO:  Idle: 0,  Running: 94,  Completed: 1906 [  9h 29m  ] 
INFO:  Idle: 0,  Running: 94,  Completed: 1906 [  9h 29m  ] 
INFO:  Idle: 0,  Running: 93,  Completed: 1907 [  9h 30m  ] 
INFO:  Idle: 0,  Running: 91,  Completed: 1909 [  9h 30m  ] 
INFO:  Idle: 0,  Running: 88,  Completed: 1912 [  9h 31m  ] 
INFO:  Idle: 0,  Running: 88,  Completed: 1912 [  9h 31m  ] 
INFO:  Idle: 0,  Running: 88,  Completed: 1912 [  9h 32m  ] 
INFO:  Idle: 0,  Running: 87,  Completed: 1913 [  9h 32m  ] 
INFO:  Idle: 0,  Running: 85,  Completed: 1915 [  9h 33m  ] 
INFO:  Idle: 0,  Running: 84,  Completed: 1916 [  9h 33m  ] 
INFO:  Idle: 0,  Running: 82,  Completed: 1918 [  9h 34m  ] 
INFO:  Idle: 0,  Running: 81,  Completed: 1919 [  9h 34m  ] 
INFO:  Idle: 0,  Running: 79,  Completed: 1921 [  9h 35m  ] 
INFO:  Idle: 0,  Running: 79,  Completed: 1921 [  9h 35m  ] 
INFO:  Idle: 0,  Running: 76,  Completed: 1924 [  9h 36m  ] 
INFO:  Idle: 0,  Running: 75,  Completed: 1925 [  9h 36m  ] 
INFO:  Idle: 0,  Running: 74,  Completed: 1926 [  9h 37m  ] 
INFO:  Idle: 0,  Running: 74,  Completed: 1926 [  9h 37m  ] 
INFO:  Idle: 0,  Running: 73,  Completed: 1927 [  9h 38m  ] 
INFO:  Idle: 0,  Running: 73,  Completed: 1927 [  9h 38m  ] 
INFO:  Idle: 0,  Running: 72,  Completed: 1928 [  9h 39m  ] 
INFO:  Idle: 0,  Running: 70,  Completed: 1930 [  9h 39m  ] 
INFO:  Idle: 0,  Running: 69,  Completed: 1931 [  9h 40m  ] 
INFO:  Idle: 0,  Running: 68,  Completed: 1932 [  9h 40m  ] 
INFO:  Idle: 0,  Running: 67,  Completed: 1933 [  9h 41m  ] 
INFO:  Idle: 0,  Running: 67,  Completed: 1933 [  9h 41m  ] 
INFO:  Idle: 0,  Running: 67,  Completed: 1933 [  9h 42m  ] 
INFO:  Idle: 0,  Running: 66,  Completed: 1934 [  9h 42m  ] 
INFO:  Idle: 0,  Running: 66,  Completed: 1934 [  9h 43m  ] 
INFO:  Idle: 0,  Running: 65,  Completed: 1935 [  9h 43m  ] 
INFO:  Idle: 0,  Running: 65,  Completed: 1935 [  9h 44m  ] 
INFO:  Idle: 0,  Running: 64,  Completed: 1936 [  9h 44m  ] 
INFO:  Idle: 0,  Running: 64,  Completed: 1936 [  9h 45m  ] 
INFO:  Idle: 0,  Running: 64,  Completed: 1936 [  9h 46m  ] 
INFO:  Idle: 0,  Running: 64,  Completed: 1936 [  9h 46m  ] 
INFO:  Idle: 0,  Running: 63,  Completed: 1937 [  9h 47m  ] 
INFO:  Idle: 0,  Running: 61,  Completed: 1939 [  9h 47m  ] 
INFO:  Idle: 0,  Running: 59,  Completed: 1941 [  9h 48m  ] 
INFO:  Idle: 0,  Running: 59,  Completed: 1941 [  9h 48m  ] 
INFO:  Idle: 0,  Running: 59,  Completed: 1941 [  9h 49m  ] 
INFO:  Idle: 0,  Running: 58,  Completed: 1942 [  9h 49m  ] 
INFO:  Idle: 0,  Running: 58,  Completed: 1942 [  9h 50m  ] 
INFO:  Idle: 0,  Running: 57,  Completed: 1943 [  9h 50m  ] 
INFO:  Idle: 0,  Running: 57,  Completed: 1943 [  9h 51m  ] 
INFO:  Idle: 0,  Running: 56,  Completed: 1944 [  9h 51m  ] 
INFO:  Idle: 0,  Running: 56,  Completed: 1944 [  9h 52m  ] 
INFO:  Idle: 0,  Running: 55,  Completed: 1945 [  9h 52m  ] 
INFO:  Idle: 0,  Running: 55,  Completed: 1945 [  9h 53m  ] 
INFO:  Idle: 0,  Running: 53,  Completed: 1947 [  9h 53m  ] 
INFO:  Idle: 0,  Running: 53,  Completed: 1947 [  9h 54m  ] 
INFO:  Idle: 0,  Running: 52,  Completed: 1948 [  9h 54m  ] 
INFO:  Idle: 0,  Running: 51,  Completed: 1949 [  9h 55m  ] 
INFO:  Idle: 0,  Running: 51,  Completed: 1949 [  9h 55m  ] 
INFO:  Idle: 0,  Running: 49,  Completed: 1951 [  9h 56m  ] 
INFO:  Idle: 0,  Running: 48,  Completed: 1952 [  9h 56m  ] 
INFO:  Idle: 0,  Running: 47,  Completed: 1953 [  9h 57m  ] 
INFO:  Idle: 0,  Running: 47,  Completed: 1953 [  9h 57m  ] 
INFO:  Idle: 0,  Running: 47,  Completed: 1953 [  9h 58m  ] 
INFO:  Idle: 0,  Running: 47,  Completed: 1953 [  9h 58m  ] 
INFO:  Idle: 0,  Running: 46,  Completed: 1954 [  9h 59m  ] 
INFO:  Idle: 0,  Running: 46,  Completed: 1954 [  9h 59m  ] 
INFO:  Idle: 0,  Running: 46,  Completed: 1954 [  10h 0m  ] 
INFO:  Idle: 0,  Running: 46,  Completed: 1954 [  10h 0m  ] 
INFO:  Idle: 0,  Running: 46,  Completed: 1954 [  10h 1m  ] 
INFO:  Idle: 0,  Running: 43,  Completed: 1957 [  10h 1m  ] 
INFO:  Idle: 0,  Running: 43,  Completed: 1957 [  10h 2m  ] 
INFO:  Idle: 0,  Running: 41,  Completed: 1959 [  10h 2m  ] 
INFO:  Idle: 0,  Running: 40,  Completed: 1960 [  10h 3m  ] 
INFO:  Idle: 0,  Running: 40,  Completed: 1960 [  10h 3m  ] 
INFO:  Idle: 0,  Running: 40,  Completed: 1960 [  10h 4m  ] 
INFO:  Idle: 0,  Running: 39,  Completed: 1961 [  10h 4m  ] 
INFO:  Idle: 0,  Running: 37,  Completed: 1963 [  10h 5m  ] 
INFO:  Idle: 0,  Running: 36,  Completed: 1964 [  10h 5m  ] 
INFO:  Idle: 0,  Running: 36,  Completed: 1964 [  10h 6m  ] 
INFO:  Idle: 0,  Running: 35,  Completed: 1965 [  10h 6m  ] 
INFO:  Idle: 0,  Running: 35,  Completed: 1965 [  10h 7m  ] 
INFO:  Idle: 0,  Running: 34,  Completed: 1966 [  10h 7m  ] 
INFO:  Idle: 0,  Running: 34,  Completed: 1966 [  10h 8m  ] 
INFO:  Idle: 0,  Running: 32,  Completed: 1968 [  10h 8m  ] 
INFO:  Idle: 0,  Running: 31,  Completed: 1969 [  10h 9m  ] 
INFO:  Idle: 0,  Running: 31,  Completed: 1969 [  10h 9m  ] 
INFO:  Idle: 0,  Running: 31,  Completed: 1969 [  10h 10m  ] 
INFO:  Idle: 0,  Running: 31,  Completed: 1969 [  10h 10m  ] 
INFO:  Idle: 0,  Running: 31,  Completed: 1969 [  10h 11m  ] 
INFO:  Idle: 0,  Running: 31,  Completed: 1969 [  10h 11m  ] 
INFO:  Idle: 0,  Running: 31,  Completed: 1969 [  10h 12m  ] 
INFO:  Idle: 0,  Running: 31,  Completed: 1969 [  10h 12m  ] 
INFO:  Idle: 0,  Running: 31,  Completed: 1969 [  10h 13m  ] 
INFO:  Idle: 0,  Running: 31,  Completed: 1969 [  10h 13m  ] 
INFO:  Idle: 0,  Running: 31,  Completed: 1969 [  10h 14m  ] 
INFO:  Idle: 0,  Running: 31,  Completed: 1969 [  10h 14m  ] 
INFO:  Idle: 0,  Running: 31,  Completed: 1969 [  10h 15m  ] 
INFO:  Idle: 0,  Running: 31,  Completed: 1969 [  10h 15m  ] 
INFO:  Idle: 0,  Running: 31,  Completed: 1969 [  10h 16m  ] 
INFO:  Idle: 0,  Running: 30,  Completed: 1970 [  10h 16m  ] 
INFO:  Idle: 0,  Running: 30,  Completed: 1970 [  10h 17m  ] 
INFO:  Idle: 0,  Running: 30,  Completed: 1970 [  10h 17m  ] 
INFO:  Idle: 0,  Running: 29,  Completed: 1971 [  10h 18m  ] 
INFO:  Idle: 0,  Running: 29,  Completed: 1971 [  10h 18m  ] 
INFO:  Idle: 0,  Running: 28,  Completed: 1972 [  10h 19m  ] 
INFO:  Idle: 0,  Running: 28,  Completed: 1972 [  10h 19m  ] 
INFO:  Idle: 0,  Running: 28,  Completed: 1972 [  10h 20m  ] 
INFO:  Idle: 0,  Running: 28,  Completed: 1972 [  10h 20m  ] 
INFO:  Idle: 0,  Running: 28,  Completed: 1972 [  10h 21m  ] 
INFO:  Idle: 0,  Running: 28,  Completed: 1972 [  10h 21m  ] 
INFO:  Idle: 0,  Running: 27,  Completed: 1973 [  10h 22m  ] 
INFO:  Idle: 0,  Running: 27,  Completed: 1973 [  10h 22m  ] 
INFO:  Idle: 0,  Running: 26,  Completed: 1974 [  10h 23m  ] 
INFO:  Idle: 0,  Running: 26,  Completed: 1974 [  10h 23m  ] 
INFO:  Idle: 0,  Running: 25,  Completed: 1975 [  10h 24m  ] 
INFO:  Idle: 0,  Running: 25,  Completed: 1975 [  10h 24m  ] 
INFO:  Idle: 0,  Running: 23,  Completed: 1977 [  10h 25m  ] 
INFO:  Idle: 0,  Running: 23,  Completed: 1977 [  10h 25m  ] 
INFO:  Idle: 0,  Running: 23,  Completed: 1977 [  10h 26m  ] 
INFO:  Idle: 0,  Running: 23,  Completed: 1977 [  10h 26m  ] 
INFO:  Idle: 0,  Running: 23,  Completed: 1977 [  10h 27m  ] 
INFO:  Idle: 0,  Running: 23,  Completed: 1977 [  10h 27m  ] 
INFO:  Idle: 0,  Running: 23,  Completed: 1977 [  10h 28m  ] 
INFO:  Idle: 0,  Running: 23,  Completed: 1977 [  10h 28m  ] 
INFO:  Idle: 0,  Running: 22,  Completed: 1978 [  10h 29m  ] 
INFO:  Idle: 0,  Running: 21,  Completed: 1979 [  10h 29m  ] 
INFO:  Idle: 0,  Running: 21,  Completed: 1979 [  10h 30m  ] 
INFO:  Idle: 0,  Running: 20,  Completed: 1980 [  10h 30m  ] 
INFO:  Idle: 0,  Running: 19,  Completed: 1981 [  10h 31m  ] 
INFO:  Idle: 0,  Running: 18,  Completed: 1982 [  10h 31m  ] 
INFO:  Idle: 0,  Running: 18,  Completed: 1982 [  10h 32m  ] 
INFO:  Idle: 0,  Running: 18,  Completed: 1982 [  10h 32m  ] 
INFO:  Idle: 0,  Running: 18,  Completed: 1982 [  10h 33m  ] 
INFO:  Idle: 0,  Running: 18,  Completed: 1982 [  10h 33m  ] 
INFO:  Idle: 0,  Running: 18,  Completed: 1982 [  10h 34m  ] 
INFO:  Idle: 0,  Running: 17,  Completed: 1983 [  10h 34m  ] 
INFO:  Idle: 0,  Running: 17,  Completed: 1983 [  10h 35m  ] 
INFO:  Idle: 0,  Running: 17,  Completed: 1983 [  10h 35m  ] 
INFO:  Idle: 0,  Running: 17,  Completed: 1983 [  10h 36m  ] 
INFO:  Idle: 0,  Running: 17,  Completed: 1983 [  10h 36m  ] 
INFO:  Idle: 0,  Running: 17,  Completed: 1983 [  10h 37m  ] 
INFO:  Idle: 0,  Running: 17,  Completed: 1983 [  10h 37m  ] 
INFO:  Idle: 0,  Running: 17,  Completed: 1983 [  10h 38m  ] 
INFO:  Idle: 0,  Running: 17,  Completed: 1983 [  10h 38m  ] 
INFO:  Idle: 0,  Running: 17,  Completed: 1983 [  10h 39m  ] 
INFO:  Idle: 0,  Running: 17,  Completed: 1983 [  10h 39m  ] 
INFO:  Idle: 0,  Running: 16,  Completed: 1984 [  10h 40m  ] 
INFO:  Idle: 0,  Running: 16,  Completed: 1984 [  10h 40m  ] 
INFO:  Idle: 0,  Running: 16,  Completed: 1984 [  10h 41m  ] 
INFO:  Idle: 0,  Running: 16,  Completed: 1984 [  10h 41m  ] 
INFO:  Idle: 0,  Running: 16,  Completed: 1984 [  10h 42m  ] 
INFO:  Idle: 0,  Running: 16,  Completed: 1984 [  10h 42m  ] 
INFO:  Idle: 0,  Running: 16,  Completed: 1984 [  10h 43m  ] 
INFO:  Idle: 0,  Running: 15,  Completed: 1985 [  10h 43m  ] 
INFO:  Idle: 0,  Running: 15,  Completed: 1985 [  10h 44m  ] 
INFO:  Idle: 0,  Running: 15,  Completed: 1985 [  10h 44m  ] 
INFO:  Idle: 0,  Running: 15,  Completed: 1985 [  10h 45m  ] 
INFO:  Idle: 0,  Running: 15,  Completed: 1985 [  10h 45m  ] 
INFO:  Idle: 0,  Running: 15,  Completed: 1985 [  10h 46m  ] 
INFO:  Idle: 0,  Running: 15,  Completed: 1985 [  10h 46m  ] 
INFO:  Idle: 0,  Running: 15,  Completed: 1985 [  10h 47m  ] 
INFO:  Idle: 0,  Running: 15,  Completed: 1985 [  10h 47m  ] 
INFO:  Idle: 0,  Running: 15,  Completed: 1985 [  10h 48m  ] 
INFO:  Idle: 0,  Running: 15,  Completed: 1985 [  10h 48m  ] 
INFO:  Idle: 0,  Running: 15,  Completed: 1985 [  10h 49m  ] 
INFO:  Idle: 0,  Running: 13,  Completed: 1987 [  10h 49m  ] 
INFO:  Idle: 0,  Running: 13,  Completed: 1987 [  10h 50m  ] 
INFO:  Idle: 0,  Running: 13,  Completed: 1987 [  10h 50m  ] 
INFO:  Idle: 0,  Running: 13,  Completed: 1987 [  10h 51m  ] 
INFO:  Idle: 0,  Running: 13,  Completed: 1987 [  10h 51m  ] 
INFO:  Idle: 0,  Running: 12,  Completed: 1988 [  10h 52m  ] 
INFO:  Idle: 0,  Running: 12,  Completed: 1988 [  10h 52m  ] 
INFO:  Idle: 0,  Running: 12,  Completed: 1988 [  10h 53m  ] 
INFO:  Idle: 0,  Running: 12,  Completed: 1988 [  10h 53m  ] 
INFO:  Idle: 0,  Running: 12,  Completed: 1988 [  10h 54m  ] 
INFO:  Idle: 0,  Running: 11,  Completed: 1989 [  10h 54m  ] 
INFO:  Idle: 0,  Running: 11,  Completed: 1989 [  10h 55m  ] 
INFO:  Idle: 0,  Running: 11,  Completed: 1989 [  10h 55m  ] 
INFO:  Idle: 0,  Running: 11,  Completed: 1989 [  10h 56m  ] 
INFO:  Idle: 0,  Running: 11,  Completed: 1989 [  10h 56m  ] 
INFO:  Idle: 0,  Running: 11,  Completed: 1989 [  10h 57m  ] 
INFO:  Idle: 0,  Running: 11,  Completed: 1989 [  10h 57m  ] 
INFO:  Idle: 0,  Running: 10,  Completed: 1990 [  10h 58m  ] 
INFO:  Idle: 0,  Running: 10,  Completed: 1990 [  10h 58m  ] 
INFO:  Idle: 0,  Running: 10,  Completed: 1990 [  10h 59m  ] 
INFO:  Idle: 0,  Running: 10,  Completed: 1990 [  10h 59m  ] 
INFO:  Idle: 0,  Running: 10,  Completed: 1990 [  11h 0m  ] 
INFO:  Idle: 0,  Running: 10,  Completed: 1990 [  11h 0m  ] 
INFO:  Idle: 0,  Running: 10,  Completed: 1990 [  11h 1m  ] 
INFO:  Idle: 0,  Running: 10,  Completed: 1990 [  11h 1m  ] 
INFO:  Idle: 0,  Running: 10,  Completed: 1990 [  11h 2m  ] 
INFO:  Idle: 0,  Running: 10,  Completed: 1990 [  11h 2m  ] 
INFO:  Idle: 0,  Running: 10,  Completed: 1990 [  11h 3m  ] 
INFO:  Idle: 0,  Running: 10,  Completed: 1990 [  11h 3m  ] 
INFO:  Idle: 0,  Running: 8,  Completed: 1992 [  11h 4m  ] 
INFO:  Idle: 0,  Running: 8,  Completed: 1992 [  11h 4m  ] 
INFO:  Idle: 0,  Running: 8,  Completed: 1992 [  11h 5m  ] 
INFO:  Idle: 0,  Running: 8,  Completed: 1992 [  11h 5m  ] 
INFO:  Idle: 0,  Running: 8,  Completed: 1992 [  11h 6m  ] 
INFO:  Idle: 0,  Running: 8,  Completed: 1992 [  11h 6m  ] 
INFO:  Idle: 0,  Running: 8,  Completed: 1992 [  11h 7m  ] 
INFO:  Idle: 0,  Running: 8,  Completed: 1992 [  11h 7m  ] 
INFO:  Idle: 0,  Running: 8,  Completed: 1992 [  11h 8m  ] 
INFO:  Idle: 0,  Running: 8,  Completed: 1992 [  11h 8m  ] 
INFO:  Idle: 0,  Running: 8,  Completed: 1992 [  11h 9m  ] 
INFO:  Idle: 0,  Running: 8,  Completed: 1992 [  11h 9m  ] 
INFO:  Idle: 0,  Running: 8,  Completed: 1992 [  11h 10m  ] 
INFO:  Idle: 0,  Running: 8,  Completed: 1992 [  11h 10m  ] 
INFO:  Idle: 0,  Running: 8,  Completed: 1992 [  11h 11m  ] 
INFO:  Idle: 0,  Running: 8,  Completed: 1992 [  11h 11m  ] 
INFO:  Idle: 0,  Running: 8,  Completed: 1992 [  11h 12m  ] 
INFO:  Idle: 0,  Running: 8,  Completed: 1992 [  11h 12m  ] 
INFO:  Idle: 0,  Running: 8,  Completed: 1992 [  11h 13m  ] 
INFO:  Idle: 0,  Running: 8,  Completed: 1992 [  11h 13m  ] 
INFO:  Idle: 0,  Running: 8,  Completed: 1992 [  11h 14m  ] 
INFO:  Idle: 0,  Running: 8,  Completed: 1992 [  11h 14m  ] 
INFO:  Idle: 0,  Running: 8,  Completed: 1992 [  11h 15m  ] 
INFO:  Idle: 0,  Running: 8,  Completed: 1992 [  11h 15m  ] 
INFO:  Idle: 0,  Running: 8,  Completed: 1992 [  11h 16m  ] 
INFO:  Idle: 0,  Running: 8,  Completed: 1992 [  11h 17m  ] 
INFO:  Idle: 0,  Running: 8,  Completed: 1992 [  11h 17m  ] 
INFO:  Idle: 0,  Running: 8,  Completed: 1992 [  11h 18m  ] 
INFO:  Idle: 0,  Running: 8,  Completed: 1992 [  11h 18m  ] 
INFO:  Idle: 0,  Running: 8,  Completed: 1992 [  11h 19m  ] 
INFO:  Idle: 0,  Running: 8,  Completed: 1992 [  11h 19m  ] 
INFO:  Idle: 0,  Running: 8,  Completed: 1992 [  11h 20m  ] 
INFO:  Idle: 0,  Running: 8,  Completed: 1992 [  11h 20m  ] 
INFO:  Idle: 0,  Running: 8,  Completed: 1992 [  11h 21m  ] 
INFO:  Idle: 0,  Running: 8,  Completed: 1992 [  11h 21m  ] 
INFO:  Idle: 0,  Running: 8,  Completed: 1992 [  11h 22m  ] 
INFO:  Idle: 0,  Running: 8,  Completed: 1992 [  11h 22m  ] 
INFO:  Idle: 0,  Running: 8,  Completed: 1992 [  11h 23m  ] 
INFO:  Idle: 0,  Running: 8,  Completed: 1992 [  11h 23m  ] 
INFO:  Idle: 0,  Running: 8,  Completed: 1992 [  11h 24m  ] 
INFO:  Idle: 0,  Running: 8,  Completed: 1992 [  11h 24m  ] 
INFO:  Idle: 0,  Running: 8,  Completed: 1992 [  11h 25m  ] 
INFO:  Idle: 0,  Running: 8,  Completed: 1992 [  11h 25m  ] 
INFO:  Idle: 0,  Running: 8,  Completed: 1992 [  11h 26m  ] 
INFO:  Idle: 0,  Running: 8,  Completed: 1992 [  11h 26m  ] 
INFO:  Idle: 0,  Running: 7,  Completed: 1993 [  11h 27m  ] 
INFO:  Idle: 0,  Running: 7,  Completed: 1993 [  11h 27m  ] 
INFO:  Idle: 0,  Running: 7,  Completed: 1993 [  11h 28m  ] 
INFO:  Idle: 0,  Running: 7,  Completed: 1993 [  11h 28m  ] 
INFO:  Idle: 0,  Running: 7,  Completed: 1993 [  11h 29m  ] 
INFO:  Idle: 0,  Running: 7,  Completed: 1993 [  11h 29m  ] 
INFO:  Idle: 0,  Running: 7,  Completed: 1993 [  11h 30m  ] 
INFO:  Idle: 0,  Running: 7,  Completed: 1993 [  11h 30m  ] 
INFO:  Idle: 0,  Running: 7,  Completed: 1993 [  11h 31m  ] 
INFO:  Idle: 0,  Running: 7,  Completed: 1993 [  11h 31m  ] 
INFO:  Idle: 0,  Running: 7,  Completed: 1993 [  11h 32m  ] 
INFO:  Idle: 0,  Running: 7,  Completed: 1993 [  11h 32m  ] 
INFO:  Idle: 0,  Running: 7,  Completed: 1993 [  11h 33m  ] 
INFO:  Idle: 0,  Running: 7,  Completed: 1993 [  11h 33m  ] 
INFO:  Idle: 0,  Running: 7,  Completed: 1993 [  11h 34m  ] 
INFO:  Idle: 0,  Running: 7,  Completed: 1993 [  11h 34m  ] 
INFO:  Idle: 0,  Running: 7,  Completed: 1993 [  11h 35m  ] 
INFO:  Idle: 0,  Running: 7,  Completed: 1993 [  11h 35m  ] 
INFO:  Idle: 0,  Running: 7,  Completed: 1993 [  11h 36m  ] 
INFO:  Idle: 0,  Running: 7,  Completed: 1993 [  11h 36m  ] 
INFO:  Idle: 0,  Running: 7,  Completed: 1993 [  11h 37m  ] 
INFO:  Idle: 0,  Running: 7,  Completed: 1993 [  11h 37m  ] 
INFO:  Idle: 0,  Running: 7,  Completed: 1993 [  11h 38m  ] 
INFO:  Idle: 0,  Running: 7,  Completed: 1993 [  11h 38m  ] 
INFO:  Idle: 0,  Running: 7,  Completed: 1993 [  11h 39m  ] 
INFO:  Idle: 0,  Running: 7,  Completed: 1993 [  11h 39m  ] 
INFO:  Idle: 0,  Running: 7,  Completed: 1993 [  11h 40m  ] 
INFO:  Idle: 0,  Running: 7,  Completed: 1993 [  11h 40m  ] 
INFO:  Idle: 0,  Running: 7,  Completed: 1993 [  11h 41m  ] 
INFO:  Idle: 0,  Running: 7,  Completed: 1993 [  11h 41m  ] 
INFO:  Idle: 0,  Running: 7,  Completed: 1993 [  11h 42m  ] 
INFO:  Idle: 0,  Running: 7,  Completed: 1993 [  11h 42m  ] 
INFO:  Idle: 0,  Running: 7,  Completed: 1993 [  11h 43m  ] 
INFO:  Idle: 0,  Running: 7,  Completed: 1993 [  11h 43m  ] 
INFO:  Idle: 0,  Running: 7,  Completed: 1993 [  11h 44m  ] 
INFO:  Idle: 0,  Running: 7,  Completed: 1993 [  11h 44m  ] 
INFO:  Idle: 0,  Running: 6,  Completed: 1994 [  11h 45m  ] 
INFO:  Idle: 0,  Running: 6,  Completed: 1994 [  11h 45m  ] 
INFO:  Idle: 0,  Running: 5,  Completed: 1995 [  11h 46m  ] 
INFO:  Idle: 0,  Running: 5,  Completed: 1995 [  11h 46m  ] 
INFO:  Idle: 0,  Running: 5,  Completed: 1995 [  11h 47m  ] 
INFO:  Idle: 0,  Running: 5,  Completed: 1995 [  11h 47m  ] 
INFO:  Idle: 0,  Running: 5,  Completed: 1995 [  11h 48m  ] 
INFO:  Idle: 0,  Running: 5,  Completed: 1995 [  11h 48m  ] 
INFO:  Idle: 0,  Running: 5,  Completed: 1995 [  11h 49m  ] 
INFO:  Idle: 0,  Running: 5,  Completed: 1995 [  11h 49m  ] 
INFO:  Idle: 0,  Running: 5,  Completed: 1995 [  11h 50m  ] 
INFO:  Idle: 0,  Running: 5,  Completed: 1995 [  11h 50m  ] 
INFO:  Idle: 0,  Running: 5,  Completed: 1995 [  11h 51m  ] 
INFO:  Idle: 0,  Running: 5,  Completed: 1995 [  11h 51m  ] 
INFO:  Idle: 0,  Running: 5,  Completed: 1995 [  11h 52m  ] 
INFO:  Idle: 0,  Running: 5,  Completed: 1995 [  11h 52m  ] 
INFO:  Idle: 0,  Running: 5,  Completed: 1995 [  11h 53m  ] 
INFO:  Idle: 0,  Running: 5,  Completed: 1995 [  11h 53m  ] 
INFO:  Idle: 0,  Running: 5,  Completed: 1995 [  11h 54m  ] 
INFO:  Idle: 0,  Running: 5,  Completed: 1995 [  11h 54m  ] 
INFO:  Idle: 0,  Running: 5,  Completed: 1995 [  11h 55m  ] 
INFO:  Idle: 0,  Running: 5,  Completed: 1995 [  11h 55m  ] 
INFO:  Idle: 0,  Running: 5,  Completed: 1995 [  11h 56m  ] 
INFO:  Idle: 0,  Running: 5,  Completed: 1995 [  11h 56m  ] 
INFO:  Idle: 0,  Running: 5,  Completed: 1995 [  11h 57m  ] 
INFO:  Idle: 0,  Running: 5,  Completed: 1995 [  11h 57m  ] 
INFO:  Idle: 0,  Running: 5,  Completed: 1995 [  11h 58m  ] 
INFO:  Idle: 0,  Running: 5,  Completed: 1995 [  11h 58m  ] 
INFO:  Idle: 0,  Running: 5,  Completed: 1995 [  11h 59m  ] 
INFO:  Idle: 0,  Running: 5,  Completed: 1995 [  11h 59m  ] 
INFO:  Idle: 0,  Running: 5,  Completed: 1995 [  12h 0m  ] 
INFO:  Idle: 0,  Running: 5,  Completed: 1995 [  12h 0m  ] 
INFO:  Idle: 0,  Running: 5,  Completed: 1995 [  12h 1m  ] 
INFO:  Idle: 0,  Running: 5,  Completed: 1995 [  12h 1m  ] 
INFO:  Idle: 0,  Running: 5,  Completed: 1995 [  12h 2m  ] 
INFO:  Idle: 0,  Running: 5,  Completed: 1995 [  12h 2m  ] 
INFO:  Idle: 0,  Running: 5,  Completed: 1995 [  12h 3m  ] 
INFO:  Idle: 0,  Running: 5,  Completed: 1995 [  12h 3m  ] 
INFO:  Idle: 0,  Running: 5,  Completed: 1995 [  12h 4m  ] 
INFO:  Idle: 0,  Running: 5,  Completed: 1995 [  12h 4m  ] 
INFO:  Idle: 0,  Running: 5,  Completed: 1995 [  12h 5m  ] 
INFO:  Idle: 0,  Running: 5,  Completed: 1995 [  12h 5m  ] 
INFO:  Idle: 0,  Running: 5,  Completed: 1995 [  12h 6m  ] 
INFO:  Idle: 0,  Running: 5,  Completed: 1995 [  12h 6m  ] 
INFO:  Idle: 0,  Running: 5,  Completed: 1995 [  12h 7m  ] 
INFO:  Idle: 0,  Running: 5,  Completed: 1995 [  12h 7m  ] 
INFO:  Idle: 0,  Running: 5,  Completed: 1995 [  12h 8m  ] 
INFO:  Idle: 0,  Running: 4,  Completed: 1996 [  12h 8m  ] 
INFO:  Idle: 0,  Running: 4,  Completed: 1996 [  12h 9m  ] 
INFO:  Idle: 0,  Running: 4,  Completed: 1996 [  12h 9m  ] 
INFO:  Idle: 0,  Running: 4,  Completed: 1996 [  12h 10m  ] 
INFO:  Idle: 0,  Running: 4,  Completed: 1996 [  12h 10m  ] 
INFO:  Idle: 0,  Running: 4,  Completed: 1996 [  12h 11m  ] 
INFO:  Idle: 0,  Running: 4,  Completed: 1996 [  12h 11m  ] 
INFO:  Idle: 0,  Running: 4,  Completed: 1996 [  12h 12m  ] 
INFO:  Idle: 0,  Running: 4,  Completed: 1996 [  12h 12m  ] 
INFO:  Idle: 0,  Running: 4,  Completed: 1996 [  12h 13m  ] 
INFO:  Idle: 0,  Running: 4,  Completed: 1996 [  12h 13m  ] 
INFO:  Idle: 0,  Running: 4,  Completed: 1996 [  12h 14m  ] 
INFO:  Idle: 0,  Running: 4,  Completed: 1996 [  12h 14m  ] 
INFO:  Idle: 0,  Running: 4,  Completed: 1996 [  12h 15m  ] 
INFO:  Idle: 0,  Running: 4,  Completed: 1996 [  12h 15m  ] 
INFO:  Idle: 0,  Running: 4,  Completed: 1996 [  12h 16m  ] 
INFO:  Idle: 0,  Running: 4,  Completed: 1996 [  12h 16m  ] 
INFO:  Idle: 0,  Running: 4,  Completed: 1996 [  12h 17m  ] 
INFO:  Idle: 0,  Running: 4,  Completed: 1996 [  12h 17m  ] 
INFO:  Idle: 0,  Running: 4,  Completed: 1996 [  12h 18m  ] 
INFO:  Idle: 0,  Running: 2,  Completed: 1998 [  12h 18m  ] 
INFO:  Idle: 0,  Running: 2,  Completed: 1998 [  12h 19m  ] 
INFO:  Idle: 0,  Running: 2,  Completed: 1998 [  12h 19m  ] 
INFO:  Idle: 0,  Running: 2,  Completed: 1998 [  12h 20m  ] 
INFO:  Idle: 0,  Running: 2,  Completed: 1998 [  12h 20m  ] 
INFO:  Idle: 0,  Running: 2,  Completed: 1998 [  12h 21m  ] 
INFO:  Idle: 0,  Running: 2,  Completed: 1998 [  12h 21m  ] 
INFO:  Idle: 0,  Running: 2,  Completed: 1998 [  12h 22m  ] 
INFO:  Idle: 0,  Running: 2,  Completed: 1998 [  12h 22m  ] 
INFO:  Idle: 0,  Running: 2,  Completed: 1998 [  12h 23m  ] 
INFO:  Idle: 0,  Running: 2,  Completed: 1998 [  12h 23m  ] 
INFO:  Idle: 0,  Running: 2,  Completed: 1998 [  12h 24m  ] 
INFO:  Idle: 0,  Running: 2,  Completed: 1998 [  12h 24m  ] 
INFO:  Idle: 0,  Running: 2,  Completed: 1998 [  12h 25m  ] 
INFO:  Idle: 0,  Running: 2,  Completed: 1998 [  12h 25m  ] 
INFO:  Idle: 0,  Running: 2,  Completed: 1998 [  12h 26m  ] 
INFO:  Idle: 0,  Running: 2,  Completed: 1998 [  12h 26m  ] 
INFO:  Idle: 0,  Running: 2,  Completed: 1998 [  12h 27m  ] 
INFO:  Idle: 0,  Running: 2,  Completed: 1998 [  12h 27m  ] 
INFO:  Idle: 0,  Running: 2,  Completed: 1998 [  12h 28m  ] 
INFO:  Idle: 0,  Running: 2,  Completed: 1998 [  12h 28m  ] 
INFO:  Idle: 0,  Running: 2,  Completed: 1998 [  12h 29m  ] 
INFO:  Idle: 0,  Running: 2,  Completed: 1998 [  12h 29m  ] 
INFO:  Idle: 0,  Running: 2,  Completed: 1998 [  12h 30m  ] 
INFO:  Idle: 0,  Running: 2,  Completed: 1998 [  12h 30m  ] 
INFO:  Idle: 0,  Running: 2,  Completed: 1998 [  12h 31m  ] 
INFO:  Idle: 0,  Running: 2,  Completed: 1998 [  12h 31m  ] 
INFO:  Idle: 0,  Running: 2,  Completed: 1998 [  12h 32m  ] 
INFO:  Idle: 0,  Running: 2,  Completed: 1998 [  12h 32m  ] 
INFO:  Idle: 0,  Running: 2,  Completed: 1998 [  12h 33m  ] 
INFO:  Idle: 0,  Running: 2,  Completed: 1998 [  12h 33m  ] 
INFO:  Idle: 0,  Running: 2,  Completed: 1998 [  12h 34m  ] 
INFO:  Idle: 0,  Running: 2,  Completed: 1998 [  12h 34m  ] 
INFO:  Idle: 0,  Running: 2,  Completed: 1998 [  12h 35m  ] 
INFO:  Idle: 0,  Running: 2,  Completed: 1998 [  12h 35m  ] 
INFO:  Idle: 0,  Running: 2,  Completed: 1998 [  12h 36m  ] 
INFO:  Idle: 0,  Running: 2,  Completed: 1998 [  12h 36m  ] 
INFO:  Idle: 0,  Running: 2,  Completed: 1998 [  12h 37m  ] 
INFO:  Idle: 0,  Running: 2,  Completed: 1998 [  12h 37m  ] 
INFO:  Idle: 0,  Running: 2,  Completed: 1998 [  12h 38m  ] 
INFO:  Idle: 0,  Running: 2,  Completed: 1998 [  12h 38m  ] 
INFO:  Idle: 0,  Running: 2,  Completed: 1998 [  12h 39m  ] 
INFO:  Idle: 0,  Running: 2,  Completed: 1998 [  12h 39m  ] 
INFO:  Idle: 0,  Running: 2,  Completed: 1998 [  12h 40m  ] 
INFO:  Idle: 0,  Running: 2,  Completed: 1998 [  12h 40m  ] 
INFO:  Idle: 0,  Running: 2,  Completed: 1998 [  12h 41m  ] 
INFO:  Idle: 0,  Running: 2,  Completed: 1998 [  12h 41m  ] 
INFO:  Idle: 0,  Running: 2,  Completed: 1998 [  12h 42m  ] 
INFO:  Idle: 0,  Running: 2,  Completed: 1998 [  12h 42m  ] 
INFO:  Idle: 0,  Running: 2,  Completed: 1998 [  12h 43m  ] 
INFO:  Idle: 0,  Running: 2,  Completed: 1998 [  12h 44m  ] 
INFO:  Idle: 0,  Running: 2,  Completed: 1998 [  12h 44m  ] 
INFO:  Idle: 0,  Running: 2,  Completed: 1998 [  12h 45m  ] 
INFO:  Idle: 0,  Running: 2,  Completed: 1998 [  12h 45m  ] 
INFO:  Idle: 0,  Running: 2,  Completed: 1998 [  12h 46m  ] 
INFO:  Idle: 0,  Running: 2,  Completed: 1998 [  12h 46m  ] 
INFO:  Idle: 0,  Running: 2,  Completed: 1998 [  12h 47m  ] 
INFO:  Idle: 0,  Running: 2,  Completed: 1998 [  12h 47m  ] 
INFO:  Idle: 0,  Running: 2,  Completed: 1998 [  12h 48m  ] 
INFO:  Idle: 0,  Running: 2,  Completed: 1998 [  12h 48m  ] 
INFO:  Idle: 0,  Running: 2,  Completed: 1998 [  12h 49m  ] 
INFO:  Idle: 0,  Running: 2,  Completed: 1998 [  12h 49m  ] 
INFO:  Idle: 0,  Running: 2,  Completed: 1998 [  12h 50m  ] 
INFO:  Idle: 0,  Running: 2,  Completed: 1998 [  12h 50m  ] 
INFO:  Idle: 0,  Running: 2,  Completed: 1998 [  12h 51m  ] 
INFO:  Idle: 0,  Running: 2,  Completed: 1998 [  12h 51m  ] 
INFO:  Idle: 0,  Running: 2,  Completed: 1998 [  12h 52m  ] 
INFO:  Idle: 0,  Running: 2,  Completed: 1998 [  12h 52m  ] 
INFO:  Idle: 0,  Running: 2,  Completed: 1998 [  12h 53m  ] 
INFO:  Idle: 0,  Running: 2,  Completed: 1998 [  12h 53m  ] 
INFO:  Idle: 0,  Running: 2,  Completed: 1998 [  12h 54m  ] 
INFO:  Idle: 0,  Running: 2,  Completed: 1998 [  12h 54m  ] 
INFO:  Idle: 0,  Running: 2,  Completed: 1998 [  12h 55m  ] 
INFO:  Idle: 0,  Running: 2,  Completed: 1998 [  12h 55m  ] 
INFO:  Idle: 0,  Running: 2,  Completed: 1998 [  12h 56m  ] 
INFO:  Idle: 0,  Running: 2,  Completed: 1998 [  12h 56m  ] 
INFO:  Idle: 0,  Running: 2,  Completed: 1998 [  12h 57m  ] 
INFO:  Idle: 0,  Running: 2,  Completed: 1998 [  12h 57m  ] 
INFO:  Idle: 0,  Running: 2,  Completed: 1998 [  12h 58m  ] 
INFO:  Idle: 0,  Running: 2,  Completed: 1998 [  12h 58m  ] 
INFO:  Idle: 0,  Running: 2,  Completed: 1998 [  12h 59m  ] 
INFO:  Idle: 0,  Running: 2,  Completed: 1998 [  12h 59m  ] 
INFO:  Idle: 0,  Running: 2,  Completed: 1998 [  13h 0m  ] 
INFO:  Idle: 0,  Running: 2,  Completed: 1998 [  13h 0m  ] 
INFO:  Idle: 0,  Running: 2,  Completed: 1998 [  13h 1m  ] 
INFO:  Idle: 0,  Running: 2,  Completed: 1998 [  13h 1m  ] 
INFO:  Idle: 0,  Running: 2,  Completed: 1998 [  13h 2m  ] 
INFO:  Idle: 0,  Running: 2,  Completed: 1998 [  13h 2m  ] 
INFO:  Idle: 0,  Running: 2,  Completed: 1998 [  13h 3m  ] 
INFO:  Idle: 0,  Running: 2,  Completed: 1998 [  13h 3m  ] 
INFO:  Idle: 0,  Running: 2,  Completed: 1998 [  13h 4m  ] 
INFO:  Idle: 0,  Running: 2,  Completed: 1998 [  13h 4m  ] 
INFO:  Idle: 0,  Running: 2,  Completed: 1998 [  13h 5m  ] 
INFO:  Idle: 0,  Running: 2,  Completed: 1998 [  13h 5m  ] 
INFO:  Idle: 0,  Running: 2,  Completed: 1998 [  13h 6m  ] 
INFO:  Idle: 0,  Running: 2,  Completed: 1998 [  13h 6m  ] 
INFO:  Idle: 0,  Running: 2,  Completed: 1998 [  13h 7m  ] 
INFO:  Idle: 0,  Running: 2,  Completed: 1998 [  13h 7m  ] 
INFO:  Idle: 0,  Running: 2,  Completed: 1998 [  13h 8m  ] 
INFO:  Idle: 0,  Running: 2,  Completed: 1998 [  13h 8m  ] 
INFO:  Idle: 0,  Running: 2,  Completed: 1998 [  13h 9m  ] 
INFO:  Idle: 0,  Running: 2,  Completed: 1998 [  13h 9m  ] 
INFO:  Idle: 0,  Running: 2,  Completed: 1998 [  13h 10m  ] 
INFO:  Idle: 0,  Running: 2,  Completed: 1998 [  13h 10m  ] 
INFO:  Idle: 0,  Running: 2,  Completed: 1998 [  13h 11m  ] 
INFO:  Idle: 0,  Running: 2,  Completed: 1998 [  13h 11m  ] 
INFO:  Idle: 0,  Running: 2,  Completed: 1998 [  13h 12m  ] 
INFO:  Idle: 0,  Running: 2,  Completed: 1998 [  13h 12m  ] 
INFO:  Idle: 0,  Running: 2,  Completed: 1998 [  13h 13m  ] 
INFO:  Idle: 0,  Running: 2,  Completed: 1998 [  13h 13m  ] 
INFO:  Idle: 0,  Running: 2,  Completed: 1998 [  13h 14m  ] 
INFO:  Idle: 0,  Running: 2,  Completed: 1998 [  13h 14m  ] 
INFO:  Idle: 0,  Running: 2,  Completed: 1998 [  13h 15m  ] 
INFO:  Idle: 0,  Running: 2,  Completed: 1998 [  13h 15m  ] 
INFO:  Idle: 0,  Running: 2,  Completed: 1998 [  13h 16m  ] 
INFO:  Idle: 0,  Running: 2,  Completed: 1998 [  13h 16m  ] 
INFO:  Idle: 0,  Running: 2,  Completed: 1998 [  13h 17m  ] 
INFO:  Idle: 0,  Running: 2,  Completed: 1998 [  13h 17m  ] 
INFO:  Idle: 0,  Running: 2,  Completed: 1998 [  13h 18m  ] 
INFO:  Idle: 0,  Running: 2,  Completed: 1998 [  13h 18m  ] 
INFO:  Idle: 0,  Running: 2,  Completed: 1998 [  13h 19m  ] 
INFO:  Idle: 0,  Running: 2,  Completed: 1998 [  13h 19m  ] 
INFO:  Idle: 0,  Running: 2,  Completed: 1998 [  13h 20m  ] 
INFO:  Idle: 0,  Running: 2,  Completed: 1998 [  13h 20m  ] 
INFO:  Idle: 0,  Running: 2,  Completed: 1998 [  13h 21m  ] 
INFO:  Idle: 0,  Running: 2,  Completed: 1998 [  13h 21m  ] 
INFO:  Idle: 0,  Running: 2,  Completed: 1998 [  13h 22m  ] 
INFO:  Idle: 0,  Running: 2,  Completed: 1998 [  13h 22m  ] 
INFO:  Idle: 0,  Running: 2,  Completed: 1998 [  13h 23m  ] 
INFO:  Idle: 0,  Running: 2,  Completed: 1998 [  13h 23m  ] 
INFO:  Idle: 0,  Running: 2,  Completed: 1998 [  13h 24m  ] 
INFO:  Idle: 0,  Running: 2,  Completed: 1998 [  13h 24m  ] 
INFO:  Idle: 0,  Running: 2,  Completed: 1998 [  13h 25m  ] 
INFO:  Idle: 0,  Running: 2,  Completed: 1998 [  13h 25m  ] 
INFO:  Idle: 0,  Running: 2,  Completed: 1998 [  13h 26m  ] 
INFO:  Idle: 0,  Running: 2,  Completed: 1998 [  13h 26m  ] 
INFO:  Idle: 0,  Running: 2,  Completed: 1998 [  13h 27m  ] 
INFO:  Idle: 0,  Running: 2,  Completed: 1998 [  13h 27m  ] 
INFO:  Idle: 0,  Running: 2,  Completed: 1998 [  13h 28m  ] 
INFO:  Idle: 0,  Running: 2,  Completed: 1998 [  13h 28m  ] 
INFO:  Idle: 0,  Running: 2,  Completed: 1998 [  13h 29m  ] 
INFO:  Idle: 0,  Running: 2,  Completed: 1998 [  13h 29m  ] 
INFO:  Idle: 0,  Running: 2,  Completed: 1998 [  13h 30m  ] 
INFO:  Idle: 0,  Running: 2,  Completed: 1998 [  13h 30m  ] 
INFO:  Idle: 0,  Running: 2,  Completed: 1998 [  13h 31m  ] 
INFO:  Idle: 0,  Running: 2,  Completed: 1998 [  13h 31m  ] 
INFO:  Idle: 0,  Running: 2,  Completed: 1998 [  13h 32m  ] 
INFO:  Idle: 0,  Running: 2,  Completed: 1998 [  13h 32m  ] 
INFO:  Idle: 0,  Running: 2,  Completed: 1998 [  13h 33m  ] 
INFO:  Idle: 0,  Running: 2,  Completed: 1998 [  13h 33m  ] 
INFO:  Idle: 0,  Running: 2,  Completed: 1998 [  13h 34m  ] 
INFO:  Idle: 0,  Running: 2,  Completed: 1998 [  13h 34m  ] 
INFO:  Idle: 0,  Running: 2,  Completed: 1998 [  13h 35m  ] 
INFO:  Idle: 0,  Running: 2,  Completed: 1998 [  13h 35m  ] 
INFO:  Idle: 0,  Running: 2,  Completed: 1998 [  13h 36m  ] 
INFO:  Idle: 0,  Running: 2,  Completed: 1998 [  13h 36m  ] 
INFO:  Idle: 0,  Running: 2,  Completed: 1998 [  13h 37m  ] 
INFO:  Idle: 0,  Running: 2,  Completed: 1998 [  13h 37m  ] 
INFO:  Idle: 0,  Running: 2,  Completed: 1998 [  13h 38m  ] 
INFO:  Idle: 0,  Running: 2,  Completed: 1998 [  13h 38m  ] 
INFO:  Idle: 0,  Running: 2,  Completed: 1998 [  13h 39m  ] 
INFO:  Idle: 0,  Running: 2,  Completed: 1998 [  13h 39m  ] 
INFO:  Idle: 0,  Running: 2,  Completed: 1998 [  13h 40m  ] 
INFO:  Idle: 0,  Running: 2,  Completed: 1998 [  13h 40m  ] 
INFO:  Idle: 0,  Running: 2,  Completed: 1998 [  13h 41m  ] 
INFO:  Idle: 0,  Running: 2,  Completed: 1998 [  13h 41m  ] 
INFO:  Idle: 0,  Running: 2,  Completed: 1998 [  13h 42m  ] 
INFO:  Idle: 0,  Running: 2,  Completed: 1998 [  13h 42m  ] 
INFO:  Idle: 0,  Running: 2,  Completed: 1998 [  13h 43m  ] 
INFO:  Idle: 0,  Running: 2,  Completed: 1998 [  13h 43m  ] 
INFO:  Idle: 0,  Running: 2,  Completed: 1998 [  13h 44m  ] 
INFO:  Idle: 0,  Running: 2,  Completed: 1998 [  13h 44m  ] 
INFO:  Idle: 0,  Running: 2,  Completed: 1998 [  13h 45m  ] 
INFO:  Idle: 0,  Running: 2,  Completed: 1998 [  13h 45m  ] 
INFO:  Idle: 0,  Running: 2,  Completed: 1998 [  13h 46m  ] 
INFO:  Idle: 0,  Running: 2,  Completed: 1998 [  13h 46m  ] 
INFO:  Idle: 0,  Running: 2,  Completed: 1998 [  13h 47m  ] 
INFO:  Idle: 0,  Running: 2,  Completed: 1998 [  13h 47m  ] 
INFO:  Idle: 0,  Running: 2,  Completed: 1998 [  13h 48m  ] 
INFO:  Idle: 0,  Running: 2,  Completed: 1998 [  13h 48m  ] 
INFO:  Idle: 0,  Running: 2,  Completed: 1998 [  13h 49m  ] 
INFO:  Idle: 0,  Running: 1,  Completed: 1999 [  13h 49m  ] 
INFO:  Idle: 0,  Running: 1,  Completed: 1999 [  13h 50m  ] 
INFO:  Idle: 0,  Running: 1,  Completed: 1999 [  13h 50m  ] 
INFO:  Idle: 0,  Running: 1,  Completed: 1999 [  13h 51m  ] 
INFO:  Idle: 0,  Running: 1,  Completed: 1999 [  13h 51m  ] 
INFO:  Idle: 0,  Running: 1,  Completed: 1999 [  13h 52m  ] 
INFO:  Idle: 0,  Running: 1,  Completed: 1999 [  13h 52m  ] 
INFO:  Idle: 0,  Running: 1,  Completed: 1999 [  13h 53m  ] 
INFO:  Idle: 0,  Running: 1,  Completed: 1999 [  13h 53m  ] 
INFO:  Idle: 0,  Running: 1,  Completed: 1999 [  13h 54m  ] 
INFO:  Idle: 0,  Running: 1,  Completed: 1999 [  13h 54m  ] 
INFO:  Idle: 0,  Running: 1,  Completed: 1999 [  13h 55m  ] 
INFO:  Idle: 0,  Running: 1,  Completed: 1999 [  13h 55m  ] 
INFO:  Idle: 0,  Running: 1,  Completed: 1999 [  13h 56m  ] 
INFO:  Idle: 0,  Running: 1,  Completed: 1999 [  13h 56m  ] 
INFO:  Idle: 0,  Running: 1,  Completed: 1999 [  13h 57m  ] 
INFO:  Idle: 0,  Running: 1,  Completed: 1999 [  13h 57m  ] 
INFO:  Idle: 0,  Running: 1,  Completed: 1999 [  13h 58m  ] 
INFO:  Idle: 0,  Running: 1,  Completed: 1999 [  13h 58m  ] 
INFO:  Idle: 0,  Running: 1,  Completed: 1999 [  13h 59m  ] 
INFO:  Idle: 0,  Running: 1,  Completed: 1999 [  13h 59m  ] 
INFO:  Idle: 0,  Running: 1,  Completed: 1999 [  14h 0m  ] 
INFO:  Idle: 0,  Running: 1,  Completed: 1999 [  14h 0m  ] 
INFO:  Idle: 0,  Running: 1,  Completed: 1999 [  14h 1m  ] 
INFO:  Idle: 0,  Running: 1,  Completed: 1999 [  14h 1m  ] 
INFO:  Idle: 0,  Running: 1,  Completed: 1999 [  14h 2m  ] 
INFO:  Idle: 0,  Running: 1,  Completed: 1999 [  14h 2m  ] 
INFO:  Idle: 0,  Running: 1,  Completed: 1999 [  14h 3m  ] 
INFO:  Idle: 0,  Running: 1,  Completed: 1999 [  14h 3m  ] 
INFO:  Idle: 0,  Running: 1,  Completed: 1999 [  14h 4m  ] 
INFO:  Idle: 0,  Running: 1,  Completed: 1999 [  14h 4m  ] 
INFO:  Idle: 0,  Running: 1,  Completed: 1999 [  14h 5m  ] 
INFO:  Idle: 0,  Running: 1,  Completed: 1999 [  14h 5m  ] 
INFO:  Idle: 0,  Running: 1,  Completed: 1999 [  14h 6m  ] 
INFO:  Idle: 0,  Running: 1,  Completed: 1999 [  14h 6m  ] 
INFO:  Idle: 0,  Running: 1,  Completed: 1999 [  14h 7m  ] 
INFO:  Idle: 0,  Running: 1,  Completed: 1999 [  14h 7m  ] 
INFO:  Idle: 0,  Running: 1,  Completed: 1999 [  14h 8m  ] 
INFO:  Idle: 0,  Running: 1,  Completed: 1999 [  14h 8m  ] 
INFO:  Idle: 0,  Running: 1,  Completed: 1999 [  14h 9m  ] 
INFO:  Idle: 0,  Running: 1,  Completed: 1999 [  14h 9m  ] 
INFO:  Idle: 0,  Running: 1,  Completed: 1999 [  14h 10m  ] 
INFO:  Idle: 0,  Running: 1,  Completed: 1999 [  14h 10m  ] 
INFO:  Idle: 0,  Running: 1,  Completed: 1999 [  14h 11m  ] 
INFO:  Idle: 0,  Running: 1,  Completed: 1999 [  14h 11m  ] 
INFO:  Idle: 0,  Running: 1,  Completed: 1999 [  14h 12m  ] 
INFO:  Idle: 0,  Running: 1,  Completed: 1999 [  14h 12m  ] 
INFO:  Idle: 0,  Running: 1,  Completed: 1999 [  14h 13m  ] 
INFO:  Idle: 0,  Running: 1,  Completed: 1999 [  14h 13m  ] 
INFO:  Idle: 0,  Running: 1,  Completed: 1999 [  14h 14m  ] 
INFO:  Idle: 0,  Running: 1,  Completed: 1999 [  14h 14m  ] 
INFO:  Idle: 0,  Running: 1,  Completed: 1999 [  14h 15m  ] 
INFO:  Idle: 0,  Running: 1,  Completed: 1999 [  14h 15m  ] 
INFO:  Idle: 0,  Running: 1,  Completed: 1999 [  14h 16m  ] 
INFO:  Idle: 0,  Running: 1,  Completed: 1999 [  14h 16m  ] 
INFO:  Idle: 0,  Running: 1,  Completed: 1999 [  14h 17m  ] 
INFO:  Idle: 0,  Running: 1,  Completed: 1999 [  14h 17m  ] 
INFO:  Idle: 0,  Running: 1,  Completed: 1999 [  14h 18m  ] 
INFO:  Idle: 0,  Running: 1,  Completed: 1999 [  14h 19m  ] 
INFO:  Idle: 0,  Running: 1,  Completed: 1999 [  14h 19m  ] 
INFO:  Idle: 0,  Running: 1,  Completed: 1999 [  14h 20m  ] 
INFO:  Idle: 0,  Running: 1,  Completed: 1999 [  14h 20m  ] 
INFO:  Idle: 0,  Running: 1,  Completed: 1999 [  14h 21m  ] 
INFO:  Idle: 0,  Running: 1,  Completed: 1999 [  14h 21m  ] 
INFO:  Idle: 0,  Running: 1,  Completed: 1999 [  14h 22m  ] 
INFO:  Idle: 0,  Running: 1,  Completed: 1999 [  14h 22m  ] 
INFO:  Idle: 0,  Running: 1,  Completed: 1999 [  14h 23m  ] 
INFO:  Idle: 0,  Running: 1,  Completed: 1999 [  14h 23m  ] 
INFO:  Idle: 0,  Running: 1,  Completed: 1999 [  14h 24m  ] 
INFO:  Idle: 0,  Running: 1,  Completed: 1999 [  14h 24m  ] 
INFO:  Idle: 0,  Running: 1,  Completed: 1999 [  14h 25m  ] 
INFO:  Idle: 0,  Running: 1,  Completed: 1999 [  14h 25m  ] 
INFO:  Idle: 0,  Running: 1,  Completed: 1999 [  14h 26m  ] 
INFO:  Idle: 0,  Running: 1,  Completed: 1999 [  14h 26m  ] 
INFO:  Idle: 0,  Running: 1,  Completed: 1999 [  14h 27m  ] 
INFO:  Idle: 0,  Running: 1,  Completed: 1999 [  14h 27m  ] 
INFO:  Idle: 0,  Running: 1,  Completed: 1999 [  14h 28m  ] 
INFO:  Idle: 0,  Running: 1,  Completed: 1999 [  14h 28m  ] 
INFO:  Idle: 0,  Running: 1,  Completed: 1999 [  14h 29m  ] 
INFO:  Idle: 0,  Running: 1,  Completed: 1999 [  14h 29m  ] 
INFO:  Idle: 0,  Running: 1,  Completed: 1999 [  14h 30m  ] 
INFO:  Idle: 0,  Running: 1,  Completed: 1999 [  14h 30m  ] 
INFO:  Idle: 0,  Running: 1,  Completed: 1999 [  14h 31m  ] 
INFO:  Idle: 0,  Running: 1,  Completed: 1999 [  14h 31m  ] 
INFO:  Idle: 0,  Running: 1,  Completed: 1999 [  14h 32m  ] 
INFO:  Idle: 0,  Running: 1,  Completed: 1999 [  14h 32m  ] 
INFO:  Idle: 0,  Running: 1,  Completed: 1999 [  14h 33m  ] 
INFO:  Idle: 0,  Running: 1,  Completed: 1999 [  14h 33m  ] 
INFO:  Idle: 0,  Running: 1,  Completed: 1999 [  14h 34m  ] 
INFO:  Idle: 0,  Running: 1,  Completed: 1999 [  14h 34m  ] 
INFO:  Idle: 0,  Running: 1,  Completed: 1999 [  14h 35m  ] 
INFO:  Idle: 0,  Running: 1,  Completed: 1999 [  14h 35m  ] 
INFO:  Idle: 0,  Running: 1,  Completed: 1999 [  14h 36m  ] 
INFO:  Idle: 0,  Running: 1,  Completed: 1999 [  14h 36m  ] 
INFO:  Idle: 0,  Running: 1,  Completed: 1999 [  14h 37m  ] 
INFO:  Idle: 0,  Running: 1,  Completed: 1999 [  14h 37m  ] 
INFO:  Idle: 0,  Running: 1,  Completed: 1999 [  14h 38m  ] 
INFO:  Idle: 0,  Running: 1,  Completed: 1999 [  14h 38m  ] 
INFO:  Idle: 0,  Running: 1,  Completed: 1999 [  14h 39m  ] 
INFO:  Idle: 0,  Running: 1,  Completed: 1999 [  14h 39m  ] 
INFO:  Idle: 0,  Running: 1,  Completed: 1999 [  14h 40m  ] 
INFO:  Idle: 0,  Running: 1,  Completed: 1999 [  14h 40m  ] 
INFO:  Idle: 0,  Running: 1,  Completed: 1999 [  14h 41m  ] 
INFO:  Idle: 0,  Running: 1,  Completed: 1999 [  14h 41m  ] 
INFO:  Idle: 0,  Running: 1,  Completed: 1999 [  14h 42m  ] 
INFO:  Idle: 0,  Running: 1,  Completed: 1999 [  14h 42m  ] 
INFO:  Idle: 0,  Running: 1,  Completed: 1999 [  14h 43m  ] 
INFO:  Idle: 0,  Running: 1,  Completed: 1999 [  14h 43m  ] 
INFO:  Idle: 0,  Running: 1,  Completed: 1999 [  14h 44m  ] 
INFO:  Idle: 0,  Running: 1,  Completed: 1999 [  14h 44m  ] 
INFO:  Idle: 0,  Running: 1,  Completed: 1999 [  14h 45m  ] 
INFO:  Idle: 0,  Running: 1,  Completed: 1999 [  14h 45m  ] 
INFO:  Idle: 0,  Running: 1,  Completed: 1999 [  14h 46m  ] 
INFO:  Idle: 0,  Running: 1,  Completed: 1999 [  14h 46m  ] 
INFO:  Idle: 0,  Running: 1,  Completed: 1999 [  14h 47m  ] 
INFO:  Idle: 0,  Running: 1,  Completed: 1999 [  14h 47m  ] 
INFO:  Idle: 0,  Running: 1,  Completed: 1999 [  14h 48m  ] 
INFO: All jobs finished 
launch in debug mode
