[?1034hNo module named madgraph.madweight.Cards
************************************************************
*                                                          *
*           W E L C O M E  to  M A D G R A P H  5          *
*                      M A D W E I G H T                   *
*                                                          *
*                 *                       *                *
*                   *        * *        *                  *
*                     * * * * 5 * * * *                    *
*                   *        * *        *                  *
*                 *                       *                *
*                                                          *
*         VERSION 5.2.1.0.beta                             *
*                                                          *
*    The MadGraph Development Team - Please visit us at    *
*    https://server06.fynu.ucl.ac.be/projects/madgraph     *
*                                                          *
*               Type 'help' for in-line help.              *
*                                                          *
************************************************************
INFO: load configuration from /grid_mnt/storage__localgrid/aolbrech/madweight_amcnlo/ttbarSemiMuPlus_QED2_SLC6/Cards/me5_configuration.txt  
INFO: load configuration from /grid_mnt/storage__localgrid/aolbrech/madweight_amcnlo/input/mg5_configuration.txt  
INFO: load configuration from /grid_mnt/storage__localgrid/aolbrech/madweight_amcnlo/ttbarSemiMuPlus_QED2_SLC6/Cards/me5_configuration.txt  
No valid eps viewer found. Please set in ./input/mg5_configuration.txt
No valid web browser found. Please set in ./input/mg5_configuration.txt
submit_jobs
INFO:  Idle: 20,  Running: 0,  Completed: 0 [  0.22s  ] 
INFO:  Idle: 0,  Running: 20,  Completed: 0 [  30.4s  ] 
INFO:  Idle: 0,  Running: 20,  Completed: 0 [  1m 0s  ] 
INFO:  Idle: 0,  Running: 20,  Completed: 0 [  1m 30s  ] 
INFO:  Idle: 0,  Running: 20,  Completed: 0 [  2m 0s  ] 
INFO:  Idle: 0,  Running: 20,  Completed: 0 [  2m 30s  ] 
INFO:  Idle: 0,  Running: 20,  Completed: 0 [  3m 1s  ] 
INFO:  Idle: 0,  Running: 20,  Completed: 0 [  3m 31s  ] 
INFO:  Idle: 0,  Running: 20,  Completed: 0 [  4m 1s  ] 
INFO:  Idle: 0,  Running: 20,  Completed: 0 [  4m 31s  ] 
INFO:  Idle: 0,  Running: 20,  Completed: 0 [  5m 1s  ] 
INFO:  Idle: 0,  Running: 20,  Completed: 0 [  5m 31s  ] 
INFO:  Idle: 0,  Running: 20,  Completed: 0 [  6m 2s  ] 
INFO:  Idle: 0,  Running: 20,  Completed: 0 [  6m 32s  ] 
INFO:  Idle: 0,  Running: 20,  Completed: 0 [  7m 2s  ] 
INFO:  Idle: 0,  Running: 20,  Completed: 0 [  7m 32s  ] 
INFO:  Idle: 0,  Running: 20,  Completed: 0 [  8m 2s  ] 
INFO:  Idle: 0,  Running: 20,  Completed: 0 [  8m 32s  ] 
INFO:  Idle: 0,  Running: 20,  Completed: 0 [  9m 3s  ] 
INFO:  Idle: 0,  Running: 20,  Completed: 0 [  9m 33s  ] 
INFO:  Idle: 0,  Running: 20,  Completed: 0 [  10m 3s  ] 
INFO:  Idle: 0,  Running: 20,  Completed: 0 [  10m 33s  ] 
INFO:  Idle: 0,  Running: 20,  Completed: 0 [  11m 4s  ] 
INFO:  Idle: 0,  Running: 20,  Completed: 0 [  11m 34s  ] 
INFO:  Idle: 0,  Running: 20,  Completed: 0 [  12m 4s  ] 
INFO:  Idle: 0,  Running: 20,  Completed: 0 [  12m 34s  ] 
INFO:  Idle: 0,  Running: 20,  Completed: 0 [  13m 4s  ] 
INFO:  Idle: 0,  Running: 20,  Completed: 0 [  13m 34s  ] 
INFO:  Idle: 0,  Running: 20,  Completed: 0 [  14m 5s  ] 
INFO:  Idle: 0,  Running: 20,  Completed: 0 [  14m 35s  ] 
INFO:  Idle: 0,  Running: 20,  Completed: 0 [  15m 5s  ] 
INFO:  Idle: 0,  Running: 20,  Completed: 0 [  15m 35s  ] 
INFO:  Idle: 0,  Running: 20,  Completed: 0 [  16m 5s  ] 
INFO:  Idle: 0,  Running: 20,  Completed: 0 [  16m 35s  ] 
INFO:  Idle: 0,  Running: 20,  Completed: 0 [  17m 5s  ] 
INFO:  Idle: 0,  Running: 20,  Completed: 0 [  17m 36s  ] 
INFO:  Idle: 0,  Running: 20,  Completed: 0 [  18m 6s  ] 
INFO:  Idle: 0,  Running: 20,  Completed: 0 [  18m 36s  ] 
INFO:  Idle: 0,  Running: 20,  Completed: 0 [  19m 6s  ] 
INFO:  Idle: 0,  Running: 20,  Completed: 0 [  19m 36s  ] 
INFO:  Idle: 0,  Running: 20,  Completed: 0 [  20m 7s  ] 
INFO:  Idle: 0,  Running: 20,  Completed: 0 [  20m 37s  ] 
INFO:  Idle: 0,  Running: 20,  Completed: 0 [  21m 7s  ] 
INFO:  Idle: 0,  Running: 20,  Completed: 0 [  21m 37s  ] 
INFO:  Idle: 0,  Running: 20,  Completed: 0 [  22m 7s  ] 
INFO:  Idle: 0,  Running: 20,  Completed: 0 [  22m 38s  ] 
INFO:  Idle: 0,  Running: 20,  Completed: 0 [  23m 8s  ] 
INFO:  Idle: 0,  Running: 20,  Completed: 0 [  23m 38s  ] 
INFO:  Idle: 0,  Running: 20,  Completed: 0 [  24m 8s  ] 
INFO:  Idle: 0,  Running: 20,  Completed: 0 [  24m 38s  ] 
INFO:  Idle: 0,  Running: 20,  Completed: 0 [  25m 9s  ] 
INFO:  Idle: 0,  Running: 20,  Completed: 0 [  25m 39s  ] 
INFO:  Idle: 0,  Running: 20,  Completed: 0 [  26m 9s  ] 
INFO:  Idle: 0,  Running: 20,  Completed: 0 [  26m 39s  ] 
INFO:  Idle: 0,  Running: 20,  Completed: 0 [  27m 9s  ] 
INFO:  Idle: 0,  Running: 20,  Completed: 0 [  27m 39s  ] 
INFO:  Idle: 0,  Running: 20,  Completed: 0 [  28m 9s  ] 
INFO:  Idle: 0,  Running: 20,  Completed: 0 [  28m 40s  ] 
INFO:  Idle: 0,  Running: 20,  Completed: 0 [  29m 10s  ] 
INFO:  Idle: 0,  Running: 20,  Completed: 0 [  29m 40s  ] 
INFO:  Idle: 0,  Running: 20,  Completed: 0 [  30m 10s  ] 
INFO:  Idle: 0,  Running: 20,  Completed: 0 [  30m 40s  ] 
INFO:  Idle: 0,  Running: 20,  Completed: 0 [  31m 10s  ] 
INFO:  Idle: 0,  Running: 20,  Completed: 0 [  31m 41s  ] 
INFO:  Idle: 0,  Running: 20,  Completed: 0 [  32m 11s  ] 
INFO:  Idle: 0,  Running: 20,  Completed: 0 [  32m 41s  ] 
INFO:  Idle: 0,  Running: 20,  Completed: 0 [  33m 11s  ] 
INFO:  Idle: 0,  Running: 20,  Completed: 0 [  33m 41s  ] 
INFO:  Idle: 0,  Running: 20,  Completed: 0 [  34m 11s  ] 
INFO:  Idle: 0,  Running: 20,  Completed: 0 [  34m 41s  ] 
INFO:  Idle: 0,  Running: 20,  Completed: 0 [  35m 12s  ] 
INFO:  Idle: 0,  Running: 20,  Completed: 0 [  35m 42s  ] 
INFO:  Idle: 0,  Running: 20,  Completed: 0 [  36m 12s  ] 
INFO:  Idle: 0,  Running: 20,  Completed: 0 [  36m 42s  ] 
INFO:  Idle: 0,  Running: 20,  Completed: 0 [  37m 12s  ] 
INFO:  Idle: 0,  Running: 20,  Completed: 0 [  37m 42s  ] 
INFO:  Idle: 0,  Running: 20,  Completed: 0 [  38m 12s  ] 
INFO:  Idle: 0,  Running: 20,  Completed: 0 [  38m 43s  ] 
INFO:  Idle: 0,  Running: 20,  Completed: 0 [  39m 13s  ] 
INFO:  Idle: 0,  Running: 20,  Completed: 0 [  39m 43s  ] 
INFO:  Idle: 0,  Running: 20,  Completed: 0 [  40m 13s  ] 
INFO:  Idle: 0,  Running: 20,  Completed: 0 [  40m 43s  ] 
INFO:  Idle: 0,  Running: 20,  Completed: 0 [  41m 14s  ] 
INFO:  Idle: 0,  Running: 20,  Completed: 0 [  41m 44s  ] 
INFO:  Idle: 0,  Running: 20,  Completed: 0 [  42m 14s  ] 
INFO:  Idle: 0,  Running: 20,  Completed: 0 [  42m 45s  ] 
INFO:  Idle: 0,  Running: 20,  Completed: 0 [  43m 15s  ] 
INFO:  Idle: 0,  Running: 20,  Completed: 0 [  43m 45s  ] 
INFO:  Idle: 0,  Running: 20,  Completed: 0 [  44m 15s  ] 
INFO:  Idle: 0,  Running: 20,  Completed: 0 [  44m 45s  ] 
INFO:  Idle: 0,  Running: 20,  Completed: 0 [  45m 15s  ] 
INFO:  Idle: 0,  Running: 20,  Completed: 0 [  45m 45s  ] 
INFO:  Idle: 0,  Running: 20,  Completed: 0 [  46m 16s  ] 
INFO:  Idle: 0,  Running: 20,  Completed: 0 [  46m 46s  ] 
INFO:  Idle: 0,  Running: 20,  Completed: 0 [  47m 16s  ] 
INFO:  Idle: 0,  Running: 20,  Completed: 0 [  47m 46s  ] 
INFO:  Idle: 0,  Running: 20,  Completed: 0 [  48m 16s  ] 
INFO:  Idle: 0,  Running: 20,  Completed: 0 [  48m 47s  ] 
INFO:  Idle: 0,  Running: 19,  Completed: 1 [  49m 17s  ] 
INFO:  Idle: 0,  Running: 19,  Completed: 1 [  49m 47s  ] 
INFO:  Idle: 0,  Running: 19,  Completed: 1 [  50m 17s  ] 
INFO:  Idle: 0,  Running: 19,  Completed: 1 [  50m 47s  ] 
INFO:  Idle: 0,  Running: 19,  Completed: 1 [  51m 17s  ] 
INFO:  Idle: 0,  Running: 19,  Completed: 1 [  51m 47s  ] 
INFO:  Idle: 0,  Running: 18,  Completed: 2 [  52m 18s  ] 
INFO:  Idle: 0,  Running: 18,  Completed: 2 [  52m 48s  ] 
INFO:  Idle: 0,  Running: 18,  Completed: 2 [  53m 18s  ] 
INFO:  Idle: 0,  Running: 18,  Completed: 2 [  53m 48s  ] 
INFO:  Idle: 0,  Running: 18,  Completed: 2 [  54m 18s  ] 
INFO:  Idle: 0,  Running: 18,  Completed: 2 [  54m 48s  ] 
INFO:  Idle: 0,  Running: 18,  Completed: 2 [  55m 18s  ] 
INFO:  Idle: 0,  Running: 18,  Completed: 2 [  55m 49s  ] 
INFO:  Idle: 0,  Running: 18,  Completed: 2 [  56m 19s  ] 
INFO:  Idle: 0,  Running: 18,  Completed: 2 [  56m 49s  ] 
INFO:  Idle: 0,  Running: 18,  Completed: 2 [  57m 19s  ] 
INFO:  Idle: 0,  Running: 18,  Completed: 2 [  57m 49s  ] 
INFO:  Idle: 0,  Running: 18,  Completed: 2 [  58m 19s  ] 
INFO:  Idle: 0,  Running: 18,  Completed: 2 [  58m 50s  ] 
INFO:  Idle: 0,  Running: 18,  Completed: 2 [  59m 20s  ] 
INFO:  Idle: 0,  Running: 18,  Completed: 2 [  59m 50s  ] 
INFO:  Idle: 0,  Running: 18,  Completed: 2 [  1h 0m  ] 
INFO:  Idle: 0,  Running: 18,  Completed: 2 [  1h 0m  ] 
INFO:  Idle: 0,  Running: 18,  Completed: 2 [  1h 1m  ] 
INFO:  Idle: 0,  Running: 18,  Completed: 2 [  1h 1m  ] 
INFO:  Idle: 0,  Running: 18,  Completed: 2 [  1h 2m  ] 
INFO:  Idle: 0,  Running: 18,  Completed: 2 [  1h 2m  ] 
INFO:  Idle: 0,  Running: 18,  Completed: 2 [  1h 3m  ] 
INFO:  Idle: 0,  Running: 18,  Completed: 2 [  1h 3m  ] 
INFO:  Idle: 0,  Running: 18,  Completed: 2 [  1h 4m  ] 
INFO:  Idle: 0,  Running: 18,  Completed: 2 [  1h 4m  ] 
INFO:  Idle: 0,  Running: 18,  Completed: 2 [  1h 5m  ] 
INFO:  Idle: 0,  Running: 18,  Completed: 2 [  1h 5m  ] 
INFO:  Idle: 0,  Running: 18,  Completed: 2 [  1h 6m  ] 
INFO:  Idle: 0,  Running: 18,  Completed: 2 [  1h 6m  ] 
INFO:  Idle: 0,  Running: 18,  Completed: 2 [  1h 7m  ] 
INFO:  Idle: 0,  Running: 18,  Completed: 2 [  1h 7m  ] 
INFO:  Idle: 0,  Running: 18,  Completed: 2 [  1h 8m  ] 
INFO:  Idle: 0,  Running: 18,  Completed: 2 [  1h 8m  ] 
INFO:  Idle: 0,  Running: 18,  Completed: 2 [  1h 9m  ] 
INFO:  Idle: 0,  Running: 18,  Completed: 2 [  1h 9m  ] 
INFO:  Idle: 0,  Running: 18,  Completed: 2 [  1h 10m  ] 
INFO:  Idle: 0,  Running: 18,  Completed: 2 [  1h 10m  ] 
INFO:  Idle: 0,  Running: 18,  Completed: 2 [  1h 11m  ] 
INFO:  Idle: 0,  Running: 18,  Completed: 2 [  1h 11m  ] 
INFO:  Idle: 0,  Running: 18,  Completed: 2 [  1h 12m  ] 
INFO:  Idle: 0,  Running: 17,  Completed: 3 [  1h 12m  ] 
INFO:  Idle: 0,  Running: 17,  Completed: 3 [  1h 13m  ] 
INFO:  Idle: 0,  Running: 17,  Completed: 3 [  1h 13m  ] 
INFO:  Idle: 0,  Running: 17,  Completed: 3 [  1h 14m  ] 
INFO:  Idle: 0,  Running: 17,  Completed: 3 [  1h 14m  ] 
INFO:  Idle: 0,  Running: 17,  Completed: 3 [  1h 15m  ] 
INFO:  Idle: 0,  Running: 17,  Completed: 3 [  1h 15m  ] 
INFO:  Idle: 0,  Running: 17,  Completed: 3 [  1h 16m  ] 
INFO:  Idle: 0,  Running: 16,  Completed: 4 [  1h 16m  ] 
INFO:  Idle: 0,  Running: 16,  Completed: 4 [  1h 17m  ] 
INFO:  Idle: 0,  Running: 16,  Completed: 4 [  1h 17m  ] 
INFO:  Idle: 0,  Running: 16,  Completed: 4 [  1h 18m  ] 
INFO:  Idle: 0,  Running: 16,  Completed: 4 [  1h 18m  ] 
INFO:  Idle: 0,  Running: 16,  Completed: 4 [  1h 19m  ] 
INFO:  Idle: 0,  Running: 16,  Completed: 4 [  1h 19m  ] 
INFO:  Idle: 0,  Running: 16,  Completed: 4 [  1h 20m  ] 
INFO:  Idle: 0,  Running: 15,  Completed: 5 [  1h 20m  ] 
INFO:  Idle: 0,  Running: 15,  Completed: 5 [  1h 21m  ] 
INFO:  Idle: 0,  Running: 15,  Completed: 5 [  1h 21m  ] 
INFO:  Idle: 0,  Running: 14,  Completed: 6 [  1h 22m  ] 
INFO:  Idle: 0,  Running: 14,  Completed: 6 [  1h 22m  ] 
INFO:  Idle: 0,  Running: 14,  Completed: 6 [  1h 23m  ] 
INFO:  Idle: 0,  Running: 14,  Completed: 6 [  1h 23m  ] 
INFO:  Idle: 0,  Running: 14,  Completed: 6 [  1h 24m  ] 
INFO:  Idle: 0,  Running: 14,  Completed: 6 [  1h 24m  ] 
INFO:  Idle: 0,  Running: 14,  Completed: 6 [  1h 25m  ] 
INFO:  Idle: 0,  Running: 14,  Completed: 6 [  1h 25m  ] 
INFO:  Idle: 0,  Running: 14,  Completed: 6 [  1h 26m  ] 
INFO:  Idle: 0,  Running: 13,  Completed: 7 [  1h 26m  ] 
INFO:  Idle: 0,  Running: 13,  Completed: 7 [  1h 27m  ] 
INFO:  Idle: 0,  Running: 13,  Completed: 7 [  1h 27m  ] 
INFO:  Idle: 0,  Running: 13,  Completed: 7 [  1h 28m  ] 
INFO:  Idle: 0,  Running: 13,  Completed: 7 [  1h 28m  ] 
INFO:  Idle: 0,  Running: 13,  Completed: 7 [  1h 29m  ] 
INFO:  Idle: 0,  Running: 13,  Completed: 7 [  1h 29m  ] 
INFO:  Idle: 0,  Running: 13,  Completed: 7 [  1h 30m  ] 
INFO:  Idle: 0,  Running: 13,  Completed: 7 [  1h 31m  ] 
INFO:  Idle: 0,  Running: 12,  Completed: 8 [  1h 31m  ] 
INFO:  Idle: 0,  Running: 11,  Completed: 9 [  1h 32m  ] 
INFO:  Idle: 0,  Running: 11,  Completed: 9 [  1h 32m  ] 
INFO:  Idle: 0,  Running: 11,  Completed: 9 [  1h 33m  ] 
INFO:  Idle: 0,  Running: 11,  Completed: 9 [  1h 33m  ] 
INFO:  Idle: 0,  Running: 11,  Completed: 9 [  1h 34m  ] 
INFO:  Idle: 0,  Running: 11,  Completed: 9 [  1h 34m  ] 
INFO:  Idle: 0,  Running: 11,  Completed: 9 [  1h 35m  ] 
INFO:  Idle: 0,  Running: 11,  Completed: 9 [  1h 35m  ] 
INFO:  Idle: 0,  Running: 10,  Completed: 10 [  1h 36m  ] 
INFO:  Idle: 0,  Running: 10,  Completed: 10 [  1h 36m  ] 
INFO:  Idle: 0,  Running: 10,  Completed: 10 [  1h 37m  ] 
INFO:  Idle: 0,  Running: 10,  Completed: 10 [  1h 37m  ] 
INFO:  Idle: 0,  Running: 9,  Completed: 11 [  1h 38m  ] 
INFO:  Idle: 0,  Running: 9,  Completed: 11 [  1h 38m  ] 
INFO:  Idle: 0,  Running: 9,  Completed: 11 [  1h 39m  ] 
INFO:  Idle: 0,  Running: 9,  Completed: 11 [  1h 39m  ] 
INFO:  Idle: 0,  Running: 9,  Completed: 11 [  1h 40m  ] 
INFO:  Idle: 0,  Running: 9,  Completed: 11 [  1h 40m  ] 
INFO:  Idle: 0,  Running: 8,  Completed: 12 [  1h 41m  ] 
INFO:  Idle: 0,  Running: 8,  Completed: 12 [  1h 41m  ] 
INFO:  Idle: 0,  Running: 8,  Completed: 12 [  1h 42m  ] 
INFO:  Idle: 0,  Running: 8,  Completed: 12 [  1h 42m  ] 
INFO:  Idle: 0,  Running: 8,  Completed: 12 [  1h 43m  ] 
INFO:  Idle: 0,  Running: 8,  Completed: 12 [  1h 43m  ] 
INFO:  Idle: 0,  Running: 8,  Completed: 12 [  1h 44m  ] 
INFO:  Idle: 0,  Running: 8,  Completed: 12 [  1h 44m  ] 
INFO:  Idle: 0,  Running: 8,  Completed: 12 [  1h 45m  ] 
INFO:  Idle: 0,  Running: 8,  Completed: 12 [  1h 45m  ] 
INFO:  Idle: 0,  Running: 8,  Completed: 12 [  1h 46m  ] 
INFO:  Idle: 0,  Running: 8,  Completed: 12 [  1h 46m  ] 
INFO:  Idle: 0,  Running: 8,  Completed: 12 [  1h 47m  ] 
INFO:  Idle: 0,  Running: 8,  Completed: 12 [  1h 47m  ] 
INFO:  Idle: 0,  Running: 8,  Completed: 12 [  1h 48m  ] 
INFO:  Idle: 0,  Running: 8,  Completed: 12 [  1h 48m  ] 
INFO:  Idle: 0,  Running: 8,  Completed: 12 [  1h 49m  ] 
INFO:  Idle: 0,  Running: 8,  Completed: 12 [  1h 49m  ] 
INFO:  Idle: 0,  Running: 8,  Completed: 12 [  1h 50m  ] 
INFO:  Idle: 0,  Running: 7,  Completed: 13 [  1h 50m  ] 
INFO:  Idle: 0,  Running: 7,  Completed: 13 [  1h 51m  ] 
INFO:  Idle: 0,  Running: 7,  Completed: 13 [  1h 51m  ] 
INFO:  Idle: 0,  Running: 7,  Completed: 13 [  1h 52m  ] 
INFO:  Idle: 0,  Running: 7,  Completed: 13 [  1h 52m  ] 
INFO:  Idle: 0,  Running: 7,  Completed: 13 [  1h 53m  ] 
INFO:  Idle: 0,  Running: 7,  Completed: 13 [  1h 53m  ] 
INFO:  Idle: 0,  Running: 6,  Completed: 14 [  1h 54m  ] 
INFO:  Idle: 0,  Running: 6,  Completed: 14 [  1h 54m  ] 
INFO:  Idle: 0,  Running: 6,  Completed: 14 [  1h 55m  ] 
INFO:  Idle: 0,  Running: 6,  Completed: 14 [  1h 55m  ] 
INFO:  Idle: 0,  Running: 5,  Completed: 15 [  1h 56m  ] 
INFO:  Idle: 0,  Running: 5,  Completed: 15 [  1h 56m  ] 
INFO:  Idle: 0,  Running: 5,  Completed: 15 [  1h 57m  ] 
INFO:  Idle: 0,  Running: 5,  Completed: 15 [  1h 57m  ] 
INFO:  Idle: 0,  Running: 5,  Completed: 15 [  1h 58m  ] 
INFO:  Idle: 0,  Running: 5,  Completed: 15 [  1h 58m  ] 
INFO:  Idle: 0,  Running: 5,  Completed: 15 [  1h 59m  ] 
INFO:  Idle: 0,  Running: 5,  Completed: 15 [  1h 59m  ] 
INFO:  Idle: 0,  Running: 5,  Completed: 15 [  2h 0m  ] 
INFO:  Idle: 0,  Running: 5,  Completed: 15 [  2h 0m  ] 
INFO:  Idle: 0,  Running: 5,  Completed: 15 [  2h 1m  ] 
INFO:  Idle: 0,  Running: 5,  Completed: 15 [  2h 1m  ] 
INFO:  Idle: 0,  Running: 5,  Completed: 15 [  2h 2m  ] 
INFO:  Idle: 0,  Running: 5,  Completed: 15 [  2h 2m  ] 
INFO:  Idle: 0,  Running: 5,  Completed: 15 [  2h 3m  ] 
INFO:  Idle: 0,  Running: 5,  Completed: 15 [  2h 3m  ] 
INFO:  Idle: 0,  Running: 5,  Completed: 15 [  2h 4m  ] 
INFO:  Idle: 0,  Running: 5,  Completed: 15 [  2h 4m  ] 
INFO:  Idle: 0,  Running: 5,  Completed: 15 [  2h 5m  ] 
INFO:  Idle: 0,  Running: 5,  Completed: 15 [  2h 5m  ] 
INFO:  Idle: 0,  Running: 5,  Completed: 15 [  2h 6m  ] 
INFO:  Idle: 0,  Running: 5,  Completed: 15 [  2h 6m  ] 
INFO:  Idle: 0,  Running: 5,  Completed: 15 [  2h 7m  ] 
INFO:  Idle: 0,  Running: 5,  Completed: 15 [  2h 7m  ] 
INFO:  Idle: 0,  Running: 5,  Completed: 15 [  2h 8m  ] 
INFO:  Idle: 0,  Running: 5,  Completed: 15 [  2h 8m  ] 
INFO:  Idle: 0,  Running: 5,  Completed: 15 [  2h 9m  ] 
INFO:  Idle: 0,  Running: 5,  Completed: 15 [  2h 9m  ] 
INFO:  Idle: 0,  Running: 5,  Completed: 15 [  2h 10m  ] 
INFO:  Idle: 0,  Running: 5,  Completed: 15 [  2h 10m  ] 
INFO:  Idle: 0,  Running: 5,  Completed: 15 [  2h 11m  ] 
INFO:  Idle: 0,  Running: 5,  Completed: 15 [  2h 11m  ] 
INFO:  Idle: 0,  Running: 5,  Completed: 15 [  2h 12m  ] 
INFO:  Idle: 0,  Running: 5,  Completed: 15 [  2h 12m  ] 
INFO:  Idle: 0,  Running: 5,  Completed: 15 [  2h 13m  ] 
INFO:  Idle: 0,  Running: 5,  Completed: 15 [  2h 13m  ] 
INFO:  Idle: 0,  Running: 5,  Completed: 15 [  2h 14m  ] 
INFO:  Idle: 0,  Running: 5,  Completed: 15 [  2h 14m  ] 
INFO:  Idle: 0,  Running: 5,  Completed: 15 [  2h 15m  ] 
INFO:  Idle: 0,  Running: 5,  Completed: 15 [  2h 15m  ] 
INFO:  Idle: 0,  Running: 5,  Completed: 15 [  2h 16m  ] 
INFO:  Idle: 0,  Running: 5,  Completed: 15 [  2h 16m  ] 
INFO:  Idle: 0,  Running: 5,  Completed: 15 [  2h 17m  ] 
INFO:  Idle: 0,  Running: 5,  Completed: 15 [  2h 17m  ] 
INFO:  Idle: 0,  Running: 5,  Completed: 15 [  2h 18m  ] 
INFO:  Idle: 0,  Running: 5,  Completed: 15 [  2h 18m  ] 
INFO:  Idle: 0,  Running: 5,  Completed: 15 [  2h 19m  ] 
INFO:  Idle: 0,  Running: 5,  Completed: 15 [  2h 19m  ] 
INFO:  Idle: 0,  Running: 5,  Completed: 15 [  2h 20m  ] 
INFO:  Idle: 0,  Running: 5,  Completed: 15 [  2h 20m  ] 
INFO:  Idle: 0,  Running: 5,  Completed: 15 [  2h 21m  ] 
INFO:  Idle: 0,  Running: 5,  Completed: 15 [  2h 21m  ] 
INFO:  Idle: 0,  Running: 5,  Completed: 15 [  2h 22m  ] 
INFO:  Idle: 0,  Running: 5,  Completed: 15 [  2h 22m  ] 
INFO:  Idle: 0,  Running: 5,  Completed: 15 [  2h 23m  ] 
INFO:  Idle: 0,  Running: 5,  Completed: 15 [  2h 23m  ] 
INFO:  Idle: 0,  Running: 5,  Completed: 15 [  2h 24m  ] 
INFO:  Idle: 0,  Running: 5,  Completed: 15 [  2h 24m  ] 
INFO:  Idle: 0,  Running: 5,  Completed: 15 [  2h 25m  ] 
INFO:  Idle: 0,  Running: 5,  Completed: 15 [  2h 25m  ] 
INFO:  Idle: 0,  Running: 5,  Completed: 15 [  2h 26m  ] 
INFO:  Idle: 0,  Running: 5,  Completed: 15 [  2h 26m  ] 
INFO:  Idle: 0,  Running: 5,  Completed: 15 [  2h 27m  ] 
INFO:  Idle: 0,  Running: 5,  Completed: 15 [  2h 27m  ] 
INFO:  Idle: 0,  Running: 5,  Completed: 15 [  2h 28m  ] 
INFO:  Idle: 0,  Running: 5,  Completed: 15 [  2h 28m  ] 
INFO:  Idle: 0,  Running: 5,  Completed: 15 [  2h 29m  ] 
INFO:  Idle: 0,  Running: 5,  Completed: 15 [  2h 29m  ] 
INFO:  Idle: 0,  Running: 5,  Completed: 15 [  2h 30m  ] 
INFO:  Idle: 0,  Running: 5,  Completed: 15 [  2h 30m  ] 
INFO:  Idle: 0,  Running: 5,  Completed: 15 [  2h 31m  ] 
INFO:  Idle: 0,  Running: 5,  Completed: 15 [  2h 31m  ] 
INFO:  Idle: 0,  Running: 5,  Completed: 15 [  2h 32m  ] 
INFO:  Idle: 0,  Running: 5,  Completed: 15 [  2h 32m  ] 
INFO:  Idle: 0,  Running: 5,  Completed: 15 [  2h 33m  ] 
INFO:  Idle: 0,  Running: 5,  Completed: 15 [  2h 33m  ] 
INFO:  Idle: 0,  Running: 5,  Completed: 15 [  2h 34m  ] 
INFO:  Idle: 0,  Running: 5,  Completed: 15 [  2h 34m  ] 
INFO:  Idle: 0,  Running: 5,  Completed: 15 [  2h 35m  ] 
INFO:  Idle: 0,  Running: 5,  Completed: 15 [  2h 35m  ] 
INFO:  Idle: 0,  Running: 5,  Completed: 15 [  2h 36m  ] 
INFO:  Idle: 0,  Running: 5,  Completed: 15 [  2h 36m  ] 
INFO:  Idle: 0,  Running: 5,  Completed: 15 [  2h 37m  ] 
INFO:  Idle: 0,  Running: 5,  Completed: 15 [  2h 37m  ] 
INFO:  Idle: 0,  Running: 5,  Completed: 15 [  2h 38m  ] 
INFO:  Idle: 0,  Running: 5,  Completed: 15 [  2h 38m  ] 
INFO:  Idle: 0,  Running: 5,  Completed: 15 [  2h 39m  ] 
INFO:  Idle: 0,  Running: 5,  Completed: 15 [  2h 39m  ] 
INFO:  Idle: 0,  Running: 5,  Completed: 15 [  2h 40m  ] 
INFO:  Idle: 0,  Running: 5,  Completed: 15 [  2h 40m  ] 
INFO:  Idle: 0,  Running: 5,  Completed: 15 [  2h 41m  ] 
INFO:  Idle: 0,  Running: 5,  Completed: 15 [  2h 41m  ] 
INFO:  Idle: 0,  Running: 5,  Completed: 15 [  2h 42m  ] 
INFO:  Idle: 0,  Running: 5,  Completed: 15 [  2h 42m  ] 
INFO:  Idle: 0,  Running: 5,  Completed: 15 [  2h 43m  ] 
INFO:  Idle: 0,  Running: 5,  Completed: 15 [  2h 43m  ] 
INFO:  Idle: 0,  Running: 5,  Completed: 15 [  2h 44m  ] 
INFO:  Idle: 0,  Running: 5,  Completed: 15 [  2h 44m  ] 
INFO:  Idle: 0,  Running: 5,  Completed: 15 [  2h 45m  ] 
INFO:  Idle: 0,  Running: 5,  Completed: 15 [  2h 45m  ] 
INFO:  Idle: 0,  Running: 5,  Completed: 15 [  2h 46m  ] 
INFO:  Idle: 0,  Running: 5,  Completed: 15 [  2h 46m  ] 
INFO:  Idle: 0,  Running: 5,  Completed: 15 [  2h 47m  ] 
INFO:  Idle: 0,  Running: 5,  Completed: 15 [  2h 47m  ] 
INFO:  Idle: 0,  Running: 5,  Completed: 15 [  2h 48m  ] 
INFO:  Idle: 0,  Running: 5,  Completed: 15 [  2h 48m  ] 
INFO:  Idle: 0,  Running: 5,  Completed: 15 [  2h 49m  ] 
INFO:  Idle: 0,  Running: 5,  Completed: 15 [  2h 49m  ] 
INFO:  Idle: 0,  Running: 5,  Completed: 15 [  2h 50m  ] 
INFO:  Idle: 0,  Running: 5,  Completed: 15 [  2h 50m  ] 
INFO:  Idle: 0,  Running: 5,  Completed: 15 [  2h 51m  ] 
INFO:  Idle: 0,  Running: 5,  Completed: 15 [  2h 51m  ] 
INFO:  Idle: 0,  Running: 5,  Completed: 15 [  2h 52m  ] 
INFO:  Idle: 0,  Running: 5,  Completed: 15 [  2h 52m  ] 
INFO:  Idle: 0,  Running: 5,  Completed: 15 [  2h 53m  ] 
INFO:  Idle: 0,  Running: 5,  Completed: 15 [  2h 53m  ] 
INFO:  Idle: 0,  Running: 5,  Completed: 15 [  2h 54m  ] 
INFO:  Idle: 0,  Running: 5,  Completed: 15 [  2h 54m  ] 
INFO:  Idle: 0,  Running: 5,  Completed: 15 [  2h 55m  ] 
INFO:  Idle: 0,  Running: 5,  Completed: 15 [  2h 55m  ] 
INFO:  Idle: 0,  Running: 5,  Completed: 15 [  2h 56m  ] 
INFO:  Idle: 0,  Running: 5,  Completed: 15 [  2h 56m  ] 
INFO:  Idle: 0,  Running: 5,  Completed: 15 [  2h 57m  ] 
INFO:  Idle: 0,  Running: 5,  Completed: 15 [  2h 57m  ] 
INFO:  Idle: 0,  Running: 5,  Completed: 15 [  2h 58m  ] 
INFO:  Idle: 0,  Running: 5,  Completed: 15 [  2h 58m  ] 
INFO:  Idle: 0,  Running: 5,  Completed: 15 [  2h 59m  ] 
INFO:  Idle: 0,  Running: 5,  Completed: 15 [  2h 59m  ] 
INFO:  Idle: 0,  Running: 5,  Completed: 15 [  3h 0m  ] 
INFO:  Idle: 0,  Running: 5,  Completed: 15 [  3h 0m  ] 
INFO:  Idle: 0,  Running: 5,  Completed: 15 [  3h 1m  ] 
INFO:  Idle: 0,  Running: 5,  Completed: 15 [  3h 1m  ] 
INFO:  Idle: 0,  Running: 5,  Completed: 15 [  3h 2m  ] 
INFO:  Idle: 0,  Running: 5,  Completed: 15 [  3h 2m  ] 
INFO:  Idle: 0,  Running: 5,  Completed: 15 [  3h 3m  ] 
INFO:  Idle: 0,  Running: 5,  Completed: 15 [  3h 3m  ] 
INFO:  Idle: 0,  Running: 5,  Completed: 15 [  3h 4m  ] 
INFO:  Idle: 0,  Running: 5,  Completed: 15 [  3h 4m  ] 
INFO:  Idle: 0,  Running: 5,  Completed: 15 [  3h 5m  ] 
INFO:  Idle: 0,  Running: 5,  Completed: 15 [  3h 5m  ] 
INFO:  Idle: 0,  Running: 5,  Completed: 15 [  3h 6m  ] 
INFO:  Idle: 0,  Running: 5,  Completed: 15 [  3h 6m  ] 
INFO:  Idle: 0,  Running: 5,  Completed: 15 [  3h 7m  ] 
INFO:  Idle: 0,  Running: 5,  Completed: 15 [  3h 7m  ] 
INFO:  Idle: 0,  Running: 5,  Completed: 15 [  3h 8m  ] 
INFO:  Idle: 0,  Running: 5,  Completed: 15 [  3h 8m  ] 
INFO:  Idle: 0,  Running: 5,  Completed: 15 [  3h 9m  ] 
INFO:  Idle: 0,  Running: 5,  Completed: 15 [  3h 10m  ] 
INFO:  Idle: 0,  Running: 5,  Completed: 15 [  3h 10m  ] 
INFO:  Idle: 0,  Running: 5,  Completed: 15 [  3h 11m  ] 
INFO:  Idle: 0,  Running: 5,  Completed: 15 [  3h 11m  ] 
INFO:  Idle: 0,  Running: 5,  Completed: 15 [  3h 12m  ] 
INFO:  Idle: 0,  Running: 5,  Completed: 15 [  3h 12m  ] 
INFO:  Idle: 0,  Running: 5,  Completed: 15 [  3h 13m  ] 
INFO:  Idle: 0,  Running: 5,  Completed: 15 [  3h 13m  ] 
INFO:  Idle: 0,  Running: 5,  Completed: 15 [  3h 14m  ] 
INFO:  Idle: 0,  Running: 5,  Completed: 15 [  3h 14m  ] 
INFO:  Idle: 0,  Running: 5,  Completed: 15 [  3h 15m  ] 
INFO:  Idle: 0,  Running: 5,  Completed: 15 [  3h 15m  ] 
INFO:  Idle: 0,  Running: 5,  Completed: 15 [  3h 16m  ] 
INFO:  Idle: 0,  Running: 5,  Completed: 15 [  3h 16m  ] 
INFO:  Idle: 0,  Running: 5,  Completed: 15 [  3h 17m  ] 
INFO:  Idle: 0,  Running: 5,  Completed: 15 [  3h 17m  ] 
INFO:  Idle: 0,  Running: 5,  Completed: 15 [  3h 18m  ] 
INFO:  Idle: 0,  Running: 5,  Completed: 15 [  3h 18m  ] 
INFO:  Idle: 0,  Running: 5,  Completed: 15 [  3h 19m  ] 
INFO:  Idle: 0,  Running: 5,  Completed: 15 [  3h 19m  ] 
INFO:  Idle: 0,  Running: 5,  Completed: 15 [  3h 20m  ] 
INFO:  Idle: 0,  Running: 5,  Completed: 15 [  3h 20m  ] 
INFO:  Idle: 0,  Running: 5,  Completed: 15 [  3h 21m  ] 
INFO:  Idle: 0,  Running: 5,  Completed: 15 [  3h 21m  ] 
INFO:  Idle: 0,  Running: 5,  Completed: 15 [  3h 22m  ] 
INFO:  Idle: 0,  Running: 5,  Completed: 15 [  3h 22m  ] 
INFO:  Idle: 0,  Running: 5,  Completed: 15 [  3h 23m  ] 
INFO:  Idle: 0,  Running: 5,  Completed: 15 [  3h 23m  ] 
INFO:  Idle: 0,  Running: 5,  Completed: 15 [  3h 24m  ] 
INFO:  Idle: 0,  Running: 5,  Completed: 15 [  3h 24m  ] 
INFO:  Idle: 0,  Running: 5,  Completed: 15 [  3h 25m  ] 
INFO:  Idle: 0,  Running: 5,  Completed: 15 [  3h 25m  ] 
INFO:  Idle: 0,  Running: 5,  Completed: 15 [  3h 26m  ] 
INFO:  Idle: 0,  Running: 5,  Completed: 15 [  3h 26m  ] 
INFO:  Idle: 0,  Running: 5,  Completed: 15 [  3h 27m  ] 
INFO:  Idle: 0,  Running: 5,  Completed: 15 [  3h 27m  ] 
INFO:  Idle: 0,  Running: 5,  Completed: 15 [  3h 28m  ] 
INFO:  Idle: 0,  Running: 5,  Completed: 15 [  3h 28m  ] 
INFO:  Idle: 0,  Running: 5,  Completed: 15 [  3h 29m  ] 
INFO:  Idle: 0,  Running: 5,  Completed: 15 [  3h 29m  ] 
INFO:  Idle: 0,  Running: 5,  Completed: 15 [  3h 30m  ] 
INFO:  Idle: 0,  Running: 5,  Completed: 15 [  3h 30m  ] 
INFO:  Idle: 0,  Running: 5,  Completed: 15 [  3h 31m  ] 
INFO:  Idle: 0,  Running: 5,  Completed: 15 [  3h 31m  ] 
INFO:  Idle: 0,  Running: 5,  Completed: 15 [  3h 32m  ] 
INFO:  Idle: 0,  Running: 5,  Completed: 15 [  3h 32m  ] 
INFO:  Idle: 0,  Running: 5,  Completed: 15 [  3h 33m  ] 
INFO:  Idle: 0,  Running: 5,  Completed: 15 [  3h 33m  ] 
INFO:  Idle: 0,  Running: 5,  Completed: 15 [  3h 34m  ] 
INFO:  Idle: 0,  Running: 5,  Completed: 15 [  3h 34m  ] 
INFO:  Idle: 0,  Running: 5,  Completed: 15 [  3h 35m  ] 
INFO:  Idle: 0,  Running: 5,  Completed: 15 [  3h 35m  ] 
INFO:  Idle: 0,  Running: 5,  Completed: 15 [  3h 36m  ] 
INFO:  Idle: 0,  Running: 5,  Completed: 15 [  3h 36m  ] 
INFO:  Idle: 0,  Running: 5,  Completed: 15 [  3h 37m  ] 
INFO:  Idle: 0,  Running: 5,  Completed: 15 [  3h 37m  ] 
INFO:  Idle: 0,  Running: 5,  Completed: 15 [  3h 38m  ] 
INFO:  Idle: 0,  Running: 5,  Completed: 15 [  3h 38m  ] 
INFO:  Idle: 0,  Running: 5,  Completed: 15 [  3h 39m  ] 
INFO:  Idle: 0,  Running: 5,  Completed: 15 [  3h 39m  ] 
INFO:  Idle: 0,  Running: 5,  Completed: 15 [  3h 40m  ] 
INFO:  Idle: 0,  Running: 5,  Completed: 15 [  3h 40m  ] 
INFO:  Idle: 0,  Running: 5,  Completed: 15 [  3h 41m  ] 
INFO:  Idle: 0,  Running: 5,  Completed: 15 [  3h 41m  ] 
INFO:  Idle: 0,  Running: 5,  Completed: 15 [  3h 42m  ] 
INFO:  Idle: 0,  Running: 5,  Completed: 15 [  3h 42m  ] 
INFO:  Idle: 0,  Running: 5,  Completed: 15 [  3h 43m  ] 
INFO:  Idle: 0,  Running: 5,  Completed: 15 [  3h 43m  ] 
INFO:  Idle: 0,  Running: 5,  Completed: 15 [  3h 44m  ] 
INFO:  Idle: 0,  Running: 5,  Completed: 15 [  3h 44m  ] 
INFO:  Idle: 0,  Running: 5,  Completed: 15 [  3h 45m  ] 
INFO:  Idle: 0,  Running: 5,  Completed: 15 [  3h 45m  ] 
INFO:  Idle: 0,  Running: 5,  Completed: 15 [  3h 46m  ] 
INFO:  Idle: 0,  Running: 5,  Completed: 15 [  3h 46m  ] 
INFO:  Idle: 0,  Running: 5,  Completed: 15 [  3h 47m  ] 
INFO:  Idle: 0,  Running: 5,  Completed: 15 [  3h 47m  ] 
INFO:  Idle: 0,  Running: 5,  Completed: 15 [  3h 48m  ] 
INFO:  Idle: 0,  Running: 5,  Completed: 15 [  3h 48m  ] 
INFO:  Idle: 0,  Running: 5,  Completed: 15 [  3h 49m  ] 
INFO:  Idle: 0,  Running: 5,  Completed: 15 [  3h 49m  ] 
INFO:  Idle: 0,  Running: 5,  Completed: 15 [  3h 50m  ] 
INFO:  Idle: 0,  Running: 5,  Completed: 15 [  3h 50m  ] 
INFO:  Idle: 0,  Running: 5,  Completed: 15 [  3h 51m  ] 
INFO:  Idle: 0,  Running: 5,  Completed: 15 [  3h 51m  ] 
INFO:  Idle: 0,  Running: 5,  Completed: 15 [  3h 52m  ] 
INFO:  Idle: 0,  Running: 5,  Completed: 15 [  3h 52m  ] 
INFO:  Idle: 0,  Running: 5,  Completed: 15 [  3h 53m  ] 
INFO:  Idle: 0,  Running: 5,  Completed: 15 [  3h 53m  ] 
INFO:  Idle: 0,  Running: 5,  Completed: 15 [  3h 54m  ] 
INFO:  Idle: 0,  Running: 5,  Completed: 15 [  3h 54m  ] 
INFO:  Idle: 0,  Running: 5,  Completed: 15 [  3h 55m  ] 
INFO:  Idle: 0,  Running: 4,  Completed: 16 [  3h 55m  ] 
INFO:  Idle: 0,  Running: 4,  Completed: 16 [  3h 56m  ] 
INFO:  Idle: 0,  Running: 4,  Completed: 16 [  3h 56m  ] 
INFO:  Idle: 0,  Running: 4,  Completed: 16 [  3h 57m  ] 
INFO:  Idle: 0,  Running: 3,  Completed: 17 [  3h 57m  ] 
INFO:  Idle: 0,  Running: 3,  Completed: 17 [  3h 58m  ] 
INFO:  Idle: 0,  Running: 3,  Completed: 17 [  3h 58m  ] 
INFO:  Idle: 0,  Running: 3,  Completed: 17 [  3h 59m  ] 
INFO:  Idle: 0,  Running: 3,  Completed: 17 [  3h 59m  ] 
INFO:  Idle: 0,  Running: 3,  Completed: 17 [  4h 0m  ] 
INFO:  Idle: 0,  Running: 3,  Completed: 17 [  4h 0m  ] 
INFO:  Idle: 0,  Running: 3,  Completed: 17 [  4h 1m  ] 
INFO:  Idle: 0,  Running: 3,  Completed: 17 [  4h 1m  ] 
INFO:  Idle: 0,  Running: 3,  Completed: 17 [  4h 2m  ] 
INFO:  Idle: 0,  Running: 3,  Completed: 17 [  4h 2m  ] 
INFO:  Idle: 0,  Running: 3,  Completed: 17 [  4h 3m  ] 
INFO:  Idle: 0,  Running: 3,  Completed: 17 [  4h 3m  ] 
INFO:  Idle: 0,  Running: 3,  Completed: 17 [  4h 4m  ] 
INFO:  Idle: 0,  Running: 3,  Completed: 17 [  4h 4m  ] 
INFO:  Idle: 0,  Running: 3,  Completed: 17 [  4h 5m  ] 
INFO:  Idle: 0,  Running: 3,  Completed: 17 [  4h 5m  ] 
INFO:  Idle: 0,  Running: 3,  Completed: 17 [  4h 6m  ] 
INFO:  Idle: 0,  Running: 3,  Completed: 17 [  4h 6m  ] 
INFO:  Idle: 0,  Running: 3,  Completed: 17 [  4h 7m  ] 
INFO:  Idle: 0,  Running: 3,  Completed: 17 [  4h 7m  ] 
INFO:  Idle: 0,  Running: 3,  Completed: 17 [  4h 8m  ] 
INFO:  Idle: 0,  Running: 3,  Completed: 17 [  4h 8m  ] 
INFO:  Idle: 0,  Running: 3,  Completed: 17 [  4h 9m  ] 
INFO:  Idle: 0,  Running: 3,  Completed: 17 [  4h 9m  ] 
INFO:  Idle: 0,  Running: 3,  Completed: 17 [  4h 10m  ] 
INFO:  Idle: 0,  Running: 3,  Completed: 17 [  4h 10m  ] 
INFO:  Idle: 0,  Running: 3,  Completed: 17 [  4h 11m  ] 
INFO:  Idle: 0,  Running: 3,  Completed: 17 [  4h 11m  ] 
INFO:  Idle: 0,  Running: 3,  Completed: 17 [  4h 12m  ] 
INFO:  Idle: 0,  Running: 3,  Completed: 17 [  4h 12m  ] 
INFO:  Idle: 0,  Running: 3,  Completed: 17 [  4h 13m  ] 
INFO:  Idle: 0,  Running: 3,  Completed: 17 [  4h 13m  ] 
INFO:  Idle: 0,  Running: 3,  Completed: 17 [  4h 14m  ] 
INFO:  Idle: 0,  Running: 3,  Completed: 17 [  4h 14m  ] 
INFO:  Idle: 0,  Running: 3,  Completed: 17 [  4h 15m  ] 
INFO:  Idle: 0,  Running: 3,  Completed: 17 [  4h 15m  ] 
INFO:  Idle: 0,  Running: 3,  Completed: 17 [  4h 16m  ] 
INFO:  Idle: 0,  Running: 3,  Completed: 17 [  4h 16m  ] 
INFO:  Idle: 0,  Running: 3,  Completed: 17 [  4h 17m  ] 
INFO:  Idle: 0,  Running: 3,  Completed: 17 [  4h 17m  ] 
INFO:  Idle: 0,  Running: 3,  Completed: 17 [  4h 18m  ] 
INFO:  Idle: 0,  Running: 3,  Completed: 17 [  4h 18m  ] 
INFO:  Idle: 0,  Running: 2,  Completed: 18 [  4h 19m  ] 
INFO:  Idle: 0,  Running: 2,  Completed: 18 [  4h 19m  ] 
INFO:  Idle: 0,  Running: 2,  Completed: 18 [  4h 20m  ] 
INFO:  Idle: 0,  Running: 2,  Completed: 18 [  4h 20m  ] 
INFO:  Idle: 0,  Running: 2,  Completed: 18 [  4h 21m  ] 
INFO:  Idle: 0,  Running: 2,  Completed: 18 [  4h 21m  ] 
INFO:  Idle: 0,  Running: 2,  Completed: 18 [  4h 22m  ] 
INFO:  Idle: 0,  Running: 2,  Completed: 18 [  4h 22m  ] 
INFO:  Idle: 0,  Running: 2,  Completed: 18 [  4h 23m  ] 
INFO:  Idle: 0,  Running: 2,  Completed: 18 [  4h 24m  ] 
INFO:  Idle: 0,  Running: 2,  Completed: 18 [  4h 24m  ] 
INFO:  Idle: 0,  Running: 2,  Completed: 18 [  4h 25m  ] 
INFO:  Idle: 0,  Running: 2,  Completed: 18 [  4h 25m  ] 
INFO:  Idle: 0,  Running: 2,  Completed: 18 [  4h 26m  ] 
INFO:  Idle: 0,  Running: 2,  Completed: 18 [  4h 26m  ] 
INFO:  Idle: 0,  Running: 2,  Completed: 18 [  4h 27m  ] 
INFO:  Idle: 0,  Running: 2,  Completed: 18 [  4h 27m  ] 
INFO:  Idle: 0,  Running: 1,  Completed: 19 [  4h 28m  ] 
INFO:  Idle: 0,  Running: 1,  Completed: 19 [  4h 28m  ] 
INFO:  Idle: 0,  Running: 1,  Completed: 19 [  4h 29m  ] 
INFO:  Idle: 0,  Running: 1,  Completed: 19 [  4h 29m  ] 
INFO:  Idle: 0,  Running: 1,  Completed: 19 [  4h 30m  ] 
INFO:  Idle: 0,  Running: 1,  Completed: 19 [  4h 30m  ] 
INFO:  Idle: 0,  Running: 1,  Completed: 19 [  4h 31m  ] 
INFO:  Idle: 0,  Running: 1,  Completed: 19 [  4h 31m  ] 
INFO:  Idle: 0,  Running: 1,  Completed: 19 [  4h 32m  ] 
INFO:  Idle: 0,  Running: 1,  Completed: 19 [  4h 32m  ] 
INFO:  Idle: 0,  Running: 1,  Completed: 19 [  4h 33m  ] 
INFO:  Idle: 0,  Running: 1,  Completed: 19 [  4h 33m  ] 
INFO:  Idle: 0,  Running: 1,  Completed: 19 [  4h 34m  ] 
INFO:  Idle: 0,  Running: 1,  Completed: 19 [  4h 34m  ] 
INFO:  Idle: 0,  Running: 1,  Completed: 19 [  4h 35m  ] 
INFO:  Idle: 0,  Running: 1,  Completed: 19 [  4h 35m  ] 
INFO:  Idle: 0,  Running: 1,  Completed: 19 [  4h 36m  ] 
INFO:  Idle: 0,  Running: 1,  Completed: 19 [  4h 36m  ] 
INFO:  Idle: 0,  Running: 1,  Completed: 19 [  4h 37m  ] 
INFO:  Idle: 0,  Running: 1,  Completed: 19 [  4h 37m  ] 
INFO:  Idle: 0,  Running: 1,  Completed: 19 [  4h 38m  ] 
INFO:  Idle: 0,  Running: 1,  Completed: 19 [  4h 38m  ] 
INFO:  Idle: 0,  Running: 1,  Completed: 19 [  4h 39m  ] 
INFO:  Idle: 0,  Running: 1,  Completed: 19 [  4h 39m  ] 
INFO:  Idle: 0,  Running: 1,  Completed: 19 [  4h 40m  ] 
INFO:  Idle: 0,  Running: 1,  Completed: 19 [  4h 40m  ] 
INFO:  Idle: 0,  Running: 1,  Completed: 19 [  4h 41m  ] 
INFO:  Idle: 0,  Running: 1,  Completed: 19 [  4h 41m  ] 
INFO:  Idle: 0,  Running: 1,  Completed: 19 [  4h 42m  ] 
INFO:  Idle: 0,  Running: 1,  Completed: 19 [  4h 42m  ] 
INFO:  Idle: 0,  Running: 1,  Completed: 19 [  4h 43m  ] 
INFO:  Idle: 0,  Running: 1,  Completed: 19 [  4h 43m  ] 
INFO:  Idle: 0,  Running: 1,  Completed: 19 [  4h 44m  ] 
INFO:  Idle: 0,  Running: 1,  Completed: 19 [  4h 44m  ] 
INFO: All jobs finished 
launch in debug mode
