[?1034hNo module named madgraph.madweight.Cards
************************************************************
*                                                          *
*           W E L C O M E  to  M A D G R A P H  5          *
*                      M A D W E I G H T                   *
*                                                          *
*                 *                       *                *
*                   *        * *        *                  *
*                     * * * * 5 * * * *                    *
*                   *        * *        *                  *
*                 *                       *                *
*                                                          *
*         VERSION 5.2.1.0.beta                             *
*                                                          *
*    The MadGraph Development Team - Please visit us at    *
*    https://server06.fynu.ucl.ac.be/projects/madgraph     *
*                                                          *
*               Type 'help' for in-line help.              *
*                                                          *
************************************************************
INFO: load configuration from /grid_mnt/storage__localgrid/aolbrech/madweight_amcnlo/ttbarSemiMuPlus_QED2_SLC6/Cards/me5_configuration.txt  
INFO: load configuration from /grid_mnt/storage__localgrid/aolbrech/madweight_amcnlo/input/mg5_configuration.txt  
INFO: load configuration from /grid_mnt/storage__localgrid/aolbrech/madweight_amcnlo/ttbarSemiMuPlus_QED2_SLC6/Cards/me5_configuration.txt  
No valid eps viewer found. Please set in ./input/mg5_configuration.txt
No valid web browser found. Please set in ./input/mg5_configuration.txt
submit_jobs
Start waiting for update. (more info in debug mode)
INFO:  Idle: 1600,  Running: 400,  Completed: 0 [  0.65s  ] 
INFO:  Idle: 1600,  Running: 400,  Completed: 0 [  31.2s  ] 
INFO:  Idle: 1600,  Running: 400,  Completed: 0 [  1m 1s  ] 
INFO:  Idle: 1600,  Running: 400,  Completed: 0 [  1m 32s  ] 
INFO:  Idle: 1600,  Running: 400,  Completed: 0 [  2m 3s  ] 
INFO: Start to wait 600s between checking status.
Note that you can change this time in the configuration file.
Press ctrl-C to force the update. 
INFO:  Idle: 1449,  Running: 399,  Completed: 152 [  12m 4s  ] 
INFO:  Idle: 1131,  Running: 400,  Completed: 469 [  22m 4s  ] 
INFO:  Idle: 909,  Running: 400,  Completed: 691 [  32m 5s  ] 
INFO:  Idle: 688,  Running: 396,  Completed: 916 [  42m 5s  ] 
INFO:  Idle: 453,  Running: 397,  Completed: 1150 [  52m 6s  ] 
INFO:  Idle: 231,  Running: 399,  Completed: 1370 [  1h 2m  ] 
INFO:  Idle: 220,  Running: 399,  Completed: 1381 [  1h 2m  ] 
INFO:  Idle: 204,  Running: 399,  Completed: 1397 [  1h 3m  ] 
INFO:  Idle: 192,  Running: 398,  Completed: 1410 [  1h 3m  ] 
INFO:  Idle: 185,  Running: 399,  Completed: 1416 [  1h 4m  ] 
INFO:  Idle: 175,  Running: 400,  Completed: 1425 [  1h 4m  ] 
INFO:  Idle: 160,  Running: 399,  Completed: 1441 [  1h 5m  ] 
INFO:  Idle: 153,  Running: 395,  Completed: 1452 [  1h 5m  ] 
INFO:  Idle: 132,  Running: 399,  Completed: 1469 [  1h 6m  ] 
INFO:  Idle: 125,  Running: 400,  Completed: 1475 [  1h 6m  ] 
INFO:  Idle: 114,  Running: 400,  Completed: 1486 [  1h 7m  ] 
INFO:  Idle: 103,  Running: 397,  Completed: 1500 [  1h 7m  ] 
INFO:  Idle: 90,  Running: 400,  Completed: 1510 [  1h 8m  ] 
INFO:  Idle: 80,  Running: 397,  Completed: 1523 [  1h 8m  ] 
INFO:  Idle: 72,  Running: 399,  Completed: 1529 [  1h 9m  ] 
INFO:  Idle: 52,  Running: 399,  Completed: 1549 [  1h 9m  ] 
INFO:  Idle: 42,  Running: 400,  Completed: 1558 [  1h 10m  ] 
INFO:  Idle: 27,  Running: 400,  Completed: 1573 [  1h 10m  ] 
INFO:  Idle: 20,  Running: 399,  Completed: 1581 [  1h 11m  ] 
INFO:  Idle: 8,  Running: 399,  Completed: 1593 [  1h 11m  ] 
INFO:  Idle: 0,  Running: 395,  Completed: 1605 [  1h 12m  ] 
INFO:  Idle: 0,  Running: 388,  Completed: 1612 [  1h 12m  ] 
INFO:  Idle: 0,  Running: 379,  Completed: 1621 [  1h 13m  ] 
INFO:  Idle: 0,  Running: 373,  Completed: 1627 [  1h 13m  ] 
INFO:  Idle: 0,  Running: 364,  Completed: 1636 [  1h 14m  ] 
INFO:  Idle: 0,  Running: 351,  Completed: 1649 [  1h 14m  ] 
INFO:  Idle: 0,  Running: 335,  Completed: 1665 [  1h 15m  ] 
INFO:  Idle: 0,  Running: 321,  Completed: 1679 [  1h 15m  ] 
INFO:  Idle: 0,  Running: 308,  Completed: 1692 [  1h 16m  ] 
INFO:  Idle: 0,  Running: 296,  Completed: 1704 [  1h 16m  ] 
INFO:  Idle: 0,  Running: 284,  Completed: 1716 [  1h 17m  ] 
INFO:  Idle: 0,  Running: 268,  Completed: 1732 [  1h 17m  ] 
INFO:  Idle: 0,  Running: 259,  Completed: 1741 [  1h 18m  ] 
INFO:  Idle: 0,  Running: 240,  Completed: 1760 [  1h 18m  ] 
INFO:  Idle: 0,  Running: 220,  Completed: 1780 [  1h 19m  ] 
INFO:  Idle: 0,  Running: 208,  Completed: 1792 [  1h 19m  ] 
INFO:  Idle: 0,  Running: 196,  Completed: 1804 [  1h 20m  ] 
INFO:  Idle: 0,  Running: 183,  Completed: 1817 [  1h 20m  ] 
INFO:  Idle: 0,  Running: 173,  Completed: 1827 [  1h 21m  ] 
INFO:  Idle: 0,  Running: 161,  Completed: 1839 [  1h 21m  ] 
INFO:  Idle: 0,  Running: 143,  Completed: 1857 [  1h 22m  ] 
INFO:  Idle: 0,  Running: 130,  Completed: 1870 [  1h 22m  ] 
INFO:  Idle: 0,  Running: 120,  Completed: 1880 [  1h 23m  ] 
INFO:  Idle: 0,  Running: 113,  Completed: 1887 [  1h 23m  ] 
INFO:  Idle: 0,  Running: 106,  Completed: 1894 [  1h 24m  ] 
INFO:  Idle: 0,  Running: 101,  Completed: 1899 [  1h 24m  ] 
INFO:  Idle: 0,  Running: 93,  Completed: 1907 [  1h 25m  ] 
INFO:  Idle: 0,  Running: 82,  Completed: 1918 [  1h 25m  ] 
INFO:  Idle: 0,  Running: 80,  Completed: 1920 [  1h 26m  ] 
INFO:  Idle: 0,  Running: 77,  Completed: 1923 [  1h 26m  ] 
INFO:  Idle: 0,  Running: 69,  Completed: 1931 [  1h 27m  ] 
INFO:  Idle: 0,  Running: 63,  Completed: 1937 [  1h 27m  ] 
INFO:  Idle: 0,  Running: 57,  Completed: 1943 [  1h 28m  ] 
INFO:  Idle: 0,  Running: 53,  Completed: 1947 [  1h 28m  ] 
INFO:  Idle: 0,  Running: 47,  Completed: 1953 [  1h 29m  ] 
INFO:  Idle: 0,  Running: 44,  Completed: 1956 [  1h 29m  ] 
INFO:  Idle: 0,  Running: 42,  Completed: 1958 [  1h 30m  ] 
INFO:  Idle: 0,  Running: 38,  Completed: 1962 [  1h 30m  ] 
INFO:  Idle: 0,  Running: 33,  Completed: 1967 [  1h 31m  ] 
INFO:  Idle: 0,  Running: 31,  Completed: 1969 [  1h 31m  ] 
INFO:  Idle: 0,  Running: 28,  Completed: 1972 [  1h 32m  ] 
INFO:  Idle: 0,  Running: 28,  Completed: 1972 [  1h 32m  ] 
INFO:  Idle: 0,  Running: 25,  Completed: 1975 [  1h 33m  ] 
INFO:  Idle: 0,  Running: 21,  Completed: 1979 [  1h 33m  ] 
INFO:  Idle: 0,  Running: 20,  Completed: 1980 [  1h 34m  ] 
INFO:  Idle: 0,  Running: 15,  Completed: 1985 [  1h 34m  ] 
INFO:  Idle: 0,  Running: 13,  Completed: 1987 [  1h 35m  ] 
INFO:  Idle: 0,  Running: 12,  Completed: 1988 [  1h 35m  ] 
INFO:  Idle: 0,  Running: 12,  Completed: 1988 [  1h 36m  ] 
INFO:  Idle: 0,  Running: 12,  Completed: 1988 [  1h 36m  ] 
INFO:  Idle: 0,  Running: 12,  Completed: 1988 [  1h 37m  ] 
INFO:  Idle: 0,  Running: 11,  Completed: 1989 [  1h 37m  ] 
INFO:  Idle: 0,  Running: 11,  Completed: 1989 [  1h 38m  ] 
INFO:  Idle: 0,  Running: 11,  Completed: 1989 [  1h 38m  ] 
INFO:  Idle: 0,  Running: 9,  Completed: 1991 [  1h 39m  ] 
INFO:  Idle: 0,  Running: 8,  Completed: 1992 [  1h 39m  ] 
INFO:  Idle: 0,  Running: 8,  Completed: 1992 [  1h 40m  ] 
INFO:  Idle: 0,  Running: 7,  Completed: 1993 [  1h 40m  ] 
INFO:  Idle: 0,  Running: 6,  Completed: 1994 [  1h 41m  ] 
INFO:  Idle: 0,  Running: 6,  Completed: 1994 [  1h 41m  ] 
INFO:  Idle: 0,  Running: 6,  Completed: 1994 [  1h 42m  ] 
INFO:  Idle: 0,  Running: 4,  Completed: 1996 [  1h 42m  ] 
INFO:  Idle: 0,  Running: 4,  Completed: 1996 [  1h 43m  ] 
INFO:  Idle: 0,  Running: 4,  Completed: 1996 [  1h 43m  ] 
INFO:  Idle: 0,  Running: 4,  Completed: 1996 [  1h 44m  ] 
INFO:  Idle: 0,  Running: 4,  Completed: 1996 [  1h 44m  ] 
INFO:  Idle: 0,  Running: 3,  Completed: 1997 [  1h 45m  ] 
INFO:  Idle: 0,  Running: 3,  Completed: 1997 [  1h 45m  ] 
INFO:  Idle: 0,  Running: 3,  Completed: 1997 [  1h 46m  ] 
INFO:  Idle: 0,  Running: 3,  Completed: 1997 [  1h 46m  ] 
INFO:  Idle: 0,  Running: 3,  Completed: 1997 [  1h 47m  ] 
INFO:  Idle: 0,  Running: 3,  Completed: 1997 [  1h 47m  ] 
INFO:  Idle: 0,  Running: 3,  Completed: 1997 [  1h 48m  ] 
INFO:  Idle: 0,  Running: 3,  Completed: 1997 [  1h 48m  ] 
INFO:  Idle: 0,  Running: 3,  Completed: 1997 [  1h 49m  ] 
INFO:  Idle: 0,  Running: 3,  Completed: 1997 [  1h 49m  ] 
INFO:  Idle: 0,  Running: 3,  Completed: 1997 [  1h 50m  ] 
INFO:  Idle: 0,  Running: 3,  Completed: 1997 [  1h 50m  ] 
INFO:  Idle: 0,  Running: 3,  Completed: 1997 [  1h 51m  ] 
INFO:  Idle: 0,  Running: 2,  Completed: 1998 [  1h 51m  ] 
INFO:  Idle: 0,  Running: 2,  Completed: 1998 [  1h 52m  ] 
INFO:  Idle: 0,  Running: 2,  Completed: 1998 [  1h 52m  ] 
INFO:  Idle: 0,  Running: 2,  Completed: 1998 [  1h 53m  ] 
INFO:  Idle: 0,  Running: 2,  Completed: 1998 [  1h 53m  ] 
INFO:  Idle: 0,  Running: 2,  Completed: 1998 [  1h 54m  ] 
INFO:  Idle: 0,  Running: 2,  Completed: 1998 [  1h 54m  ] 
INFO:  Idle: 0,  Running: 2,  Completed: 1998 [  1h 55m  ] 
INFO:  Idle: 0,  Running: 1,  Completed: 1999 [  1h 55m  ] 
INFO:  Idle: 0,  Running: 1,  Completed: 1999 [  1h 56m  ] 
INFO:  Idle: 0,  Running: 1,  Completed: 1999 [  1h 56m  ] 
INFO:  Idle: 0,  Running: 1,  Completed: 1999 [  1h 57m  ] 
INFO:  Idle: 0,  Running: 1,  Completed: 1999 [  1h 57m  ] 
INFO:  Idle: 0,  Running: 1,  Completed: 1999 [  1h 58m  ] 
INFO:  Idle: 0,  Running: 1,  Completed: 1999 [  1h 58m  ] 
INFO:  Idle: 0,  Running: 1,  Completed: 1999 [  1h 59m  ] 
INFO:  Idle: 0,  Running: 1,  Completed: 1999 [  1h 59m  ] 
INFO:  Idle: 0,  Running: 1,  Completed: 1999 [  2h 0m  ] 
INFO:  Idle: 0,  Running: 1,  Completed: 1999 [  2h 0m  ] 
INFO:  Idle: 0,  Running: 1,  Completed: 1999 [  2h 1m  ] 
INFO:  Idle: 0,  Running: 1,  Completed: 1999 [  2h 2m  ] 
INFO:  Idle: 0,  Running: 1,  Completed: 1999 [  2h 2m  ] 
INFO:  Idle: 0,  Running: 1,  Completed: 1999 [  2h 3m  ] 
INFO: All jobs finished 
launch in debug mode
