Hello World!
>> script.sh is checking where it is
/grid_mnt/storage__localgrid/aolbrech
>> script.sh is checking how much disk space is still available
Filesystem                                    Size  Used Avail Use% Mounted on
/dev/sda1                                     9.9G  2.7G  6.7G  29% /
tmpfs                                          24G     0   24G   0% /dev/shm
/dev/sda4                                     442G   61G  359G  15% /scratch
/dev/sda3                                     5.0G  484M  4.2G  11% /var
maite.wn.iihe.ac.be:/                         1.0E  1.3P 1023P   1% /mnt/dCache
192.168.10.69:/volumes/Z2Volume/creamsandbox   20G  571M   20G   3% /grid_mnt/volumes__Z2Volume__creamsandbox
192.168.10.69:/volumes/Z2Volume/pooluser      250G  234M  250G   1% /grid_mnt/volumes__Z2Volume__pooluser
cvmfs2                                        7.9G  5.2G  2.7G  66% /cvmfs/cms.cern.ch
192.168.10.140:/storage/localgrid              71T   44T   27T  63% /grid_mnt/storage__localgrid
>> script.sh is listing files and directories in the current location
total 13
drwxr-xr-x 22 aolbrech localusers   33 Dec  8 16:10 madweight_Z2VolumeOLD
drwxr-xr-x 22 aolbrech localusers   33 Dec 12 11:36 madweight_Z2VolumeOLD_TOKEEP
drwxr-xr-x 19 aolbrech localusers   28 Dec 12 15:02 madweight_amcnlo
drwxr-xr-x 19 aolbrech localusers   31 Feb 11  2014 madweight_mc_perm
drwxr-xr-x  2 aolbrech localusers    2 Dec 10 09:34 temp
-rw-------  1 aolbrech localusers 1472 Jan 20  2014 test_annik.sh.e4531642
-rw-------  1 aolbrech localusers    0 Jan 20  2014 test_annik.sh.o4531642
>> script.sh is listing files and directories in userdir on storage element
>> cd into /scratch partition
>> ls of /scratch partition
total 19740
drwxr-xr-x  4 pilocms048 cms           4096 Dec 12 15:35 1169011.cream02.iihe.ac.be
drwxr-xr-x  4 pilocms048 cms           4096 Dec 12 15:35 1169012.cream02.iihe.ac.be
drwxr-xr-x  4 pilocms048 cms           4096 Dec 12 15:35 1169013.cream02.iihe.ac.be
drwxr-xr-x  4 pilocms048 cms           4096 Dec 12 15:35 1169014.cream02.iihe.ac.be
drwxr-xr-x  4 pilocms048 cms           4096 Dec 12 15:35 1169015.cream02.iihe.ac.be
drwxr-xr-x  4 pilocms048 cms           4096 Dec 12 15:35 1169016.cream02.iihe.ac.be
drwxr-xr-x  4 pilocms048 cms           4096 Dec 12 15:35 1169017.cream02.iihe.ac.be
drwxr-xr-x  4 pilocms048 cms           4096 Dec 12 15:38 1169021.cream02.iihe.ac.be
drwxr-xr-x  4 pilocms048 cms           4096 Dec 12 15:38 1169022.cream02.iihe.ac.be
drwxr-xr-x  4 pilocms048 cms           4096 Dec 12 15:38 1169023.cream02.iihe.ac.be
drwxr-xr-x  4 pilocms048 cms           4096 Dec 12 15:38 1169024.cream02.iihe.ac.be
drwxr-xr-x  4 pilocms048 cms           4096 Dec 12 15:38 1169025.cream02.iihe.ac.be
drwxr-xr-x  4 pilocms048 cms           4096 Dec 12 15:38 1169026.cream02.iihe.ac.be
drwxr-xr-x  4 pilocms048 cms           4096 Dec 12 15:38 1169027.cream02.iihe.ac.be
drwxr-xr-x  4 pilocms048 cms           4096 Dec 12 15:38 1169028.cream02.iihe.ac.be
drwxr-xr-x  4 pilocms048 cms           4096 Dec 12 15:38 1169029.cream02.iihe.ac.be
drwxr-xr-x  4 pilocms048 cms           4096 Dec 12 15:38 1169030.cream02.iihe.ac.be
drwxr-xr-x  2 aolbrech   localusers    4096 Dec 12 15:38 1169032.cream02.iihe.ac.be
drwxr-xr-x  2 avanspil   localusers    4096 Dec 12 15:38 1169033.cream02.iihe.ac.be
drwxr-xr-x  5 ghammad    localusers    4096 Dec  1 20:23 20141201130658092732
drwxr-xr-x  5 ghammad    localusers    4096 Dec  1 20:32 20141201130704100243
drwxr-xr-x  5 ghammad    localusers    4096 Dec  1 20:33 20141201130706091397
drwxr-xr-x  5 ghammad    localusers    4096 Dec  1 20:35 20141201130706751253
drwxr-xr-x  5 ghammad    localusers    4096 Dec  1 20:35 20141201130708757336
drwxr-xr-x  5 ghammad    localusers    4096 Dec  1 20:37 20141201130709422092
drwxr-xr-x  5 ghammad    localusers    4096 Dec  1 20:37 20141201130711772176
drwxr-xr-x  5 ghammad    localusers    4096 Dec  1 20:37 20141201130713460763
drwxr-xr-x  5 ghammad    localusers    4096 Dec  1 20:37 20141201130715119739
drwxr-xr-x  5 ghammad    localusers    4096 Dec  1 20:38 20141201130720163174
drwxr-xr-x 16 avanspil   localusers    4096 Dec  5 14:33 CMSSW_4_2_10_patch2
-rw-r--r--  1 abdollah   localusers     292 Nov 20 15:34 TauPlusX_Run2012B-22Jan2013-v1_144.root
-rw-r--r--  1 abdollah   localusers     294 Nov 19 17:22 TauPlusX_Run2012B-22Jan2013-v1_1802.root
-rw-r--r--  1 ccaillol   localusers 4994984 Sep  1 11:40 TotalTT_Full_1_nominal.root
-rw-r--r--  1 ccaillol   localusers 4847382 Sep  1 12:03 TotalTT_Full_1_up.root
-rw-r--r--  1 ccaillol   localusers   53130 Sep 17 10:29 Total_SUSYgg450_1_down.root
-rw-r--r--  1 ccaillol   localusers   53981 Sep 17 10:33 Total_SUSYgg450_2_down.root
-rw-r--r--  1 ccaillol   localusers   53945 Sep 17 10:30 Total_SUSYgg450_2_nominal.root
-rw-r--r--  1 ccaillol   localusers   53990 Sep 17 10:30 Total_SUSYgg450_2_up.root
drwxr-xr-x  3 root       root          4096 Jun 12  2014 cache
-rw-r--r--  1 ccaillol   localusers  341025 Nov 19 05:53 embB_17_down.root
-rw-r--r--  1 ccaillol   localusers  332124 Nov 19 05:26 embB_18_down.root
-rw-r--r--  1 ccaillol   localusers  331793 Nov 19 05:31 embB_18_nominal.root
-rw-r--r--  1 ccaillol   localusers  331672 Nov 19 05:24 embB_18_up.root
-rw-r--r--  1 ccaillol   localusers  328118 Nov 19 05:03 embB_19_down.root
-rw-r--r--  1 ccaillol   localusers  328079 Nov 19 05:10 embB_19_nominal.root
-rw-r--r--  1 ccaillol   localusers  328536 Nov 19 05:10 embB_19_up.root
-rw-r--r--  1 ccaillol   localusers  332263 Nov 19 05:17 embB_20_down.root
-rw-r--r--  1 ccaillol   localusers  332559 Nov 19 05:22 embB_20_nominal.root
-rw-r--r--  1 ccaillol   localusers  332626 Nov 19 05:22 embB_20_up.root
-rw-r--r--  1 ccaillol   localusers  325894 Nov 19 04:52 embB_21_down.root
-rw-r--r--  1 ccaillol   localusers  326217 Nov 19 04:49 embB_21_nominal.root
-rw-r--r--  1 ccaillol   localusers  326187 Nov 19 04:54 embB_21_up.root
-rw-r--r--  1 ccaillol   localusers  333773 Nov 19 05:21 embB_22_down.root
-rw-r--r--  1 ccaillol   localusers  334106 Nov 19 05:24 embB_22_nominal.root
-rw-r--r--  1 ccaillol   localusers  333968 Nov 19 05:35 embB_22_up.root
-rw-r--r--  1 ccaillol   localusers  326599 Nov 19 04:45 embB_23_down.root
-rw-r--r--  1 ccaillol   localusers  326708 Nov 19 04:51 embB_23_nominal.root
-rw-r--r--  1 ccaillol   localusers  326311 Nov 19 04:51 embB_23_up.root
-rw-r--r--  1 ccaillol   localusers  331763 Nov 19 05:14 embB_24_down.root
-rw-r--r--  1 ccaillol   localusers  331717 Nov 19 05:12 embB_24_nominal.root
-rw-r--r--  1 ccaillol   localusers  331488 Nov 19 05:22 embB_24_up.root
-rw-r--r--  1 ccaillol   localusers  342772 Nov 19 05:58 embB_25_nominal.root
-rw-r--r--  1 ccaillol   localusers  342447 Nov 19 05:57 embB_25_up.root
drwxr-xr-x  2 ksbeerna   localusers    4096 Dec  2 14:15 ksbeerna
drwxr-xr-x 41 mccartin   localusers    4096 Dec  5 15:02 mccartin
-rw-r--r--  1 ccaillol   localusers     276 Oct  2 21:02 output_Ntuples_1000_1_UqU.root
-rw-r--r--  1 ccaillol   localusers     276 Sep 15 12:07 output_Ntuples_1003_2_zre.root
-rw-r--r--  1 ccaillol   localusers     276 Oct  2 21:03 output_Ntuples_1005_1_fm7.root
-rw-r--r--  1 ccaillol   localusers     276 Aug 11 16:41 output_Ntuples_1036_1_WB7.root
-rw-r--r--  1 ccaillol   localusers     274 Aug 11 16:47 output_Ntuples_114_1_Lo6.root
-rw-r--r--  1 ccaillol   localusers     274 Jun 17 13:18 output_Ntuples_118_1_8Em.root
-rw-r--r--  1 ccaillol   localusers     276 Oct  2 22:25 output_Ntuples_1198_1_SaD.root
-rw-r--r--  1 ccaillol   localusers     276 Aug 11 16:46 output_Ntuples_1267_1_7ZS.root
-rw-r--r--  1 ccaillol   localusers     276 Aug 11 12:46 output_Ntuples_1349_2_cKq.root
-rw-r--r--  1 ccaillol   localusers     276 Aug 11 16:26 output_Ntuples_1376_1_mec.root
-rw-r--r--  1 ccaillol   localusers     276 Aug 11 16:46 output_Ntuples_1479_2_Vtn.root
-rw-r--r--  1 ccaillol   localusers     276 Nov 19 12:31 output_Ntuples_1497_1_qyv.root
-rw-r--r--  1 ccaillol   localusers     276 Aug 11 16:45 output_Ntuples_1600_1_vSh.root
-rw-r--r--  1 ccaillol   localusers     276 Aug 11 16:45 output_Ntuples_1709_1_GGT.root
-rw-r--r--  1 ccaillol   localusers     276 Aug 11 16:35 output_Ntuples_1826_1_CZg.root
-rw-r--r--  1 ccaillol   localusers     276 Aug 11 16:47 output_Ntuples_1939_1_U9b.root
-rw-r--r--  1 ccaillol   localusers     276 Aug 11 16:17 output_Ntuples_2057_1_Wx9.root
-rw-r--r--  1 ccaillol   localusers     276 Nov 19 10:29 output_Ntuples_2109_1_dXL.root
-rw-r--r--  1 ccaillol   localusers     274 Oct  3 10:53 output_Ntuples_220_1_LYd.root
-rw-r--r--  1 ccaillol   localusers     276 Nov 19 12:46 output_Ntuples_2250_1_2sz.root
-rw-r--r--  1 ccaillol   localusers     276 Sep 15 12:36 output_Ntuples_2270_2_CZe.root
-rw-r--r--  1 ccaillol   localusers     274 Oct  3 07:46 output_Ntuples_228_2_hCL.root
-rw-r--r--  1 ccaillol   localusers     276 Sep 15 12:33 output_Ntuples_2462_2_gcV.root
-rw-r--r--  1 ccaillol   localusers     276 Sep 15 12:17 output_Ntuples_2660_2_kxr.root
-rw-r--r--  1 ccaillol   localusers     274 Sep 15 12:30 output_Ntuples_275_2_MsH.root
-rw-r--r--  1 ccaillol   localusers     274 Aug 11 16:41 output_Ntuples_278_1_RlE.root
-rw-r--r--  1 ccaillol   localusers     274 Aug 11 16:29 output_Ntuples_385_1_9qK.root
-rw-r--r--  1 ccaillol   localusers     272 Aug 11 16:21 output_Ntuples_47_1_l6a.root
-rw-r--r--  1 ccaillol   localusers     274 Nov 19 12:14 output_Ntuples_495_1_maK.root
-rw-r--r--  1 ccaillol   localusers     274 Nov 19 11:22 output_Ntuples_535_1_xPe.root
-rw-r--r--  1 ccaillol   localusers     272 Aug 11 16:26 output_Ntuples_58_1_lSo.root
-rw-r--r--  1 ccaillol   localusers     274 Sep 15 12:01 output_Ntuples_639_2_gvP.root
-rw-r--r--  1 ccaillol   localusers     274 Aug 11 16:13 output_Ntuples_703_1_kkR.root
-rw-r--r--  1 ccaillol   localusers     274 Oct  2 21:05 output_Ntuples_828_1_Y41.root
-rw-r--r--  1 ccaillol   localusers     274 Oct  2 21:31 output_Ntuples_887_1_F6D.root
-rw-r--r--  1 ccaillol   localusers  207545 Aug 13 16:30 pythia_AZh280_8TeVmmet0.03.root
-rw-r--r--  1 ccaillol   localusers  207548 Aug 13 16:30 pythia_AZh280_8TeVmmet0.root
-rw-r--r--  1 ccaillol   localusers  207512 Aug 13 16:26 pythia_AZh280_8TeVmmme-0.03.root
-rw-r--r--  1 ccaillol   localusers  207545 Aug 13 16:27 pythia_AZh280_8TeVmmme0.03.root
-rw-r--r--  1 ccaillol   localusers  207548 Aug 13 16:27 pythia_AZh280_8TeVmmme0.root
-rw-r--r--  1 ccaillol   localusers  207512 Aug 13 16:27 pythia_AZh280_8TeVmmmt-0.03.root
-rw-r--r--  1 ccaillol   localusers  207545 Aug 13 16:26 pythia_AZh280_8TeVmmmt0.03.root
-rw-r--r--  1 ccaillol   localusers  207548 Aug 13 16:26 pythia_AZh280_8TeVmmmt0.root
-rw-r--r--  1 avanspil   localusers     230 Oct 29 15:27 rootScript.C
{
  //TFile *MyFile = new TFile("testfile.root","RECREATE"); 
  //MyFile->ls();
  //MyFile->Close(),
  TFile* f=TFile::Open("dcap://maite.iihe.ac.be:/pnfs/iihe/cms/store/user/avanspil/testfile.root");
  f->ls();
  f->Close();
} 

>> set root
>> execute root macro
>> ls of /scratch partition
total 19740
drwxr-xr-x  4 pilocms048 cms           4096 Dec 12 15:35 1169011.cream02.iihe.ac.be
drwxr-xr-x  4 pilocms048 cms           4096 Dec 12 15:35 1169012.cream02.iihe.ac.be
drwxr-xr-x  4 pilocms048 cms           4096 Dec 12 15:35 1169013.cream02.iihe.ac.be
drwxr-xr-x  4 pilocms048 cms           4096 Dec 12 15:35 1169014.cream02.iihe.ac.be
drwxr-xr-x  4 pilocms048 cms           4096 Dec 12 15:35 1169015.cream02.iihe.ac.be
drwxr-xr-x  4 pilocms048 cms           4096 Dec 12 15:35 1169016.cream02.iihe.ac.be
drwxr-xr-x  4 pilocms048 cms           4096 Dec 12 15:35 1169017.cream02.iihe.ac.be
drwxr-xr-x  4 pilocms048 cms           4096 Dec 12 15:38 1169021.cream02.iihe.ac.be
drwxr-xr-x  4 pilocms048 cms           4096 Dec 12 15:38 1169022.cream02.iihe.ac.be
drwxr-xr-x  4 pilocms048 cms           4096 Dec 12 15:38 1169023.cream02.iihe.ac.be
drwxr-xr-x  4 pilocms048 cms           4096 Dec 12 15:38 1169024.cream02.iihe.ac.be
drwxr-xr-x  4 pilocms048 cms           4096 Dec 12 15:38 1169025.cream02.iihe.ac.be
drwxr-xr-x  4 pilocms048 cms           4096 Dec 12 15:38 1169026.cream02.iihe.ac.be
drwxr-xr-x  4 pilocms048 cms           4096 Dec 12 15:38 1169027.cream02.iihe.ac.be
drwxr-xr-x  4 pilocms048 cms           4096 Dec 12 15:38 1169028.cream02.iihe.ac.be
drwxr-xr-x  4 pilocms048 cms           4096 Dec 12 15:38 1169029.cream02.iihe.ac.be
drwxr-xr-x  4 pilocms048 cms           4096 Dec 12 15:38 1169030.cream02.iihe.ac.be
drwxr-xr-x  2 aolbrech   localusers    4096 Dec 12 15:38 1169032.cream02.iihe.ac.be
drwxr-xr-x  2 avanspil   localusers    4096 Dec 12 15:38 1169033.cream02.iihe.ac.be
drwxr-xr-x  5 ghammad    localusers    4096 Dec  1 20:23 20141201130658092732
drwxr-xr-x  5 ghammad    localusers    4096 Dec  1 20:32 20141201130704100243
drwxr-xr-x  5 ghammad    localusers    4096 Dec  1 20:33 20141201130706091397
drwxr-xr-x  5 ghammad    localusers    4096 Dec  1 20:35 20141201130706751253
drwxr-xr-x  5 ghammad    localusers    4096 Dec  1 20:35 20141201130708757336
drwxr-xr-x  5 ghammad    localusers    4096 Dec  1 20:37 20141201130709422092
drwxr-xr-x  5 ghammad    localusers    4096 Dec  1 20:37 20141201130711772176
drwxr-xr-x  5 ghammad    localusers    4096 Dec  1 20:37 20141201130713460763
drwxr-xr-x  5 ghammad    localusers    4096 Dec  1 20:37 20141201130715119739
drwxr-xr-x  5 ghammad    localusers    4096 Dec  1 20:38 20141201130720163174
drwxr-xr-x 16 avanspil   localusers    4096 Dec  5 14:33 CMSSW_4_2_10_patch2
-rw-r--r--  1 abdollah   localusers     292 Nov 20 15:34 TauPlusX_Run2012B-22Jan2013-v1_144.root
-rw-r--r--  1 abdollah   localusers     294 Nov 19 17:22 TauPlusX_Run2012B-22Jan2013-v1_1802.root
-rw-r--r--  1 ccaillol   localusers 4994984 Sep  1 11:40 TotalTT_Full_1_nominal.root
-rw-r--r--  1 ccaillol   localusers 4847382 Sep  1 12:03 TotalTT_Full_1_up.root
-rw-r--r--  1 ccaillol   localusers   53130 Sep 17 10:29 Total_SUSYgg450_1_down.root
-rw-r--r--  1 ccaillol   localusers   53981 Sep 17 10:33 Total_SUSYgg450_2_down.root
-rw-r--r--  1 ccaillol   localusers   53945 Sep 17 10:30 Total_SUSYgg450_2_nominal.root
-rw-r--r--  1 ccaillol   localusers   53990 Sep 17 10:30 Total_SUSYgg450_2_up.root
drwxr-xr-x  3 root       root          4096 Jun 12  2014 cache
-rw-r--r--  1 ccaillol   localusers  341025 Nov 19 05:53 embB_17_down.root
-rw-r--r--  1 ccaillol   localusers  332124 Nov 19 05:26 embB_18_down.root
-rw-r--r--  1 ccaillol   localusers  331793 Nov 19 05:31 embB_18_nominal.root
-rw-r--r--  1 ccaillol   localusers  331672 Nov 19 05:24 embB_18_up.root
-rw-r--r--  1 ccaillol   localusers  328118 Nov 19 05:03 embB_19_down.root
-rw-r--r--  1 ccaillol   localusers  328079 Nov 19 05:10 embB_19_nominal.root
-rw-r--r--  1 ccaillol   localusers  328536 Nov 19 05:10 embB_19_up.root
-rw-r--r--  1 ccaillol   localusers  332263 Nov 19 05:17 embB_20_down.root
-rw-r--r--  1 ccaillol   localusers  332559 Nov 19 05:22 embB_20_nominal.root
-rw-r--r--  1 ccaillol   localusers  332626 Nov 19 05:22 embB_20_up.root
-rw-r--r--  1 ccaillol   localusers  325894 Nov 19 04:52 embB_21_down.root
-rw-r--r--  1 ccaillol   localusers  326217 Nov 19 04:49 embB_21_nominal.root
-rw-r--r--  1 ccaillol   localusers  326187 Nov 19 04:54 embB_21_up.root
-rw-r--r--  1 ccaillol   localusers  333773 Nov 19 05:21 embB_22_down.root
-rw-r--r--  1 ccaillol   localusers  334106 Nov 19 05:24 embB_22_nominal.root
-rw-r--r--  1 ccaillol   localusers  333968 Nov 19 05:35 embB_22_up.root
-rw-r--r--  1 ccaillol   localusers  326599 Nov 19 04:45 embB_23_down.root
-rw-r--r--  1 ccaillol   localusers  326708 Nov 19 04:51 embB_23_nominal.root
-rw-r--r--  1 ccaillol   localusers  326311 Nov 19 04:51 embB_23_up.root
-rw-r--r--  1 ccaillol   localusers  331763 Nov 19 05:14 embB_24_down.root
-rw-r--r--  1 ccaillol   localusers  331717 Nov 19 05:12 embB_24_nominal.root
-rw-r--r--  1 ccaillol   localusers  331488 Nov 19 05:22 embB_24_up.root
-rw-r--r--  1 ccaillol   localusers  342772 Nov 19 05:58 embB_25_nominal.root
-rw-r--r--  1 ccaillol   localusers  342447 Nov 19 05:57 embB_25_up.root
drwxr-xr-x  2 ksbeerna   localusers    4096 Dec  2 14:15 ksbeerna
drwxr-xr-x 41 mccartin   localusers    4096 Dec  5 15:02 mccartin
-rw-r--r--  1 ccaillol   localusers     276 Oct  2 21:02 output_Ntuples_1000_1_UqU.root
-rw-r--r--  1 ccaillol   localusers     276 Sep 15 12:07 output_Ntuples_1003_2_zre.root
-rw-r--r--  1 ccaillol   localusers     276 Oct  2 21:03 output_Ntuples_1005_1_fm7.root
-rw-r--r--  1 ccaillol   localusers     276 Aug 11 16:41 output_Ntuples_1036_1_WB7.root
-rw-r--r--  1 ccaillol   localusers     274 Aug 11 16:47 output_Ntuples_114_1_Lo6.root
-rw-r--r--  1 ccaillol   localusers     274 Jun 17 13:18 output_Ntuples_118_1_8Em.root
-rw-r--r--  1 ccaillol   localusers     276 Oct  2 22:25 output_Ntuples_1198_1_SaD.root
-rw-r--r--  1 ccaillol   localusers     276 Aug 11 16:46 output_Ntuples_1267_1_7ZS.root
-rw-r--r--  1 ccaillol   localusers     276 Aug 11 12:46 output_Ntuples_1349_2_cKq.root
-rw-r--r--  1 ccaillol   localusers     276 Aug 11 16:26 output_Ntuples_1376_1_mec.root
-rw-r--r--  1 ccaillol   localusers     276 Aug 11 16:46 output_Ntuples_1479_2_Vtn.root
-rw-r--r--  1 ccaillol   localusers     276 Nov 19 12:31 output_Ntuples_1497_1_qyv.root
-rw-r--r--  1 ccaillol   localusers     276 Aug 11 16:45 output_Ntuples_1600_1_vSh.root
-rw-r--r--  1 ccaillol   localusers     276 Aug 11 16:45 output_Ntuples_1709_1_GGT.root
-rw-r--r--  1 ccaillol   localusers     276 Aug 11 16:35 output_Ntuples_1826_1_CZg.root
-rw-r--r--  1 ccaillol   localusers     276 Aug 11 16:47 output_Ntuples_1939_1_U9b.root
-rw-r--r--  1 ccaillol   localusers     276 Aug 11 16:17 output_Ntuples_2057_1_Wx9.root
-rw-r--r--  1 ccaillol   localusers     276 Nov 19 10:29 output_Ntuples_2109_1_dXL.root
-rw-r--r--  1 ccaillol   localusers     274 Oct  3 10:53 output_Ntuples_220_1_LYd.root
-rw-r--r--  1 ccaillol   localusers     276 Nov 19 12:46 output_Ntuples_2250_1_2sz.root
-rw-r--r--  1 ccaillol   localusers     276 Sep 15 12:36 output_Ntuples_2270_2_CZe.root
-rw-r--r--  1 ccaillol   localusers     274 Oct  3 07:46 output_Ntuples_228_2_hCL.root
-rw-r--r--  1 ccaillol   localusers     276 Sep 15 12:33 output_Ntuples_2462_2_gcV.root
-rw-r--r--  1 ccaillol   localusers     276 Sep 15 12:17 output_Ntuples_2660_2_kxr.root
-rw-r--r--  1 ccaillol   localusers     274 Sep 15 12:30 output_Ntuples_275_2_MsH.root
-rw-r--r--  1 ccaillol   localusers     274 Aug 11 16:41 output_Ntuples_278_1_RlE.root
-rw-r--r--  1 ccaillol   localusers     274 Aug 11 16:29 output_Ntuples_385_1_9qK.root
-rw-r--r--  1 ccaillol   localusers     272 Aug 11 16:21 output_Ntuples_47_1_l6a.root
-rw-r--r--  1 ccaillol   localusers     274 Nov 19 12:14 output_Ntuples_495_1_maK.root
-rw-r--r--  1 ccaillol   localusers     274 Nov 19 11:22 output_Ntuples_535_1_xPe.root
-rw-r--r--  1 ccaillol   localusers     272 Aug 11 16:26 output_Ntuples_58_1_lSo.root
-rw-r--r--  1 ccaillol   localusers     274 Sep 15 12:01 output_Ntuples_639_2_gvP.root
-rw-r--r--  1 ccaillol   localusers     274 Aug 11 16:13 output_Ntuples_703_1_kkR.root
-rw-r--r--  1 ccaillol   localusers     274 Oct  2 21:05 output_Ntuples_828_1_Y41.root
-rw-r--r--  1 ccaillol   localusers     274 Oct  2 21:31 output_Ntuples_887_1_F6D.root
-rw-r--r--  1 ccaillol   localusers  207545 Aug 13 16:30 pythia_AZh280_8TeVmmet0.03.root
-rw-r--r--  1 ccaillol   localusers  207548 Aug 13 16:30 pythia_AZh280_8TeVmmet0.root
-rw-r--r--  1 ccaillol   localusers  207512 Aug 13 16:26 pythia_AZh280_8TeVmmme-0.03.root
-rw-r--r--  1 ccaillol   localusers  207545 Aug 13 16:27 pythia_AZh280_8TeVmmme0.03.root
-rw-r--r--  1 ccaillol   localusers  207548 Aug 13 16:27 pythia_AZh280_8TeVmmme0.root
-rw-r--r--  1 ccaillol   localusers  207512 Aug 13 16:27 pythia_AZh280_8TeVmmmt-0.03.root
-rw-r--r--  1 ccaillol   localusers  207545 Aug 13 16:26 pythia_AZh280_8TeVmmmt0.03.root
-rw-r--r--  1 ccaillol   localusers  207548 Aug 13 16:26 pythia_AZh280_8TeVmmmt0.root
-rw-r--r--  1 avanspil   localusers     230 Oct 29 15:27 rootScript.C
copy the file back to the /localgrid sandbox
