           0             1             1    4.88023965696576749E-053    2.09694713654551928E-053
           1             1             1    2.17279947968105344E-058    1.05790090226322884E-058 1   2           3           4           5           6           7           8
           2             1             1     0.0000000000000000          0.0000000000000000      1   2           3           4           5           6           8           7
           3             1             1     0.0000000000000000          0.0000000000000000      1   2           3           4           5           7           6           8
           4             1             1     0.0000000000000000          0.0000000000000000      1   2           3           4           5           7           8           6
           5             1             1    1.69070945366185214E-054    6.46533107849555898E-055 1   2           3           4           5           8           6           7
           6             1             1    4.95574958939384236E-054    3.43068078474849936E-054 1   2           3           4           5           8           7           6
           7             1             1    4.40554529741138115E-057    1.67385884270500506E-057 1   2           6           4           5           3           7           8
           8             1             1    1.05039695476180779E-055    5.96646476488020863E-056 1   2           6           4           5           3           8           7
           9             1             1     0.0000000000000000          0.0000000000000000      1   2           6           4           5           7           3           8
          10             1             1     0.0000000000000000          0.0000000000000000      1   2           6           4           5           7           8           3
          11             1             1    6.34591417590554349E-054    2.16579051660579507E-054 1   2           6           4           5           8           3           7
          12             1             1    5.91830981379362657E-054    2.04895705082370420E-054 1   2           6           4           5           8           7           3
          13             1             1     0.0000000000000000          0.0000000000000000      1   2           7           4           5           3           6           8
          14             1             1     0.0000000000000000          0.0000000000000000      1   2           7           4           5           3           8           6
          15             1             1     0.0000000000000000          0.0000000000000000      1   2           7           4           5           6           3           8
          16             1             1     0.0000000000000000          0.0000000000000000      1   2           7           4           5           6           8           3
          17             1             1     0.0000000000000000          0.0000000000000000      1   2           7           4           5           8           3           6
          18             1             1     0.0000000000000000          0.0000000000000000      1   2           7           4           5           8           6           3
          19             1             1    4.91735508312925032E-056    2.09034469991933498E-056 1   2           8           4           5           3           6           7
          20             1             1    1.80238339034742036E-053    9.72414219287526006E-054 1   2           8           4           5           3           7           6
          21             1             1     0.0000000000000000          0.0000000000000000      1   2           8           4           5           6           3           7
          22             1             1     0.0000000000000000          0.0000000000000000      1   2           8           4           5           6           7           3
          23             1             1     0.0000000000000000          0.0000000000000000      1   2           8           4           5           7           3           6
          24             1             1     0.0000000000000000          0.0000000000000000      1   2           8           4           5           7           6           3
           0             2             1    4.84160736397806099E-052    1.20118610068178825E-052
           1             2             1     0.0000000000000000          0.0000000000000000      1   2           3           4           5           6           7           8
           2             2             1     0.0000000000000000          0.0000000000000000      1   2           3           4           5           6           8           7
           3             2             1     0.0000000000000000          0.0000000000000000      1   2           3           4           5           7           6           8
           4             2             1     0.0000000000000000          0.0000000000000000      1   2           3           4           5           7           8           6
           5             2             1    4.77349577666217928E-053    2.86884540130355667E-053 1   2           3           4           5           8           6           7
           6             2             1    1.93602302491668159E-052    6.81831330298561123E-053 1   2           3           4           5           8           7           6
           7             2             1    1.73871767682849160E-054    8.06824670188455175E-055 1   2           6           4           5           3           7           8
           8             2             1    9.27556884708760088E-057    3.96972934753446543E-057 1   2           6           4           5           3           8           7
           9             2             1     0.0000000000000000          0.0000000000000000      1   2           6           4           5           7           3           8
          10             2             1     0.0000000000000000          0.0000000000000000      1   2           6           4           5           7           8           3
          11             2             1    6.17366677347531157E-056    3.53999293255674526E-056 1   2           6           4           5           8           3           7
          12             2             1    5.39845575708674501E-053    3.76313911801188112E-053 1   2           6           4           5           8           7           3
          13             2             1     0.0000000000000000          0.0000000000000000      1   2           7           4           5           3           6           8
          14             2             1     0.0000000000000000          0.0000000000000000      1   2           7           4           5           3           8           6
          15             2             1     0.0000000000000000          0.0000000000000000      1   2           7           4           5           6           3           8
          16             2             1     0.0000000000000000          0.0000000000000000      1   2           7           4           5           6           8           3
          17             2             1     0.0000000000000000          0.0000000000000000      1   2           7           4           5           8           3           6
          18             2             1     0.0000000000000000          0.0000000000000000      1   2           7           4           5           8           6           3
          19             2             1    5.32972484576222943E-053    2.35319229891778074E-053 1   2           8           4           5           3           6           7
          20             2             1    1.41106655923519236E-052    7.15009860031311521E-053 1   2           8           4           5           3           7           6
          21             2             1     0.0000000000000000          0.0000000000000000      1   2           8           4           5           6           3           7
          22             2             1     0.0000000000000000          0.0000000000000000      1   2           8           4           5           6           7           3
