           0             1             1    8.78831176357091677E-024    8.58547831185122937E-025
           1             1             1    2.46783888917467294E-024    4.74767299180118995E-025 1   2           3           4           5           6           7           8
           2             1             1    5.78081467615175338E-024    5.42239257061577298E-025 1   2           3           4           5           6           8           7
           3             1             1    3.94572882602137788E-026    2.30732035234093727E-026 1   2           3           4           5           7           6           8
           4             1             1    1.40159679911048988E-025    7.46612219482908343E-026 1   2           3           4           5           7           8           6
           5             1             1     0.0000000000000000          0.0000000000000000      1   2           3           4           5           8           6           7
           6             1             1     0.0000000000000000          0.0000000000000000      1   2           3           4           5           8           7           6
           7             1             1     0.0000000000000000          0.0000000000000000      1   2           6           4           5           3           7           8
           8             1             1     0.0000000000000000          0.0000000000000000      1   2           6           4           5           3           8           7
           9             1             1     0.0000000000000000          0.0000000000000000      1   2           6           4           5           7           3           8
          10             1             1     0.0000000000000000          0.0000000000000000      1   2           6           4           5           7           8           3
          11             1             1     0.0000000000000000          0.0000000000000000      1   2           6           4           5           8           3           7
          12             1             1     0.0000000000000000          0.0000000000000000      1   2           6           4           5           8           7           3
          13             1             1     0.0000000000000000          0.0000000000000000      1   2           7           4           5           3           6           8
          14             1             1     0.0000000000000000          0.0000000000000000      1   2           7           4           5           3           8           6
          15             1             1     0.0000000000000000          0.0000000000000000      1   2           7           4           5           6           3           8
          16             1             1     0.0000000000000000          0.0000000000000000      1   2           7           4           5           6           8           3
          17             1             1     0.0000000000000000          0.0000000000000000      1   2           7           4           5           8           3           6
          18             1             1     0.0000000000000000          0.0000000000000000      1   2           7           4           5           8           6           3
          19             1             1     0.0000000000000000          0.0000000000000000      1   2           8           4           5           3           6           7
          20             1             1     0.0000000000000000          0.0000000000000000      1   2           8           4           5           3           7           6
          21             1             1     0.0000000000000000          0.0000000000000000      1   2           8           4           5           6           3           7
          22             1             1     0.0000000000000000          0.0000000000000000      1   2           8           4           5           6           7           3
          23             1             1     0.0000000000000000          0.0000000000000000      1   2           8           4           5           7           3           6
          24             1             1     0.0000000000000000          0.0000000000000000      1   2           8           4           5           7           6           3
           0             2             1    5.38391438309645881E-024    4.07711848797851545E-025
           1             2             1    1.34868690564897224E-024    2.48122643565664113E-025 1   2           3           4           5           6           7           8
           2             2             1    3.84314863894812021E-024    2.73918434977607526E-025 1   2           3           4           5           6           8           7
           3             2             1    5.50782248991626105E-026    3.63995585657083996E-026 1   2           3           4           5           7           6           8
           4             2             1    1.37261288087277654E-026    7.33212775731980090E-027 1   2           3           4           5           7           8           6
           5             2             1     0.0000000000000000          0.0000000000000000      1   2           3           4           5           8           6           7
           6             2             1     0.0000000000000000          0.0000000000000000      1   2           3           4           5           8           7           6
           7             2             1     0.0000000000000000          0.0000000000000000      1   2           6           4           5           3           7           8
           8             2             1     0.0000000000000000          0.0000000000000000      1   2           6           4           5           3           8           7
           9             2             1     0.0000000000000000          0.0000000000000000      1   2           6           4           5           7           3           8
          10             2             1     0.0000000000000000          0.0000000000000000      1   2           6           4           5           7           8           3
          11             2             1     0.0000000000000000          0.0000000000000000      1   2           6           4           5           8           3           7
          12             2             1     0.0000000000000000          0.0000000000000000      1   2           6           4           5           8           7           3
          13             2             1     0.0000000000000000          0.0000000000000000      1   2           7           4           5           3           6           8
          14             2             1     0.0000000000000000          0.0000000000000000      1   2           7           4           5           3           8           6
          15             2             1     0.0000000000000000          0.0000000000000000      1   2           7           4           5           6           3           8
          16             2             1     0.0000000000000000          0.0000000000000000      1   2           7           4           5           6           8           3
          17             2             1     0.0000000000000000          0.0000000000000000      1   2           7           4           5           8           3           6
          18             2             1     0.0000000000000000          0.0000000000000000      1   2           7           4           5           8           6           3
          19             2             1     0.0000000000000000          0.0000000000000000      1   2           8           4           5           3           6           7
          20             2             1     0.0000000000000000          0.0000000000000000      1   2           8           4           5           3           7           6
          21             2             1     0.0000000000000000          0.0000000000000000      1   2           8           4           5           6           3           7
          22             2             1     0.0000000000000000          0.0000000000000000      1   2           8           4           5           6           7           3
