           0             1             1    2.10853081892381269E-025    3.37908117723762772E-026
           1             1             1    7.16699189225391191E-026    2.03204565608401660E-026 1   2           3           4           5           6           7           8
           2             1             1    1.40923367371960481E-025    2.69930070998064859E-026 1   2           3           4           5           6           8           7
           3             1             1     0.0000000000000000          0.0000000000000000      1   2           3           4           5           7           6           8
           4             1             1    4.62022839165860432E-036    3.24587013008506207E-036 1   2           3           4           5           7           8           6
           5             1             1     0.0000000000000000          0.0000000000000000      1   2           3           4           5           8           6           7
           6             1             1     0.0000000000000000          0.0000000000000000      1   2           3           4           5           8           7           6
           7             1             1     0.0000000000000000          0.0000000000000000      1   2           6           4           5           3           7           8
           8             1             1    8.72544951365920941E-029    5.00560622684223113E-029 1   2           6           4           5           3           8           7
           9             1             1     0.0000000000000000          0.0000000000000000      1   2           6           4           5           7           3           8
          10             1             1     0.0000000000000000          0.0000000000000000      1   2           6           4           5           7           8           3
          11             1             1     0.0000000000000000          0.0000000000000000      1   2           6           4           5           8           3           7
          12             1             1     0.0000000000000000          0.0000000000000000      1   2           6           4           5           8           7           3
          13             1             1     0.0000000000000000          0.0000000000000000      1   2           7           4           5           3           6           8
          14             1             1     0.0000000000000000          0.0000000000000000      1   2           7           4           5           3           8           6
          15             1             1     0.0000000000000000          0.0000000000000000      1   2           7           4           5           6           3           8
          16             1             1     0.0000000000000000          0.0000000000000000      1   2           7           4           5           6           8           3
          17             1             1     0.0000000000000000          0.0000000000000000      1   2           7           4           5           8           3           6
          18             1             1     0.0000000000000000          0.0000000000000000      1   2           7           4           5           8           6           3
          19             1             1     0.0000000000000000          0.0000000000000000      1   2           8           4           5           3           6           7
          20             1             1     0.0000000000000000          0.0000000000000000      1   2           8           4           5           3           7           6
          21             1             1     0.0000000000000000          0.0000000000000000      1   2           8           4           5           6           3           7
          22             1             1     0.0000000000000000          0.0000000000000000      1   2           8           4           5           6           7           3
          23             1             1     0.0000000000000000          0.0000000000000000      1   2           8           4           5           7           3           6
          24             1             1     0.0000000000000000          0.0000000000000000      1   2           8           4           5           7           6           3
           0             2             1    2.37227162153383983E-024    3.21882382556438232E-025
           1             2             1    1.03853776234273958E-024    1.16853499781932344E-025 1   2           3           4           5           6           7           8
           2             2             1    9.76602620902719715E-025    1.24102775132696400E-025 1   2           3           4           5           6           8           7
           3             2             1    1.45931730249051356E-029    8.14979197851596163E-030 1   2           3           4           5           7           6           8
           4             2             1    2.33133298271544561E-029    1.63068957504263148E-029 1   2           3           4           5           7           8           6
           5             2             1    1.74089078284432213E-026    1.21267456724124813E-026 1   2           3           4           5           8           6           7
           6             2             1    4.31135527252317456E-043    2.70760937602655560E-043 1   2           3           4           5           8           7           6
           7             2             1     0.0000000000000000          0.0000000000000000      1   2           6           4           5           3           7           8
           8             2             1     0.0000000000000000          0.0000000000000000      1   2           6           4           5           3           8           7
           9             2             1     0.0000000000000000          0.0000000000000000      1   2           6           4           5           7           3           8
          10             2             1     0.0000000000000000          0.0000000000000000      1   2           6           4           5           7           8           3
          11             2             1     0.0000000000000000          0.0000000000000000      1   2           6           4           5           8           3           7
          12             2             1     0.0000000000000000          0.0000000000000000      1   2           6           4           5           8           7           3
          13             2             1     0.0000000000000000          0.0000000000000000      1   2           7           4           5           3           6           8
          14             2             1     0.0000000000000000          0.0000000000000000      1   2           7           4           5           3           8           6
          15             2             1     0.0000000000000000          0.0000000000000000      1   2           7           4           5           6           3           8
          16             2             1     0.0000000000000000          0.0000000000000000      1   2           7           4           5           6           8           3
          17             2             1     0.0000000000000000          0.0000000000000000      1   2           7           4           5           8           3           6
          18             2             1     0.0000000000000000          0.0000000000000000      1   2           7           4           5           8           6           3
          19             2             1     0.0000000000000000          0.0000000000000000      1   2           8           4           5           3           6           7
          20             2             1     0.0000000000000000          0.0000000000000000      1   2           8           4           5           3           7           6
          21             2             1     0.0000000000000000          0.0000000000000000      1   2           8           4           5           6           3           7
          22             2             1     0.0000000000000000          0.0000000000000000      1   2           8           4           5           6           7           3
